  [4;36;1mSQL (0.3ms)[0m   [0;1m SELECT name
 FROM sqlite_master
 WHERE type = 'table' AND NOT name = 'sqlite_sequence'
[0m
  [4;35;1mSQL (0.1ms)[0m   [0mselect sqlite_version(*)[0m
  [4;36;1mSQL (201.6ms)[0m   [0;1mCREATE TABLE "schema_migrations" ("version" varchar(255) NOT NULL) [0m
  [4;35;1mSQL (263.0ms)[0m   [0mCREATE UNIQUE INDEX "unique_schema_migrations" ON "schema_migrations" ("version")[0m
  [4;36;1mSQL (0.2ms)[0m   [0;1m SELECT name
 FROM sqlite_master
 WHERE type = 'table' AND NOT name = 'sqlite_sequence'
[0m
  [4;35;1mSQL (0.1ms)[0m   [0mSELECT version FROM schema_migrations[0m
Migrating to CreatePosts (20091016105540)
  [4;36;1mSQL (0.3ms)[0m   [0;1mCREATE TABLE "posts" ("id" INTEGER PRIMARY KEY AUTOINCREMENT NOT NULL, "title" varchar(255), "body" text, "status" varchar(255), "announcement" text, "created_at" datetime, "updated_at" datetime) [0m
  [4;35;1mSQL (0.1ms)[0m   [0mINSERT INTO schema_migrations (version) VALUES ('20091016105540')[0m
  [4;36;1mSQL (0.2ms)[0m   [0;1m SELECT name
 FROM sqlite_master
 WHERE type = 'table' AND NOT name = 'sqlite_sequence'
[0m
  [4;35;1mSQL (0.1ms)[0m   [0mSELECT version FROM schema_migrations[0m
  [4;36;1mSQL (0.1ms)[0m   [0;1m SELECT name
 FROM sqlite_master
 WHERE type = 'table' AND NOT name = 'sqlite_sequence'
[0m
  [4;35;1mSQL (0.0ms)[0m   [0mPRAGMA index_list("posts")[0m


Processing Rails::InfoController#properties (for 127.0.0.1 at 2009-10-16 14:57:32) [GET]
  [4;36;1mSQL (0.6ms)[0m   [0;1m SELECT name
 FROM sqlite_master
 WHERE type = 'table' AND NOT name = 'sqlite_sequence'
[0m
  [4;35;1mSQL (0.1ms)[0m   [0mSELECT version FROM schema_migrations[0m
Completed in 63ms (View: 14, DB: 1) | 200 OK [http://localhost/rails/info/properties]


Processing PostsController#index (for 127.0.0.1 at 2009-10-16 14:57:54) [GET]
  [4;36;1mPost Load (0.3ms)[0m   [0;1mSELECT * FROM "posts" [0m
Rendering template within layouts/posts
Rendering posts/index
Completed in 29ms (View: 25, DB: 0) | 200 OK [http://localhost/posts]


Processing PostsController#new (for 127.0.0.1 at 2009-10-16 14:57:57) [GET]
Rendering template within layouts/posts
Rendering posts/new
Completed in 14ms (View: 10, DB: 0) | 200 OK [http://localhost/posts/new]


Processing PostsController#create (for 127.0.0.1 at 2009-10-16 14:59:10) [POST]
  Parameters: {"commit"=>"Create", "post"=>{"body"=>"aaaa", "title"=>"test", "announcement"=>"aa", "status"=>"published"}, "authenticity_token"=>"7FWtnp9hkfYyIhvtkDdq4cnSyvvjgWHYLL0csyQiKXw="}
  [4;35;1mPost Create (0.4ms)[0m   [0mINSERT INTO "posts" ("created_at", "title", "body", "updated_at", "status", "announcement") VALUES('2009-10-16 10:59:10', 'test', 'aaaa', '2009-10-16 10:59:10', 'published', 'aa')[0m
Redirected to http://localhost:3000/posts/1
Completed in 139ms (DB: 0) | 302 Found [http://localhost/posts]


Processing PostsController#show (for 127.0.0.1 at 2009-10-16 14:59:11) [GET]
  Parameters: {"id"=>"1"}
  [4;36;1mPost Load (0.2ms)[0m   [0;1mSELECT * FROM "posts" WHERE ("posts"."id" = 1) [0m
Rendering template within layouts/posts
Rendering posts/show
Completed in 11ms (View: 6, DB: 0) | 200 OK [http://localhost/posts/1]


Processing PostsController#index (for 127.0.0.1 at 2009-10-16 14:59:18) [GET]
  [4;35;1mPost Load (0.5ms)[0m   [0mSELECT * FROM "posts" [0m
Rendering template within layouts/posts
Rendering posts/index
Completed in 11ms (View: 7, DB: 1) | 200 OK [http://localhost/posts/]
  [4;36;1mSQL (0.6ms)[0m   [0;1m SELECT name
 FROM sqlite_master
 WHERE type = 'table' AND NOT name = 'sqlite_sequence'
[0m
  [4;35;1mSQL (0.1ms)[0m   [0mSELECT version FROM schema_migrations[0m
Migrating to CreatePosts (20091016105540)
Migrating to CreateBlogParameters (20091016111255)
  [4;36;1mSQL (0.1ms)[0m   [0;1mselect sqlite_version(*)[0m
  [4;35;1mSQL (0.5ms)[0m   [0mCREATE TABLE "blog_parameters" ("id" INTEGER PRIMARY KEY AUTOINCREMENT NOT NULL, "key" varchar(255), "value" varchar(255), "created_at" datetime, "updated_at" datetime) [0m
  [4;36;1mSQL (0.1ms)[0m   [0;1mINSERT INTO schema_migrations (version) VALUES ('20091016111255')[0m
  [4;35;1mSQL (0.3ms)[0m   [0m SELECT name
 FROM sqlite_master
 WHERE type = 'table' AND NOT name = 'sqlite_sequence'
[0m
  [4;36;1mSQL (0.1ms)[0m   [0;1mSELECT version FROM schema_migrations[0m
  [4;35;1mSQL (0.2ms)[0m   [0m SELECT name
 FROM sqlite_master
 WHERE type = 'table' AND NOT name = 'sqlite_sequence'
[0m
  [4;36;1mSQL (0.1ms)[0m   [0;1mPRAGMA index_list("blog_parameters")[0m
  [4;35;1mSQL (0.1ms)[0m   [0mPRAGMA index_list("posts")[0m


Processing ApplicationController#index (for 127.0.0.1 at 2009-10-16 15:14:42) [GET]

ActionController::RoutingError (No route matches "/" with {:method=>:get}):
  

Rendering rescues/layout (not_found)


Processing ApplicationController#index (for 127.0.0.1 at 2009-10-16 15:14:42) [GET]

ActionController::RoutingError (No route matches "/" with {:method=>:get}):
  

Rendering rescues/layout (not_found)


Processing ApplicationController#index (for 127.0.0.1 at 2009-10-16 15:14:43) [GET]

ActionController::RoutingError (No route matches "/" with {:method=>:get}):
  

Rendering rescues/layout (not_found)


Processing ApplicationController#index (for 127.0.0.1 at 2009-10-16 15:14:43) [GET]

ActionController::RoutingError (No route matches "/" with {:method=>:get}):
  

Rendering rescues/layout (not_found)


Processing ApplicationController#index (for 127.0.0.1 at 2009-10-16 15:14:43) [GET]

ActionController::RoutingError (No route matches "/" with {:method=>:get}):
  

Rendering rescues/layout (not_found)


Processing HomeController#index (for 127.0.0.1 at 2009-10-16 15:15:45) [GET]

ActionController::UnknownAction (No action responded to index. Actions: ):
  

Rendering rescues/layout (not_found)


Processing HomeController#index (for 127.0.0.1 at 2009-10-16 15:18:38) [GET]

ActionView::MissingTemplate (Missing template home/index.erb in view path app/views):
  

Rendering rescues/layout (internal_server_error)


Processing HomeController#index (for 127.0.0.1 at 2009-10-16 15:18:39) [GET]

ActionView::MissingTemplate (Missing template home/index.erb in view path app/views):
  

Rendering rescues/layout (internal_server_error)


Processing HomeController#index (for 127.0.0.1 at 2009-10-16 15:19:25) [GET]

ActionView::MissingTemplate (Missing template home/index.erb in view path app/views):
  

Rendering rescues/layout (internal_server_error)


Processing HomeController#index (for 127.0.0.1 at 2009-10-16 15:19:34) [GET]

ActionView::MissingTemplate (Missing template home/index.erb in view path app/views):
  

Rendering rescues/layout (internal_server_error)


Processing HomeController#index (for 127.0.0.1 at 2009-10-16 15:19:34) [GET]

ActionView::MissingTemplate (Missing template home/index.erb in view path app/views):
  

Rendering rescues/layout (internal_server_error)


Processing HomeController#index (for 127.0.0.1 at 2009-10-16 15:19:35) [GET]

ActionView::MissingTemplate (Missing template home/index.erb in view path app/views):
  

Rendering rescues/layout (internal_server_error)


Processing HomeController#index (for 127.0.0.1 at 2009-10-16 15:19:35) [GET]

ActionView::MissingTemplate (Missing template home/index.erb in view path app/views):
  

Rendering rescues/layout (internal_server_error)


Processing HomeController#index (for 127.0.0.1 at 2009-10-16 15:24:41) [GET]
Rendering home/index
Completed in 7ms (View: 5, DB: 0) | 200 OK [http://localhost/]


Processing HomeController#index (for 127.0.0.1 at 2009-10-16 15:24:41) [GET]
Rendering home/index
Completed in 2ms (View: 1, DB: 0) | 200 OK [http://localhost/]


Processing HomeController#index (for 127.0.0.1 at 2009-10-16 15:25:17) [GET]
Rendering home/index
Completed in 6ms (View: 4, DB: 0) | 200 OK [http://localhost/]


Processing HomeController#index (for 127.0.0.1 at 2009-10-16 15:26:30) [GET]
  [4;36;1mPost Load (0.3ms)[0m   [0;1mSELECT * FROM "posts" WHERE ("posts"."status" = 'published') [0m
Rendering home/index
Completed in 69ms (View: 6, DB: 0) | 200 OK [http://localhost/]


Processing HomeController#index (for 127.0.0.1 at 2009-10-16 15:26:30) [GET]
  [4;35;1mPost Load (0.3ms)[0m   [0mSELECT * FROM "posts" WHERE ("posts"."status" = 'published') [0m
Rendering home/index
Completed in 7ms (View: 2, DB: 0) | 200 OK [http://localhost/]


Processing HomeController#index (for 127.0.0.1 at 2009-10-16 15:28:14) [GET]
  [4;36;1mPost Load (0.2ms)[0m   [0;1mSELECT * FROM "posts" WHERE ("posts"."status" = 'published') [0m
Rendering home/index
ERROR: compiling _run_haml_app47views47home47index46html46haml RAISED compile error
/home/igor/workspace_web/rblog/app/views/home/index.html.haml:4: syntax error, unexpected tIDENTIFIER, expecting '}'
Function body:           def _run_haml_app47views47home47index46html46haml(local_assigns)
            old_output_buffer = output_buffer;;extend Haml::Helpers;_hamlout = @haml_buffer = Haml::Buffer.new(@haml_buffer, {:encoding=>nil, :attr_wrapper=>"'", :autoclose=>["meta", "img", "link", "br", "hr", "input", "area", "param", "col", "base"], :format=>:xhtml, :ugly=>false, :preserve=>["textarea", "pre"]});_erbout = _hamlout.buffer;__in_erb_template = true;;for post in @posts;
_hamlout.push_text("#{haml_temp = post.announcement
_hamlout.format_script_false_false_false_false_false_true_false((haml_very_temp = haml_temp; haml_temp = nil; haml_very_temp));}\n#{haml_temp = post.created_at
_hamlout.format_script_false_false_false_false_false_true_false((haml_very_temp = haml_temp; haml_temp = nil; haml_very_temp));}\n#{haml_temp = link_to "Ð§Ð¸Ñ‚Ð°Ñ‚ÑŒ Ð¿Ð¾Ð»Ð½Ð¾ÑÑ‚ÑŒÑŽ" post
_hamlout.format_script_false_false_false_false_false_true_false((haml_very_temp = haml_temp; haml_temp = nil; haml_very_temp));}\n", 0, false);end;@haml_buffer = @haml_buffer.upper;_erbout;
          ensure
            self.output_buffer = old_output_buffer
          end
Backtrace: /home/igor/workspace_web/rblog/app/views/home/index.html.haml:8:in `compile!'
/usr/lib/ruby/gems/1.8/gems/actionpack-2.3.4/lib/action_view/renderable.rb:61:in `compile'
/usr/lib/ruby/gems/1.8/gems/actionpack-2.3.4/lib/action_view/renderable.rb:28:in `render'
/usr/lib/ruby/gems/1.8/gems/actionpack-2.3.4/lib/action_view/template.rb:199:in `render_template'
/usr/lib/ruby/gems/1.8/gems/actionpack-2.3.4/lib/action_view/base.rb:260:in `render_without_haml'
/usr/lib/ruby/gems/1.8/gems/haml-2.2.2/lib/haml/helpers/action_view_mods.rb:13:in `render'
/usr/lib/ruby/gems/1.8/gems/actionpack-2.3.4/lib/action_controller/base.rb:1250:in `render_for_file'
/usr/lib/ruby/gems/1.8/gems/actionpack-2.3.4/lib/action_controller/base.rb:945:in `render_without_benchmark'
/usr/lib/ruby/gems/1.8/gems/actionpack-2.3.4/lib/action_controller/benchmarking.rb:51:in `render'
/usr/lib/ruby/gems/1.8/gems/activesupport-2.3.4/lib/active_support/core_ext/benchmark.rb:17:in `ms'
/usr/lib/ruby/1.8/benchmark.rb:308:in `realtime'
/usr/lib/ruby/gems/1.8/gems/activesupport-2.3.4/lib/active_support/core_ext/benchmark.rb:17:in `ms'
/usr/lib/ruby/gems/1.8/gems/actionpack-2.3.4/lib/action_controller/benchmarking.rb:51:in `render'
/usr/lib/ruby/gems/1.8/gems/actionpack-2.3.4/lib/action_controller/base.rb:1326:in `default_render'
/usr/lib/ruby/gems/1.8/gems/actionpack-2.3.4/lib/action_controller/base.rb:1332:in `perform_action_without_filters'
/usr/lib/ruby/gems/1.8/gems/actionpack-2.3.4/lib/action_controller/filters.rb:617:in `call_filters'
/usr/lib/ruby/gems/1.8/gems/actionpack-2.3.4/lib/action_controller/filters.rb:610:in `perform_action_without_benchmark'
/usr/lib/ruby/gems/1.8/gems/actionpack-2.3.4/lib/action_controller/benchmarking.rb:68:in `perform_action_without_rescue'
/usr/lib/ruby/gems/1.8/gems/activesupport-2.3.4/lib/active_support/core_ext/benchmark.rb:17:in `ms'
/usr/lib/ruby/1.8/benchmark.rb:308:in `realtime'
/usr/lib/ruby/gems/1.8/gems/activesupport-2.3.4/lib/active_support/core_ext/benchmark.rb:17:in `ms'
/usr/lib/ruby/gems/1.8/gems/actionpack-2.3.4/lib/action_controller/benchmarking.rb:68:in `perform_action_without_rescue'
/usr/lib/ruby/gems/1.8/gems/actionpack-2.3.4/lib/action_controller/rescue.rb:160:in `perform_action_without_flash'
/usr/lib/ruby/gems/1.8/gems/actionpack-2.3.4/lib/action_controller/flash.rb:146:in `perform_action'
/usr/lib/ruby/gems/1.8/gems/actionpack-2.3.4/lib/action_controller/base.rb:532:in `send'
/usr/lib/ruby/gems/1.8/gems/actionpack-2.3.4/lib/action_controller/base.rb:532:in `process_without_filters'
/usr/lib/ruby/gems/1.8/gems/actionpack-2.3.4/lib/action_controller/filters.rb:606:in `sass_old_process'
/usr/lib/ruby/gems/1.8/gems/haml-2.2.2/rails/../lib/sass/plugin/rails.rb:19:in `process'
/usr/lib/ruby/gems/1.8/gems/actionpack-2.3.4/lib/action_controller/base.rb:391:in `process'
/usr/lib/ruby/gems/1.8/gems/actionpack-2.3.4/lib/action_controller/base.rb:386:in `call'
/usr/lib/ruby/gems/1.8/gems/actionpack-2.3.4/lib/action_controller/routing/route_set.rb:437:in `call'
/usr/lib/ruby/gems/1.8/gems/actionpack-2.3.4/lib/action_controller/dispatcher.rb:87:in `dispatch'
/usr/lib/ruby/gems/1.8/gems/actionpack-2.3.4/lib/action_controller/dispatcher.rb:121:in `_call'
/usr/lib/ruby/gems/1.8/gems/actionpack-2.3.4/lib/action_controller/dispatcher.rb:130:in `build_middleware_stack'
/usr/lib/ruby/gems/1.8/gems/activerecord-2.3.4/lib/active_record/query_cache.rb:29:in `call'
/usr/lib/ruby/gems/1.8/gems/activerecord-2.3.4/lib/active_record/query_cache.rb:29:in `call'
/usr/lib/ruby/gems/1.8/gems/activerecord-2.3.4/lib/active_record/connection_adapters/abstract/query_cache.rb:34:in `cache'
/usr/lib/ruby/gems/1.8/gems/activerecord-2.3.4/lib/active_record/query_cache.rb:9:in `cache'
/usr/lib/ruby/gems/1.8/gems/activerecord-2.3.4/lib/active_record/query_cache.rb:28:in `call'
/usr/lib/ruby/gems/1.8/gems/activerecord-2.3.4/lib/active_record/connection_adapters/abstract/connection_pool.rb:361:in `call'
/usr/lib/ruby/gems/1.8/gems/rack-1.0.0/lib/rack/head.rb:9:in `call'
/usr/lib/ruby/gems/1.8/gems/rack-1.0.0/lib/rack/methodoverride.rb:24:in `call'
/usr/lib/ruby/gems/1.8/gems/actionpack-2.3.4/lib/action_controller/params_parser.rb:15:in `call'
/usr/lib/ruby/gems/1.8/gems/actionpack-2.3.4/lib/action_controller/session/cookie_store.rb:93:in `call'
/usr/lib/ruby/gems/1.8/gems/actionpack-2.3.4/lib/action_controller/failsafe.rb:26:in `call'
/usr/lib/ruby/gems/1.8/gems/rack-1.0.0/lib/rack/lock.rb:11:in `call'
/usr/lib/ruby/gems/1.8/gems/rack-1.0.0/lib/rack/lock.rb:11:in `synchronize'
/usr/lib/ruby/gems/1.8/gems/rack-1.0.0/lib/rack/lock.rb:11:in `call'
/usr/lib/ruby/gems/1.8/gems/actionpack-2.3.4/lib/action_controller/dispatcher.rb:114:in `call'
/usr/lib/ruby/gems/1.8/gems/actionpack-2.3.4/lib/action_controller/reloader.rb:34:in `run'
/usr/lib/ruby/gems/1.8/gems/actionpack-2.3.4/lib/action_controller/dispatcher.rb:108:in `call'
/usr/lib/ruby/gems/1.8/gems/rails-2.3.4/lib/rails/rack/static.rb:31:in `call'
/usr/lib/ruby/gems/1.8/gems/rack-1.0.0/lib/rack/urlmap.rb:46:in `call'
/usr/lib/ruby/gems/1.8/gems/rack-1.0.0/lib/rack/urlmap.rb:40:in `each'
/usr/lib/ruby/gems/1.8/gems/rack-1.0.0/lib/rack/urlmap.rb:40:in `call'
/usr/lib/ruby/gems/1.8/gems/rails-2.3.4/lib/rails/rack/log_tailer.rb:17:in `call'
/usr/lib/ruby/gems/1.8/gems/rack-1.0.0/lib/rack/content_length.rb:13:in `call'
/usr/lib/ruby/gems/1.8/gems/rack-1.0.0/lib/rack/chunked.rb:15:in `call'
/usr/lib/ruby/gems/1.8/gems/rack-1.0.0/lib/rack/handler/mongrel.rb:61:in `process'
/usr/lib/ruby/gems/1.8/gems/mongrel-1.1.5/lib/mongrel.rb:159:in `process_client'
/usr/lib/ruby/gems/1.8/gems/mongrel-1.1.5/lib/mongrel.rb:158:in `each'
/usr/lib/ruby/gems/1.8/gems/mongrel-1.1.5/lib/mongrel.rb:158:in `process_client'
/usr/lib/ruby/gems/1.8/gems/mongrel-1.1.5/lib/mongrel.rb:285:in `run'
/usr/lib/ruby/gems/1.8/gems/mongrel-1.1.5/lib/mongrel.rb:285:in `initialize'
/usr/lib/ruby/gems/1.8/gems/mongrel-1.1.5/lib/mongrel.rb:285:in `new'
/usr/lib/ruby/gems/1.8/gems/mongrel-1.1.5/lib/mongrel.rb:285:in `run'
/usr/lib/ruby/gems/1.8/gems/mongrel-1.1.5/lib/mongrel.rb:268:in `initialize'
/usr/lib/ruby/gems/1.8/gems/mongrel-1.1.5/lib/mongrel.rb:268:in `new'
/usr/lib/ruby/gems/1.8/gems/mongrel-1.1.5/lib/mongrel.rb:268:in `run'
/usr/lib/ruby/gems/1.8/gems/rack-1.0.0/lib/rack/handler/mongrel.rb:34:in `run'
/usr/lib/ruby/gems/1.8/gems/rails-2.3.4/lib/commands/server.rb:111
/usr/lib/ruby/site_ruby/1.8/rubygems/custom_require.rb:31:in `gem_original_require'
/usr/lib/ruby/site_ruby/1.8/rubygems/custom_require.rb:31:in `require'
./script/server:3

ActionView::TemplateError (compile error
/home/igor/workspace_web/rblog/app/views/home/index.html.haml:4: syntax error, unexpected tIDENTIFIER, expecting '}') on line #4 of app/views/home/index.html.haml:
1: -for post in @posts
2:     =post.announcement
3:     =post.created_at
4:     =link_to "Ð§Ð¸Ñ‚Ð°Ñ‚ÑŒ Ð¿Ð¾Ð»Ð½Ð¾ÑÑ‚ÑŒÑŽ" post

    app/views/home/index.html.haml:8:in `compile!'
    haml (2.2.2) lib/haml/helpers/action_view_mods.rb:13:in `render'
    haml (2.2.2) rails/./lib/sass/plugin/rails.rb:19:in `process'

Rendered rescues/_trace (35.4ms)
Rendered rescues/_request_and_response (1.3ms)
Rendering rescues/layout (internal_server_error)


Processing HomeController#index (for 127.0.0.1 at 2009-10-16 15:28:14) [GET]
  [4;35;1mPost Load (0.3ms)[0m   [0mSELECT * FROM "posts" WHERE ("posts"."status" = 'published') [0m
Rendering home/index
ERROR: compiling _run_haml_app47views47home47index46html46haml RAISED compile error
/home/igor/workspace_web/rblog/app/views/home/index.html.haml:4: syntax error, unexpected tIDENTIFIER, expecting '}'
Function body:           def _run_haml_app47views47home47index46html46haml(local_assigns)
            old_output_buffer = output_buffer;;extend Haml::Helpers;_hamlout = @haml_buffer = Haml::Buffer.new(@haml_buffer, {:encoding=>nil, :attr_wrapper=>"'", :autoclose=>["meta", "img", "link", "br", "hr", "input", "area", "param", "col", "base"], :format=>:xhtml, :ugly=>false, :preserve=>["textarea", "pre"]});_erbout = _hamlout.buffer;__in_erb_template = true;;for post in @posts;
_hamlout.push_text("#{haml_temp = post.announcement
_hamlout.format_script_false_false_false_false_false_true_false((haml_very_temp = haml_temp; haml_temp = nil; haml_very_temp));}\n#{haml_temp = post.created_at
_hamlout.format_script_false_false_false_false_false_true_false((haml_very_temp = haml_temp; haml_temp = nil; haml_very_temp));}\n#{haml_temp = link_to "Ð§Ð¸Ñ‚Ð°Ñ‚ÑŒ Ð¿Ð¾Ð»Ð½Ð¾ÑÑ‚ÑŒÑŽ" post
_hamlout.format_script_false_false_false_false_false_true_false((haml_very_temp = haml_temp; haml_temp = nil; haml_very_temp));}\n", 0, false);end;@haml_buffer = @haml_buffer.upper;_erbout;
          ensure
            self.output_buffer = old_output_buffer
          end
Backtrace: /home/igor/workspace_web/rblog/app/views/home/index.html.haml:8:in `compile!'
/usr/lib/ruby/gems/1.8/gems/actionpack-2.3.4/lib/action_view/renderable.rb:61:in `compile'
/usr/lib/ruby/gems/1.8/gems/actionpack-2.3.4/lib/action_view/renderable.rb:28:in `render'
/usr/lib/ruby/gems/1.8/gems/actionpack-2.3.4/lib/action_view/template.rb:199:in `render_template'
/usr/lib/ruby/gems/1.8/gems/actionpack-2.3.4/lib/action_view/base.rb:260:in `render_without_haml'
/usr/lib/ruby/gems/1.8/gems/haml-2.2.2/lib/haml/helpers/action_view_mods.rb:13:in `render'
/usr/lib/ruby/gems/1.8/gems/actionpack-2.3.4/lib/action_controller/base.rb:1250:in `render_for_file'
/usr/lib/ruby/gems/1.8/gems/actionpack-2.3.4/lib/action_controller/base.rb:945:in `render_without_benchmark'
/usr/lib/ruby/gems/1.8/gems/actionpack-2.3.4/lib/action_controller/benchmarking.rb:51:in `render'
/usr/lib/ruby/gems/1.8/gems/activesupport-2.3.4/lib/active_support/core_ext/benchmark.rb:17:in `ms'
/usr/lib/ruby/1.8/benchmark.rb:308:in `realtime'
/usr/lib/ruby/gems/1.8/gems/activesupport-2.3.4/lib/active_support/core_ext/benchmark.rb:17:in `ms'
/usr/lib/ruby/gems/1.8/gems/actionpack-2.3.4/lib/action_controller/benchmarking.rb:51:in `render'
/usr/lib/ruby/gems/1.8/gems/actionpack-2.3.4/lib/action_controller/base.rb:1326:in `default_render'
/usr/lib/ruby/gems/1.8/gems/actionpack-2.3.4/lib/action_controller/base.rb:1332:in `perform_action_without_filters'
/usr/lib/ruby/gems/1.8/gems/actionpack-2.3.4/lib/action_controller/filters.rb:617:in `call_filters'
/usr/lib/ruby/gems/1.8/gems/actionpack-2.3.4/lib/action_controller/filters.rb:610:in `perform_action_without_benchmark'
/usr/lib/ruby/gems/1.8/gems/actionpack-2.3.4/lib/action_controller/benchmarking.rb:68:in `perform_action_without_rescue'
/usr/lib/ruby/gems/1.8/gems/activesupport-2.3.4/lib/active_support/core_ext/benchmark.rb:17:in `ms'
/usr/lib/ruby/1.8/benchmark.rb:308:in `realtime'
/usr/lib/ruby/gems/1.8/gems/activesupport-2.3.4/lib/active_support/core_ext/benchmark.rb:17:in `ms'
/usr/lib/ruby/gems/1.8/gems/actionpack-2.3.4/lib/action_controller/benchmarking.rb:68:in `perform_action_without_rescue'
/usr/lib/ruby/gems/1.8/gems/actionpack-2.3.4/lib/action_controller/rescue.rb:160:in `perform_action_without_flash'
/usr/lib/ruby/gems/1.8/gems/actionpack-2.3.4/lib/action_controller/flash.rb:146:in `perform_action'
/usr/lib/ruby/gems/1.8/gems/actionpack-2.3.4/lib/action_controller/base.rb:532:in `send'
/usr/lib/ruby/gems/1.8/gems/actionpack-2.3.4/lib/action_controller/base.rb:532:in `process_without_filters'
/usr/lib/ruby/gems/1.8/gems/actionpack-2.3.4/lib/action_controller/filters.rb:606:in `sass_old_process'
/usr/lib/ruby/gems/1.8/gems/haml-2.2.2/rails/../lib/sass/plugin/rails.rb:19:in `process'
/usr/lib/ruby/gems/1.8/gems/actionpack-2.3.4/lib/action_controller/base.rb:391:in `process'
/usr/lib/ruby/gems/1.8/gems/actionpack-2.3.4/lib/action_controller/base.rb:386:in `call'
/usr/lib/ruby/gems/1.8/gems/actionpack-2.3.4/lib/action_controller/routing/route_set.rb:437:in `call'
/usr/lib/ruby/gems/1.8/gems/actionpack-2.3.4/lib/action_controller/dispatcher.rb:87:in `dispatch'
/usr/lib/ruby/gems/1.8/gems/actionpack-2.3.4/lib/action_controller/dispatcher.rb:121:in `_call'
/usr/lib/ruby/gems/1.8/gems/actionpack-2.3.4/lib/action_controller/dispatcher.rb:130:in `build_middleware_stack'
/usr/lib/ruby/gems/1.8/gems/activerecord-2.3.4/lib/active_record/query_cache.rb:29:in `call'
/usr/lib/ruby/gems/1.8/gems/activerecord-2.3.4/lib/active_record/query_cache.rb:29:in `call'
/usr/lib/ruby/gems/1.8/gems/activerecord-2.3.4/lib/active_record/connection_adapters/abstract/query_cache.rb:34:in `cache'
/usr/lib/ruby/gems/1.8/gems/activerecord-2.3.4/lib/active_record/query_cache.rb:9:in `cache'
/usr/lib/ruby/gems/1.8/gems/activerecord-2.3.4/lib/active_record/query_cache.rb:28:in `call'
/usr/lib/ruby/gems/1.8/gems/activerecord-2.3.4/lib/active_record/connection_adapters/abstract/connection_pool.rb:361:in `call'
/usr/lib/ruby/gems/1.8/gems/rack-1.0.0/lib/rack/head.rb:9:in `call'
/usr/lib/ruby/gems/1.8/gems/rack-1.0.0/lib/rack/methodoverride.rb:24:in `call'
/usr/lib/ruby/gems/1.8/gems/actionpack-2.3.4/lib/action_controller/params_parser.rb:15:in `call'
/usr/lib/ruby/gems/1.8/gems/actionpack-2.3.4/lib/action_controller/session/cookie_store.rb:93:in `call'
/usr/lib/ruby/gems/1.8/gems/actionpack-2.3.4/lib/action_controller/failsafe.rb:26:in `call'
/usr/lib/ruby/gems/1.8/gems/rack-1.0.0/lib/rack/lock.rb:11:in `call'
/usr/lib/ruby/gems/1.8/gems/rack-1.0.0/lib/rack/lock.rb:11:in `synchronize'
/usr/lib/ruby/gems/1.8/gems/rack-1.0.0/lib/rack/lock.rb:11:in `call'
/usr/lib/ruby/gems/1.8/gems/actionpack-2.3.4/lib/action_controller/dispatcher.rb:114:in `call'
/usr/lib/ruby/gems/1.8/gems/actionpack-2.3.4/lib/action_controller/reloader.rb:34:in `run'
/usr/lib/ruby/gems/1.8/gems/actionpack-2.3.4/lib/action_controller/dispatcher.rb:108:in `call'
/usr/lib/ruby/gems/1.8/gems/rails-2.3.4/lib/rails/rack/static.rb:31:in `call'
/usr/lib/ruby/gems/1.8/gems/rack-1.0.0/lib/rack/urlmap.rb:46:in `call'
/usr/lib/ruby/gems/1.8/gems/rack-1.0.0/lib/rack/urlmap.rb:40:in `each'
/usr/lib/ruby/gems/1.8/gems/rack-1.0.0/lib/rack/urlmap.rb:40:in `call'
/usr/lib/ruby/gems/1.8/gems/rails-2.3.4/lib/rails/rack/log_tailer.rb:17:in `call'
/usr/lib/ruby/gems/1.8/gems/rack-1.0.0/lib/rack/content_length.rb:13:in `call'
/usr/lib/ruby/gems/1.8/gems/rack-1.0.0/lib/rack/chunked.rb:15:in `call'
/usr/lib/ruby/gems/1.8/gems/rack-1.0.0/lib/rack/handler/mongrel.rb:61:in `process'
/usr/lib/ruby/gems/1.8/gems/mongrel-1.1.5/lib/mongrel.rb:159:in `process_client'
/usr/lib/ruby/gems/1.8/gems/mongrel-1.1.5/lib/mongrel.rb:158:in `each'
/usr/lib/ruby/gems/1.8/gems/mongrel-1.1.5/lib/mongrel.rb:158:in `process_client'
/usr/lib/ruby/gems/1.8/gems/mongrel-1.1.5/lib/mongrel.rb:285:in `run'
/usr/lib/ruby/gems/1.8/gems/mongrel-1.1.5/lib/mongrel.rb:285:in `initialize'
/usr/lib/ruby/gems/1.8/gems/mongrel-1.1.5/lib/mongrel.rb:285:in `new'
/usr/lib/ruby/gems/1.8/gems/mongrel-1.1.5/lib/mongrel.rb:285:in `run'
/usr/lib/ruby/gems/1.8/gems/mongrel-1.1.5/lib/mongrel.rb:268:in `initialize'
/usr/lib/ruby/gems/1.8/gems/mongrel-1.1.5/lib/mongrel.rb:268:in `new'
/usr/lib/ruby/gems/1.8/gems/mongrel-1.1.5/lib/mongrel.rb:268:in `run'
/usr/lib/ruby/gems/1.8/gems/rack-1.0.0/lib/rack/handler/mongrel.rb:34:in `run'
/usr/lib/ruby/gems/1.8/gems/rails-2.3.4/lib/commands/server.rb:111
/usr/lib/ruby/site_ruby/1.8/rubygems/custom_require.rb:31:in `gem_original_require'
/usr/lib/ruby/site_ruby/1.8/rubygems/custom_require.rb:31:in `require'
./script/server:3

ActionView::TemplateError (compile error
/home/igor/workspace_web/rblog/app/views/home/index.html.haml:4: syntax error, unexpected tIDENTIFIER, expecting '}') on line #4 of app/views/home/index.html.haml:
1: -for post in @posts
2:     =post.announcement
3:     =post.created_at
4:     =link_to "Ð§Ð¸Ñ‚Ð°Ñ‚ÑŒ Ð¿Ð¾Ð»Ð½Ð¾ÑÑ‚ÑŒÑŽ" post

    app/views/home/index.html.haml:8:in `compile!'
    haml (2.2.2) lib/haml/helpers/action_view_mods.rb:13:in `render'
    haml (2.2.2) rails/./lib/sass/plugin/rails.rb:19:in `process'

Rendered rescues/_trace (101.4ms)
Rendered rescues/_request_and_response (0.3ms)
Rendering rescues/layout (internal_server_error)


Processing HomeController#index (for 127.0.0.1 at 2009-10-16 15:28:22) [GET]
  [4;36;1mPost Load (0.2ms)[0m   [0;1mSELECT * FROM "posts" WHERE ("posts"."status" = 'published') [0m
Rendering home/index
Completed in 51ms (View: 46, DB: 0) | 200 OK [http://localhost/]


Processing HomeController#index (for 127.0.0.1 at 2009-10-16 15:30:51) [GET]
  [4;35;1mPost Load (0.2ms)[0m   [0mSELECT * FROM "posts" WHERE ("posts"."status" = 'published') [0m
Rendering home/index
Completed in 7ms (View: 2, DB: 0) | 200 OK [http://localhost/]


Processing HomeController#index (for 127.0.0.1 at 2009-10-16 15:51:07) [GET]
  [4;36;1mPost Load (0.4ms)[0m   [0;1mSELECT * FROM "posts" WHERE ("posts"."status" = 'published') [0m
Rendering home/index
Completed in 11ms (View: 6, DB: 0) | 200 OK [http://localhost/]


Processing HomeController#index (for 127.0.0.1 at 2009-10-16 15:51:08) [GET]
  [4;35;1mPost Load (0.2ms)[0m   [0mSELECT * FROM "posts" WHERE ("posts"."status" = 'published') [0m
Rendering home/index
Completed in 9ms (View: 2, DB: 0) | 200 OK [http://localhost/]


Processing HomeController#index (for 127.0.0.1 at 2009-10-16 15:53:08) [GET]
  [4;36;1mPost Load (0.2ms)[0m   [0;1mSELECT * FROM "posts" WHERE ("posts"."status" = 'published') [0m
Rendering home/index
Completed in 10ms (View: 5, DB: 0) | 200 OK [http://localhost/]


Processing HomeController#index (for 127.0.0.1 at 2009-10-16 15:53:08) [GET]
  [4;35;1mPost Load (0.2ms)[0m   [0mSELECT * FROM "posts" WHERE ("posts"."status" = 'published') [0m
Rendering home/index
Completed in 7ms (View: 2, DB: 0) | 200 OK [http://localhost/]
  [4;36;1mSQL (0.5ms)[0m   [0;1m SELECT name
 FROM sqlite_master
 WHERE type = 'table' AND NOT name = 'sqlite_sequence'
[0m
  [4;35;1mSQL (0.2ms)[0m   [0mSELECT version FROM schema_migrations[0m
Migrating to CreatePosts (20091016105540)
Migrating to CreateBlogParameters (20091016111255)
Migrating to CreateComments (20091016120409)
  [4;36;1mSQL (0.1ms)[0m   [0;1mselect sqlite_version(*)[0m
  [4;35;1mSQL (0.5ms)[0m   [0mCREATE TABLE "comments" ("id" INTEGER PRIMARY KEY AUTOINCREMENT NOT NULL, "post_id" integer, "parent_comment_id" integer, "commenter_name" varchar(255), "commenter_email" varchar(255), "body" text, "created_at" datetime, "updated_at" datetime) [0m
  [4;36;1mSQL (0.1ms)[0m   [0;1mINSERT INTO schema_migrations (version) VALUES ('20091016120409')[0m
  [4;35;1mSQL (0.3ms)[0m   [0m SELECT name
 FROM sqlite_master
 WHERE type = 'table' AND NOT name = 'sqlite_sequence'
[0m
  [4;36;1mSQL (0.2ms)[0m   [0;1mSELECT version FROM schema_migrations[0m
  [4;35;1mSQL (0.2ms)[0m   [0m SELECT name
 FROM sqlite_master
 WHERE type = 'table' AND NOT name = 'sqlite_sequence'
[0m
  [4;36;1mSQL (0.0ms)[0m   [0;1mPRAGMA index_list("blog_parameters")[0m
  [4;35;1mSQL (0.2ms)[0m   [0mPRAGMA index_list("comments")[0m
  [4;36;1mSQL (0.1ms)[0m   [0;1mPRAGMA index_list("posts")[0m


Processing HomeController#index (for 127.0.0.1 at 2009-10-16 16:04:29) [GET]
  [4;36;1mPost Load (0.3ms)[0m   [0;1mSELECT * FROM "posts" WHERE ("posts"."status" = 'published') [0m
Rendering home/index
Completed in 53ms (View: 44, DB: 0) | 200 OK [http://localhost/]


Processing HomeController#index (for 127.0.0.1 at 2009-10-16 16:06:22) [GET]
  [4;35;1mPost Load (0.2ms)[0m   [0mSELECT * FROM "posts" WHERE ("posts"."status" = 'published') [0m
Rendering home/index
Completed in 8ms (View: 2, DB: 0) | 200 OK [http://localhost/]


Processing PostsController#show (for 127.0.0.1 at 2009-10-16 16:06:25) [GET]
  Parameters: {"id"=>"1"}
  [4;36;1mPost Load (0.2ms)[0m   [0;1mSELECT * FROM "posts" WHERE ("posts"."id" = 1) [0m
Rendering template within layouts/posts
Rendering posts/show
Completed in 26ms (View: 20, DB: 0) | 200 OK [http://localhost/posts/1]


Processing HomeController#index (for 127.0.0.1 at 2009-10-16 16:08:42) [GET]
  [4;35;1mPost Load (0.2ms)[0m   [0mSELECT * FROM "posts" WHERE ("posts"."status" = 'published') [0m
Rendering template within layouts/application
Rendering home/index
Completed in 14ms (View: 8, DB: 0) | 200 OK [http://localhost/]


Processing HomeController#index (for 127.0.0.1 at 2009-10-16 16:08:43) [GET]
  [4;36;1mPost Load (0.3ms)[0m   [0;1mSELECT * FROM "posts" WHERE ("posts"."status" = 'published') [0m
Rendering template within layouts/application
Rendering home/index
Completed in 9ms (View: 3, DB: 0) | 200 OK [http://localhost/]


Processing HomeController#index (for 127.0.0.1 at 2009-10-16 16:08:43) [GET]
  [4;35;1mPost Load (0.3ms)[0m   [0mSELECT * FROM "posts" WHERE ("posts"."status" = 'published') [0m
Rendering template within layouts/application
Rendering home/index
Completed in 9ms (View: 3, DB: 0) | 200 OK [http://localhost/]


Processing HomeController#index (for 127.0.0.1 at 2009-10-16 16:08:44) [GET]
  [4;36;1mPost Load (0.2ms)[0m   [0;1mSELECT * FROM "posts" WHERE ("posts"."status" = 'published') [0m
Rendering template within layouts/application
Rendering home/index
Completed in 8ms (View: 2, DB: 0) | 200 OK [http://localhost/]


Processing HomeController#index (for 127.0.0.1 at 2009-10-16 16:08:44) [GET]
  [4;35;1mPost Load (11.3ms)[0m   [0mSELECT * FROM "posts" WHERE ("posts"."status" = 'published') [0m
Rendering template within layouts/application
Rendering home/index
Completed in 61ms (View: 3, DB: 11) | 200 OK [http://localhost/]


Processing PostsController#show (for 127.0.0.1 at 2009-10-16 16:08:59) [GET]
  Parameters: {"id"=>"1"}
  [4;36;1mPost Load (0.3ms)[0m   [0;1mSELECT * FROM "posts" WHERE ("posts"."id" = 1) [0m
Rendering template within layouts/application
Rendering posts/show
Completed in 8ms (View: 2, DB: 0) | 200 OK [http://localhost/posts/1]


Processing PostsController#show (for 127.0.0.1 at 2009-10-16 16:09:00) [GET]
  Parameters: {"id"=>"1"}
  [4;35;1mPost Load (0.2ms)[0m   [0mSELECT * FROM "posts" WHERE ("posts"."id" = 1) [0m
Rendering template within layouts/application
Rendering posts/show
Completed in 8ms (View: 2, DB: 0) | 200 OK [http://localhost/posts/1]


Processing HomeController#index (for 127.0.0.1 at 2009-10-16 16:09:10) [GET]
  [4;36;1mPost Load (0.3ms)[0m   [0;1mSELECT * FROM "posts" WHERE ("posts"."status" = 'published') [0m
Rendering template within layouts/application
Rendering home/index
Completed in 12ms (View: 6, DB: 0) | 200 OK [http://localhost/]


Processing HomeController#index (for 127.0.0.1 at 2009-10-16 16:09:36) [GET]
  [4;35;1mPost Load (0.3ms)[0m   [0mSELECT * FROM "posts" WHERE ("posts"."status" = 'published') [0m
Rendering template within layouts/application
Rendering home/index
Completed in 13ms (View: 6, DB: 0) | 200 OK [http://localhost/]


Processing HomeController#index (for 127.0.0.1 at 2009-10-16 16:09:37) [GET]
  [4;36;1mPost Load (0.2ms)[0m   [0;1mSELECT * FROM "posts" WHERE ("posts"."status" = 'published') [0m
Rendering template within layouts/application
Rendering home/index
Completed in 9ms (View: 2, DB: 0) | 200 OK [http://localhost/]


Processing HomeController#index (for 127.0.0.1 at 2009-10-16 16:09:37) [GET]
  [4;35;1mPost Load (0.2ms)[0m   [0mSELECT * FROM "posts" WHERE ("posts"."status" = 'published') [0m
Rendering template within layouts/application
Rendering home/index
Completed in 8ms (View: 3, DB: 0) | 200 OK [http://localhost/]


Processing HomeController#index (for 127.0.0.1 at 2009-10-16 16:09:38) [GET]
  [4;36;1mPost Load (0.3ms)[0m   [0;1mSELECT * FROM "posts" WHERE ("posts"."status" = 'published') [0m
Rendering template within layouts/application
Rendering home/index
Completed in 8ms (View: 2, DB: 0) | 200 OK [http://localhost/]


Processing HomeController#index (for 127.0.0.1 at 2009-10-16 16:09:38) [GET]
  [4;35;1mPost Load (0.2ms)[0m   [0mSELECT * FROM "posts" WHERE ("posts"."status" = 'published') [0m
Rendering template within layouts/application
Rendering home/index
Completed in 8ms (View: 3, DB: 0) | 200 OK [http://localhost/]


Processing HomeController#index (for 127.0.0.1 at 2009-10-16 16:09:58) [GET]
  [4;36;1mPost Load (0.3ms)[0m   [0;1mSELECT * FROM "posts" WHERE ("posts"."status" = 'published') [0m
Rendering template within layouts/application
Rendering home/index
Completed in 12ms (View: 6, DB: 0) | 200 OK [http://localhost/]


Processing HomeController#index (for 127.0.0.1 at 2009-10-16 16:09:59) [GET]
  [4;35;1mPost Load (0.2ms)[0m   [0mSELECT * FROM "posts" WHERE ("posts"."status" = 'published') [0m
Rendering template within layouts/application
Rendering home/index
Completed in 8ms (View: 2, DB: 0) | 200 OK [http://localhost/]


Processing HomeController#index (for 127.0.0.1 at 2009-10-16 16:10:36) [GET]
  [4;36;1mPost Load (0.2ms)[0m   [0;1mSELECT * FROM "posts" WHERE ("posts"."status" = 'published') [0m
Rendering template within layouts/application
Rendering home/index
Rendered shared/_header (0.5ms)
Completed in 20ms (View: 14, DB: 0) | 200 OK [http://localhost/]


Processing HomeController#index (for 127.0.0.1 at 2009-10-16 16:10:36) [GET]
  [4;35;1mPost Load (0.2ms)[0m   [0mSELECT * FROM "posts" WHERE ("posts"."status" = 'published') [0m
Rendering template within layouts/application
Rendering home/index
Rendered shared/_header (0.1ms)
Completed in 9ms (View: 3, DB: 0) | 200 OK [http://localhost/]


Processing HomeController#index (for 127.0.0.1 at 2009-10-16 16:10:41) [GET]
  [4;36;1mPost Load (0.3ms)[0m   [0;1mSELECT * FROM "posts" WHERE ("posts"."status" = 'published') [0m
Rendering template within layouts/application
Rendering home/index
Rendered shared/_header (0.5ms)
Completed in 11ms (View: 6, DB: 0) | 200 OK [http://localhost/]


Processing HomeController#index (for 127.0.0.1 at 2009-10-16 16:11:39) [GET]
  [4;35;1mPost Load (0.3ms)[0m   [0mSELECT * FROM "posts" WHERE ("posts"."status" = 'published') [0m
Rendering template within layouts/application
Rendering home/index
Rendered shared/_header (0.6ms)
Completed in 67ms (View: 61, DB: 0) | 200 OK [http://localhost/]


Processing HomeController#index (for 127.0.0.1 at 2009-10-16 16:11:40) [GET]
  [4;36;1mPost Load (0.3ms)[0m   [0;1mSELECT * FROM "posts" WHERE ("posts"."status" = 'published') [0m
Rendering template within layouts/application
Rendering home/index
Rendered shared/_header (0.1ms)
Completed in 9ms (View: 3, DB: 0) | 200 OK [http://localhost/]


Processing HomeController#index (for 127.0.0.1 at 2009-10-16 16:11:50) [GET]
  [4;35;1mPost Load (0.2ms)[0m   [0mSELECT * FROM "posts" WHERE ("posts"."status" = 'published') [0m
Rendering template within layouts/application
Rendering home/index
Rendered shared/_header (0.6ms)
Completed in 13ms (View: 6, DB: 0) | 200 OK [http://localhost/]


Processing HomeController#index (for 127.0.0.1 at 2009-10-16 16:12:06) [GET]
  [4;36;1mPost Load (0.2ms)[0m   [0;1mSELECT * FROM "posts" WHERE ("posts"."status" = 'published') [0m
Rendering template within layouts/application
Rendering home/index
Rendered shared/_header (0.8ms)
Completed in 12ms (View: 7, DB: 0) | 200 OK [http://localhost/]


Processing HomeController#index (for 127.0.0.1 at 2009-10-16 16:12:08) [GET]
  [4;35;1mPost Load (0.2ms)[0m   [0mSELECT * FROM "posts" WHERE ("posts"."status" = 'published') [0m
Rendering template within layouts/application
Rendering home/index
Rendered shared/_header (0.1ms)
Completed in 9ms (View: 3, DB: 0) | 200 OK [http://localhost/]


Processing HomeController#index (for 127.0.0.1 at 2009-10-16 16:12:08) [GET]
  [4;36;1mPost Load (0.3ms)[0m   [0;1mSELECT * FROM "posts" WHERE ("posts"."status" = 'published') [0m
Rendering template within layouts/application
Rendering home/index
Rendered shared/_header (0.1ms)
Completed in 9ms (View: 3, DB: 0) | 200 OK [http://localhost/]


Processing HomeController#index (for 127.0.0.1 at 2009-10-16 16:30:49) [GET]
  [4;35;1mPost Load (0.3ms)[0m   [0mSELECT * FROM "posts" WHERE ("posts"."status" = 'published') [0m
Rendering template within layouts/application
Rendering home/index
Rendered shared/_header (0.1ms)
Completed in 12ms (View: 6, DB: 0) | 200 OK [http://localhost/]


Processing HomeController#index (for 127.0.0.1 at 2009-10-16 16:31:13) [GET]
  [4;36;1mPost Load (0.3ms)[0m   [0;1mSELECT * FROM "posts" WHERE ("posts"."status" = 'published') [0m
Rendering template within layouts/application
Rendering home/index

ActionView::TemplateError (Illegal nesting: nesting within plain text is illegal.) on line #2 of app/views/shared/_header.html.haml:
1: Ð‘Ð»Ð¾Ð³
2:     %hr

    app/views/shared/_header.html.haml:2
    haml (2.2.2) lib/haml/precompiler.rb:312:in `push_plain'
    haml (2.2.2) lib/haml/precompiler.rb:246:in `process_line'
    haml (2.2.2) lib/haml/precompiler.rb:168:in `precompile'
    haml (2.2.2) lib/haml/engine.rb:112:in `initialize'
    haml (2.2.2) rails/./lib/haml/template/plugin.rb:21:in `new'
    haml (2.2.2) rails/./lib/haml/template/plugin.rb:21:in `compile'
    haml (2.2.2) lib/haml/helpers/action_view_mods.rb:13:in `render'
    app/views/layouts/application.html.erb:13
    haml (2.2.2) lib/haml/helpers/action_view_mods.rb:13:in `render'
    haml (2.2.2) lib/haml/helpers/action_view_mods.rb:13:in `render'
    haml (2.2.2) rails/./lib/sass/plugin/rails.rb:19:in `process'

Rendered rescues/_trace (48.1ms)
Rendered rescues/_request_and_response (1.1ms)
Rendering rescues/layout (internal_server_error)


Processing HomeController#index (for 127.0.0.1 at 2009-10-16 16:31:15) [GET]
  [4;35;1mPost Load (0.3ms)[0m   [0mSELECT * FROM "posts" WHERE ("posts"."status" = 'published') [0m
Rendering template within layouts/application
Rendering home/index

ActionView::TemplateError (Illegal nesting: nesting within plain text is illegal.) on line #2 of app/views/shared/_header.html.haml:
1: Ð‘Ð»Ð¾Ð³
2:     %hr

    app/views/shared/_header.html.haml:2
    haml (2.2.2) lib/haml/precompiler.rb:312:in `push_plain'
    haml (2.2.2) lib/haml/precompiler.rb:246:in `process_line'
    haml (2.2.2) lib/haml/precompiler.rb:168:in `precompile'
    haml (2.2.2) lib/haml/engine.rb:112:in `initialize'
    haml (2.2.2) rails/./lib/haml/template/plugin.rb:21:in `new'
    haml (2.2.2) rails/./lib/haml/template/plugin.rb:21:in `compile'
    haml (2.2.2) lib/haml/helpers/action_view_mods.rb:13:in `render'
    app/views/layouts/application.html.erb:13
    haml (2.2.2) lib/haml/helpers/action_view_mods.rb:13:in `render'
    haml (2.2.2) lib/haml/helpers/action_view_mods.rb:13:in `render'
    haml (2.2.2) rails/./lib/sass/plugin/rails.rb:19:in `process'

Rendered rescues/_trace (115.3ms)
Rendered rescues/_request_and_response (0.3ms)
Rendering rescues/layout (internal_server_error)


Processing HomeController#index (for 127.0.0.1 at 2009-10-16 16:31:16) [GET]
  [4;36;1mPost Load (0.2ms)[0m   [0;1mSELECT * FROM "posts" WHERE ("posts"."status" = 'published') [0m
Rendering template within layouts/application
Rendering home/index

ActionView::TemplateError (Illegal nesting: nesting within plain text is illegal.) on line #2 of app/views/shared/_header.html.haml:
1: Ð‘Ð»Ð¾Ð³
2:     %hr

    app/views/shared/_header.html.haml:2
    haml (2.2.2) lib/haml/precompiler.rb:312:in `push_plain'
    haml (2.2.2) lib/haml/precompiler.rb:246:in `process_line'
    haml (2.2.2) lib/haml/precompiler.rb:168:in `precompile'
    haml (2.2.2) lib/haml/engine.rb:112:in `initialize'
    haml (2.2.2) rails/./lib/haml/template/plugin.rb:21:in `new'
    haml (2.2.2) rails/./lib/haml/template/plugin.rb:21:in `compile'
    haml (2.2.2) lib/haml/helpers/action_view_mods.rb:13:in `render'
    app/views/layouts/application.html.erb:13
    haml (2.2.2) lib/haml/helpers/action_view_mods.rb:13:in `render'
    haml (2.2.2) lib/haml/helpers/action_view_mods.rb:13:in `render'
    haml (2.2.2) rails/./lib/sass/plugin/rails.rb:19:in `process'

Rendered rescues/_trace (49.6ms)
Rendered rescues/_request_and_response (0.2ms)
Rendering rescues/layout (internal_server_error)


Processing HomeController#index (for 127.0.0.1 at 2009-10-16 16:31:23) [GET]
  [4;35;1mPost Load (0.3ms)[0m   [0mSELECT * FROM "posts" WHERE ("posts"."status" = 'published') [0m
Rendering template within layouts/application
Rendering home/index
Rendered shared/_header (0.6ms)
Completed in 73ms (View: 7, DB: 0) | 200 OK [http://localhost/]


Processing HomeController#index (for 127.0.0.1 at 2009-10-16 16:31:23) [GET]
  [4;36;1mPost Load (0.2ms)[0m   [0;1mSELECT * FROM "posts" WHERE ("posts"."status" = 'published') [0m
Rendering template within layouts/application
Rendering home/index
Rendered shared/_header (0.1ms)
Completed in 9ms (View: 3, DB: 0) | 200 OK [http://localhost/]


Processing HomeController#index (for 127.0.0.1 at 2009-10-16 16:31:40) [GET]
  [4;35;1mPost Load (0.3ms)[0m   [0mSELECT * FROM "posts" WHERE ("posts"."status" = 'published') [0m
Rendering template within layouts/application
Rendering home/index
Rendered shared/_header (0.7ms)
Completed in 13ms (View: 7, DB: 0) | 200 OK [http://localhost/]


Processing HomeController#index (for 127.0.0.1 at 2009-10-16 16:54:40) [GET]
  [4;36;1mPost Load (0.2ms)[0m   [0;1mSELECT * FROM "posts" WHERE ("posts"."status" = 'published') [0m
Rendering template within layouts/application
Rendering home/index
Rendered shared/_header (0.1ms)
Rendered shared/_footer (0.6ms)
Completed in 19ms (View: 13, DB: 0) | 200 OK [http://localhost/]


Processing HomeController#index (for 127.0.0.1 at 2009-10-16 16:54:40) [GET]
  [4;35;1mPost Load (0.2ms)[0m   [0mSELECT * FROM "posts" WHERE ("posts"."status" = 'published') [0m
Rendering template within layouts/application
Rendering home/index
Rendered shared/_header (0.1ms)
Rendered shared/_footer (0.1ms)
Completed in 10ms (View: 4, DB: 0) | 200 OK [http://localhost/]


Processing HomeController#index (for 127.0.0.1 at 2009-10-16 16:54:54) [GET]
  [4;36;1mPost Load (0.2ms)[0m   [0;1mSELECT * FROM "posts" WHERE ("posts"."status" = 'published') [0m
Rendering template within layouts/application
Rendering home/index
Rendered shared/_header (0.1ms)
Rendered shared/_footer (0.6ms)
Completed in 12ms (View: 7, DB: 0) | 200 OK [http://localhost/]


Processing HomeController#index (for 127.0.0.1 at 2009-10-16 16:54:55) [GET]
  [4;35;1mPost Load (0.3ms)[0m   [0mSELECT * FROM "posts" WHERE ("posts"."status" = 'published') [0m
Rendering template within layouts/application
Rendering home/index
Rendered shared/_header (0.1ms)
Rendered shared/_footer (0.1ms)
Completed in 9ms (View: 3, DB: 0) | 200 OK [http://localhost/]


Processing HomeController#index (for 127.0.0.1 at 2009-10-16 16:55:01) [GET]
  [4;36;1mPost Load (0.2ms)[0m   [0;1mSELECT * FROM "posts" WHERE ("posts"."status" = 'published') [0m
Rendering template within layouts/application
Rendering home/index
Rendered shared/_header (0.1ms)
Rendered shared/_footer (0.8ms)
Completed in 13ms (View: 7, DB: 0) | 200 OK [http://localhost/]


Processing HomeController#index (for 127.0.0.1 at 2009-10-16 16:55:02) [GET]
  [4;35;1mPost Load (0.3ms)[0m   [0mSELECT * FROM "posts" WHERE ("posts"."status" = 'published') [0m
Rendering template within layouts/application
Rendering home/index
Rendered shared/_header (0.1ms)
Rendered shared/_footer (0.1ms)
Completed in 11ms (View: 5, DB: 0) | 200 OK [http://localhost/]


Processing HomeController#index (for 127.0.0.1 at 2009-10-16 16:55:12) [GET]
  [4;36;1mPost Load (0.3ms)[0m   [0;1mSELECT * FROM "posts" WHERE ("posts"."status" = 'published') [0m
Rendering template within layouts/application
Rendering home/index
Rendered shared/_header (0.1ms)
Rendered shared/_footer (0.6ms)
Completed in 13ms (View: 7, DB: 0) | 200 OK [http://localhost/]


Processing PostsController#index (for 127.0.0.1 at 2009-10-16 19:44:25) [GET]
  [4;36;1mPost Load (0.6ms)[0m   [0;1mSELECT * FROM "posts" [0m
Rendering template within layouts/application
Rendering posts/index
Rendered shared/_header (1.0ms)
Rendered shared/_footer (0.8ms)
Completed in 105ms (View: 92, DB: 1) | 200 OK [http://localhost/posts]


Processing PostsController#new (for 127.0.0.1 at 2009-10-16 19:44:28) [GET]
Rendering template within layouts/application
Rendering posts/new
Rendered shared/_header (0.1ms)
Rendered shared/_footer (0.1ms)
Completed in 16ms (View: 11, DB: 0) | 200 OK [http://localhost/posts/new]


Processing PostsController#create (for 127.0.0.1 at 2009-10-16 19:44:43) [POST]
  Parameters: {"commit"=>"Create", "post"=>{"body"=>"bbb", "title"=>"bb", "announcement"=>"cccc", "status"=>"published"}, "authenticity_token"=>"7FWtnp9hkfYyIhvtkDdq4cnSyvvjgWHYLL0csyQiKXw="}
  [4;35;1mPost Create (0.4ms)[0m   [0mINSERT INTO "posts" ("created_at", "title", "body", "updated_at", "status", "announcement") VALUES('2009-10-16 15:44:43', 'bb', 'bbb', '2009-10-16 15:44:43', 'published', 'cccc')[0m
Redirected to http://localhost:3000/posts/2
Completed in 161ms (DB: 0) | 302 Found [http://localhost/posts]


Processing PostsController#show (for 127.0.0.1 at 2009-10-16 19:44:43) [GET]
  Parameters: {"id"=>"2"}
  [4;36;1mPost Load (0.7ms)[0m   [0;1mSELECT * FROM "posts" WHERE ("posts"."id" = 2) [0m
Rendering template within layouts/application
Rendering posts/show
Rendered shared/_header (0.8ms)
Rendered shared/_footer (0.1ms)
Completed in 30ms (View: 14, DB: 1) | 200 OK [http://localhost/posts/2]


Processing HomeController#index (for 127.0.0.1 at 2009-10-16 19:44:49) [GET]
  [4;35;1mPost Load (0.9ms)[0m   [0mSELECT * FROM "posts" WHERE ("posts"."status" = 'published') [0m
Rendering template within layouts/application
Rendering home/index
Rendered shared/_header (0.1ms)
Rendered shared/_footer (0.1ms)
Completed in 76ms (View: 58, DB: 1) | 200 OK [http://localhost/]


Processing HomeController#index (for 127.0.0.1 at 2009-10-16 19:45:51) [GET]
  [4;36;1mPost Load (0.3ms)[0m   [0;1mSELECT * FROM "posts" WHERE ("posts"."status" = 'published') [0m
Rendering template within layouts/application
Rendering home/index
Rendered shared/_header (0.1ms)
Rendered shared/_footer (0.1ms)
Completed in 14ms (View: 8, DB: 0) | 200 OK [http://localhost/]


Processing HomeController#index (for 127.0.0.1 at 2009-10-16 19:45:52) [GET]
  [4;35;1mPost Load (0.3ms)[0m   [0mSELECT * FROM "posts" WHERE ("posts"."status" = 'published') [0m
Rendering template within layouts/application
Rendering home/index
Rendered shared/_header (0.1ms)
Rendered shared/_footer (0.1ms)
Completed in 11ms (View: 4, DB: 0) | 200 OK [http://localhost/]


Processing HomeController#index (for 127.0.0.1 at 2009-10-16 19:45:52) [GET]
  [4;36;1mPost Load (1.1ms)[0m   [0;1mSELECT * FROM "posts" WHERE ("posts"."status" = 'published') [0m
Rendering template within layouts/application
Rendering home/index
Rendered shared/_header (0.2ms)
Rendered shared/_footer (0.2ms)
Completed in 30ms (View: 11, DB: 1) | 200 OK [http://localhost/]


Processing HomeController#index (for 127.0.0.1 at 2009-10-16 19:46:14) [GET]
  [4;35;1mPost Load (1.0ms)[0m   [0mSELECT * FROM "posts" WHERE ("posts"."status" = 'published') [0m
Rendering template within layouts/application
Rendering home/index
Rendered shared/_header (0.2ms)
Rendered shared/_footer (0.1ms)
Completed in 41ms (View: 22, DB: 1) | 200 OK [http://localhost/]


Processing HomeController#index (for 127.0.0.1 at 2009-10-16 19:46:15) [GET]
  [4;36;1mPost Load (0.9ms)[0m   [0;1mSELECT * FROM "posts" WHERE ("posts"."status" = 'published') [0m
Rendering template within layouts/application
Rendering home/index
Rendered shared/_header (0.3ms)
Rendered shared/_footer (0.2ms)
Completed in 27ms (View: 10, DB: 1) | 200 OK [http://localhost/]


Processing HomeController#index (for 127.0.0.1 at 2009-10-16 19:46:15) [GET]
  [4;35;1mPost Load (0.3ms)[0m   [0mSELECT * FROM "posts" WHERE ("posts"."status" = 'published') [0m
Rendering template within layouts/application
Rendering home/index
Rendered shared/_header (0.1ms)
Rendered shared/_footer (0.1ms)
Completed in 9ms (View: 3, DB: 0) | 200 OK [http://localhost/]


Processing HomeController#index (for 127.0.0.1 at 2009-10-16 19:46:53) [GET]
  [4;36;1mPost Load (0.3ms)[0m   [0;1mSELECT * FROM "posts" WHERE ("posts"."status" = 'published') [0m
Rendering template within layouts/application
Rendering home/index
Rendered shared/_header (0.1ms)
Rendered shared/_footer (0.1ms)
Completed in 13ms (View: 7, DB: 0) | 200 OK [http://localhost/]


Processing HomeController#index (for 127.0.0.1 at 2009-10-16 19:46:54) [GET]
  [4;35;1mPost Load (0.9ms)[0m   [0mSELECT * FROM "posts" WHERE ("posts"."status" = 'published') [0m
Rendering template within layouts/application
Rendering home/index
Rendered shared/_header (0.2ms)
Rendered shared/_footer (0.2ms)
Completed in 26ms (View: 10, DB: 1) | 200 OK [http://localhost/]


Processing HomeController#index (for 127.0.0.1 at 2009-10-16 19:46:54) [GET]
  [4;36;1mPost Load (0.3ms)[0m   [0;1mSELECT * FROM "posts" WHERE ("posts"."status" = 'published') [0m
Rendering template within layouts/application
Rendering home/index
Rendered shared/_header (0.1ms)
Rendered shared/_footer (0.1ms)
Completed in 10ms (View: 4, DB: 0) | 200 OK [http://localhost/]


Processing HomeController#index (for 127.0.0.1 at 2009-10-16 19:48:25) [GET]
  [4;35;1mPost Load (0.3ms)[0m   [0mSELECT * FROM "posts" WHERE ("posts"."status" = 'published') [0m
Rendering template within layouts/application
Rendering home/index
Rendered shared/_header (0.1ms)
Rendered shared/_footer (0.1ms)
Completed in 11ms (View: 5, DB: 0) | 200 OK [http://localhost/]


Processing HomeController#index (for 127.0.0.1 at 2009-10-16 19:48:54) [GET]
  [4;36;1mPost Load (0.3ms)[0m   [0;1mSELECT * FROM "posts" WHERE ("posts"."status" = 'published') [0m
Rendering template within layouts/application
Rendering home/index
Rendered shared/_header (0.1ms)
Rendered shared/_footer (0.1ms)
Completed in 14ms (View: 8, DB: 0) | 200 OK [http://localhost/]


Processing HomeController#index (for 127.0.0.1 at 2009-10-16 19:49:01) [GET]
  [4;35;1mPost Load (0.3ms)[0m   [0mSELECT * FROM "posts" WHERE ("posts"."status" = 'published') [0m
Rendering template within layouts/application
Rendering home/index
Rendered shared/_header (0.1ms)
Rendered shared/_footer (0.1ms)
Completed in 9ms (View: 4, DB: 0) | 200 OK [http://localhost/]


Processing HomeController#index (for 127.0.0.1 at 2009-10-16 19:49:23) [GET]
  [4;36;1mPost Load (0.3ms)[0m   [0;1mSELECT * FROM "posts" WHERE ("posts"."status" = 'published') [0m
Rendering template within layouts/application
Rendering home/index
Rendered shared/_header (0.1ms)
Rendered shared/_footer (0.1ms)
Completed in 14ms (View: 8, DB: 0) | 200 OK [http://localhost/]


Processing HomeController#index (for 127.0.0.1 at 2009-10-16 19:49:24) [GET]
  [4;35;1mPost Load (1.1ms)[0m   [0mSELECT * FROM "posts" WHERE ("posts"."status" = 'published') [0m
Rendering template within layouts/application
Rendering home/index
Rendered shared/_header (0.2ms)
Rendered shared/_footer (0.2ms)
Completed in 27ms (View: 10, DB: 1) | 200 OK [http://localhost/]


Processing HomeController#index (for 127.0.0.1 at 2009-10-16 19:51:10) [GET]
  [4;36;1mPost Load (0.4ms)[0m   [0;1mSELECT * FROM "posts" WHERE ("posts"."status" = 'published') [0m
Rendering template within layouts/application
Rendering home/index
Rendered shared/_header (0.1ms)
Rendered shared/_footer (0.1ms)
Completed in 10ms (View: 4, DB: 0) | 200 OK [http://localhost/]


Processing PostsController#show (for 127.0.0.1 at 2009-10-16 19:53:18) [GET]
  Parameters: {"id"=>"1"}
  [4;35;1mPost Load (11.9ms)[0m   [0mSELECT * FROM "posts" WHERE ("posts"."id" = 1) [0m
Rendering template within layouts/application
Rendering posts/show
Rendered shared/_header (0.1ms)
Rendered shared/_footer (0.1ms)
Completed in 63ms (View: 4, DB: 12) | 200 OK [http://localhost/posts/1]


Processing PostsController#show (for 127.0.0.1 at 2009-10-16 19:55:00) [GET]
  Parameters: {"id"=>"1"}
  [4;36;1mPost Load (0.7ms)[0m   [0;1mSELECT * FROM "posts" WHERE ("posts"."id" = 1) [0m
Rendering template within layouts/application
Rendering posts/show

ActionView::TemplateError (undefined local variable or method `post' for #<ActionView::Base:0xb71bb298>) on line #2 of app/views/posts/show.html.haml:
1: %h1 
2:     =post.title

    app/views/posts/show.html.haml:2:in `_run_haml_app47views47posts47show46html46haml'
    haml (2.2.2) lib/haml/helpers/action_view_mods.rb:13:in `render'
    haml (2.2.2) lib/haml/helpers/action_view_mods.rb:13:in `render'
    app/controllers/posts_controller.rb:18:in `show'
    haml (2.2.2) rails/./lib/sass/plugin/rails.rb:19:in `process'

Rendered rescues/_trace (41.5ms)
Rendered rescues/_request_and_response (1.2ms)
Rendering rescues/layout (internal_server_error)


Processing PostsController#show (for 127.0.0.1 at 2009-10-16 19:55:12) [GET]
  Parameters: {"id"=>"1"}
  [4;35;1mPost Load (0.3ms)[0m   [0mSELECT * FROM "posts" WHERE ("posts"."id" = 1) [0m
Rendering template within layouts/application
Rendering posts/show
Rendered shared/_header (0.1ms)
Rendered shared/_footer (0.1ms)
Completed in 12ms (View: 6, DB: 0) | 200 OK [http://localhost/posts/1]


Processing PostsController#show (for 127.0.0.1 at 2009-10-16 19:55:57) [GET]
  Parameters: {"id"=>"1"}
  [4;36;1mPost Load (0.2ms)[0m   [0;1mSELECT * FROM "posts" WHERE ("posts"."id" = 1) [0m
Rendering template within layouts/application
Rendering posts/show
Rendered shared/_header (0.1ms)
Rendered shared/_footer (0.1ms)
Completed in 13ms (View: 7, DB: 0) | 200 OK [http://localhost/posts/1]


Processing PostsController#show (for 127.0.0.1 at 2009-10-16 19:56:53) [GET]
  Parameters: {"id"=>"1"}
  [4;35;1mPost Load (0.6ms)[0m   [0mSELECT * FROM "posts" WHERE ("posts"."id" = 1) [0m
Rendering template within layouts/application
Rendering posts/show
  [4;36;1mComment Load (0.2ms)[0m   [0;1mSELECT * FROM "comments" WHERE ("comments".post_id = 1) [0m
Rendered shared/_header (0.1ms)
Rendered shared/_footer (0.1ms)
Completed in 43ms (View: 27, DB: 1) | 200 OK [http://localhost/posts/1]


Processing CommentsController#index (for 127.0.0.1 at 2009-10-16 19:57:04) [GET]
  [4;35;1mComment Load (0.4ms)[0m   [0mSELECT * FROM "comments" [0m
Rendering template within layouts/application
Rendering comments/index
Rendered shared/_header (0.1ms)
Rendered shared/_footer (0.1ms)
Completed in 17ms (View: 8, DB: 0) | 200 OK [http://localhost/comments/]


Processing CommentsController#new (for 127.0.0.1 at 2009-10-16 19:57:08) [GET]
Rendering template within layouts/application
Rendering comments/new
Rendered shared/_header (0.1ms)
Rendered shared/_footer (0.1ms)
Completed in 40ms (View: 23, DB: 0) | 200 OK [http://localhost/comments/new]


Processing CommentsController#create (for 127.0.0.1 at 2009-10-16 19:57:33) [POST]
  Parameters: {"comment"=>{"commenter_email"=>"igor.alexandrov@gmail.com", "parent_comment"=>"0", "body"=>"Here is body", "post"=>"1", "commenter_name"=>"Igor"}, "commit"=>"Create", "authenticity_token"=>"7FWtnp9hkfYyIhvtkDdq4cnSyvvjgWHYLL0csyQiKXw="}

NameError (uninitialized constant Comment::ParentComment):
  app/controllers/comments_controller.rb:43:in `new'
  app/controllers/comments_controller.rb:43:in `create'
  haml (2.2.2) rails/./lib/sass/plugin/rails.rb:19:in `process'

Rendered rescues/_trace (34.6ms)
Rendered rescues/_request_and_response (0.3ms)
Rendering rescues/layout (internal_server_error)


Processing CommentsController#create (for 127.0.0.1 at 2009-10-16 19:58:38) [POST]
  Parameters: {"comment"=>{"commenter_email"=>"igor.alexandrov@gmail.com", "parent_comment"=>"0", "body"=>"Here is body", "post"=>"1", "commenter_name"=>"Igor"}, "commit"=>"Create", "authenticity_token"=>"7FWtnp9hkfYyIhvtkDdq4cnSyvvjgWHYLL0csyQiKXw="}
  [4;36;1mSQL (1.3ms)[0m   [0;1m SELECT name
 FROM sqlite_master
 WHERE type = 'table' AND NOT name = 'sqlite_sequence'
[0m
  [4;35;1mSQL (0.8ms)[0m   [0m SELECT name
 FROM sqlite_master
 WHERE type = 'table' AND NOT name = 'sqlite_sequence'
[0m

NameError (undefined local variable or method `through' for #<Class:0xb71b1e64>):
  app/models/comment.rb:3
  app/controllers/comments_controller.rb:43:in `create'
  haml (2.2.2) rails/./lib/sass/plugin/rails.rb:19:in `process'

Rendered rescues/_trace (39.3ms)
Rendered rescues/_request_and_response (0.5ms)
Rendering rescues/layout (internal_server_error)


Processing CommentsController#create (for 127.0.0.1 at 2009-10-16 19:59:36) [POST]
  Parameters: {"comment"=>{"commenter_email"=>"igor.alexandrov@gmail.com", "parent_comment"=>"0", "body"=>"Here is body", "post"=>"1", "commenter_name"=>"Igor"}, "commit"=>"Create", "authenticity_token"=>"7FWtnp9hkfYyIhvtkDdq4cnSyvvjgWHYLL0csyQiKXw="}

ActiveRecord::UnknownAttributeError (unknown attribute: parent_comment):
  app/controllers/comments_controller.rb:43:in `new'
  app/controllers/comments_controller.rb:43:in `create'
  haml (2.2.2) rails/./lib/sass/plugin/rails.rb:19:in `process'

Rendered rescues/_trace (44.1ms)
Rendered rescues/_request_and_response (0.4ms)
Rendering rescues/layout (internal_server_error)


Processing CommentsController#create (for 127.0.0.1 at 2009-10-16 19:59:47) [POST]
  Parameters: {"comment"=>{"commenter_email"=>"igor.alexandrov@gmail.com", "parent_comment"=>"0", "body"=>"Here is body", "post"=>"1", "commenter_name"=>"Igor"}, "commit"=>"Create", "authenticity_token"=>"7FWtnp9hkfYyIhvtkDdq4cnSyvvjgWHYLL0csyQiKXw="}

ActiveRecord::UnknownAttributeError (unknown attribute: parent_comment):
  app/controllers/comments_controller.rb:43:in `new'
  app/controllers/comments_controller.rb:43:in `create'
  haml (2.2.2) rails/./lib/sass/plugin/rails.rb:19:in `process'

Rendered rescues/_trace (103.0ms)
Rendered rescues/_request_and_response (0.4ms)
Rendering rescues/layout (internal_server_error)


Processing CommentsController#create (for 127.0.0.1 at 2009-10-16 19:59:51) [POST]
  Parameters: {"comment"=>{"commenter_email"=>"igor.alexandrov@gmail.com", "parent_comment"=>"0", "body"=>"Here is body", "post"=>"1", "commenter_name"=>"Igor"}, "commit"=>"Create", "authenticity_token"=>"7FWtnp9hkfYyIhvtkDdq4cnSyvvjgWHYLL0csyQiKXw="}

ActiveRecord::UnknownAttributeError (unknown attribute: parent_comment):
  app/controllers/comments_controller.rb:43:in `new'
  app/controllers/comments_controller.rb:43:in `create'
  haml (2.2.2) rails/./lib/sass/plugin/rails.rb:19:in `process'

Rendered rescues/_trace (36.0ms)
Rendered rescues/_request_and_response (0.4ms)
Rendering rescues/layout (internal_server_error)


Processing CommentsController#create (for 127.0.0.1 at 2009-10-16 20:00:07) [POST]
  Parameters: {"comment"=>{"commenter_email"=>"igor.alexandrov@gmail.com", "parent_comment"=>"0", "body"=>"Here is body", "post"=>"1", "commenter_name"=>"Igor"}, "commit"=>"Create", "authenticity_token"=>"7FWtnp9hkfYyIhvtkDdq4cnSyvvjgWHYLL0csyQiKXw="}

ArgumentError (Unknown key(s): through):
  (eval):3:in `belongs_to'
  app/models/comment.rb:3
  app/controllers/comments_controller.rb:43:in `create'
  haml (2.2.2) rails/./lib/sass/plugin/rails.rb:19:in `process'

Rendered rescues/_trace (116.3ms)
Rendered rescues/_request_and_response (0.4ms)
Rendering rescues/layout (internal_server_error)


Processing CommentsController#create (for 127.0.0.1 at 2009-10-16 20:06:14) [POST]
  Parameters: {"comment"=>{"commenter_email"=>"igor.alexandrov@gmail.com", "parent_comment"=>"0", "body"=>"Here is body", "post"=>"1", "commenter_name"=>"Igor"}, "commit"=>"Create", "authenticity_token"=>"7FWtnp9hkfYyIhvtkDdq4cnSyvvjgWHYLL0csyQiKXw="}

ArgumentError (Unknown key(s): as):
  (eval):3:in `belongs_to'
  app/models/comment.rb:3
  app/controllers/comments_controller.rb:43:in `create'
  haml (2.2.2) rails/./lib/sass/plugin/rails.rb:19:in `process'

Rendered rescues/_trace (39.0ms)
Rendered rescues/_request_and_response (0.4ms)
Rendering rescues/layout (internal_server_error)


Processing HomeController#index (for 127.0.0.1 at 2009-10-16 20:08:06) [GET]
  [4;36;1mPost Load (0.3ms)[0m   [0;1mSELECT * FROM "posts" WHERE ("posts"."status" = 'published') [0m
Rendering template within layouts/application
Rendering home/index
Rendered shared/_header (0.1ms)
Rendered shared/_footer (0.1ms)
Completed in 13ms (View: 3, DB: 0) | 200 OK [http://localhost/]


Processing HomeController#index (for 127.0.0.1 at 2009-10-16 20:11:01) [GET]
  [4;35;1mPost Load (0.3ms)[0m   [0mSELECT * FROM "posts" WHERE ("posts"."status" = 'published') [0m
Rendering template within layouts/application
Rendering home/index
Rendered shared/_header (0.1ms)
Rendered shared/_footer (0.1ms)
Completed in 13ms (View: 7, DB: 0) | 200 OK [http://localhost/]


Processing HomeController#index (for 127.0.0.1 at 2009-10-16 20:11:02) [GET]
  [4;36;1mPost Load (1.2ms)[0m   [0;1mSELECT * FROM "posts" WHERE ("posts"."status" = 'published') [0m
Rendering template within layouts/application
Rendering home/index
Rendered shared/_header (0.2ms)
Rendered shared/_footer (0.2ms)
Completed in 29ms (View: 11, DB: 1) | 200 OK [http://localhost/]


Processing HomeController#index (for 127.0.0.1 at 2009-10-16 20:12:40) [GET]
  [4;35;1mPost Load (0.3ms)[0m   [0mSELECT * FROM "posts" WHERE ("posts"."status" = 'published') [0m
Rendering template within layouts/application
Rendering home/index
Rendered shared/_header (0.1ms)
Rendered shared/_footer (0.1ms)
Completed in 103ms (View: 8, DB: 0) | 200 OK [http://localhost/]


Processing HomeController#index (for 127.0.0.1 at 2009-10-16 23:38:47) [GET]
  [4;36;1mPost Load (0.3ms)[0m   [0;1mSELECT * FROM "posts" WHERE ("posts"."status" = 'published') [0m
Rendering template within layouts/application
Rendering home/index
Rendered shared/_header (2.6ms)
Rendered shared/_footer (0.9ms)
Completed in 292ms (View: 235, DB: 0) | 200 OK [http://localhost/]


Processing HomeController#index (for 127.0.0.1 at 2009-10-16 23:47:37) [GET]
  [4;35;1mPost Load (0.3ms)[0m   [0mSELECT * FROM "posts" WHERE ("posts"."status" = 'published') [0m
Rendering template within layouts/application
Rendering home/index
Rendered shared/_header (0.1ms)
Rendered shared/_footer (0.1ms)
Completed in 10ms (View: 4, DB: 0) | 200 OK [http://localhost/]


Processing CommentsController#index (for 127.0.0.1 at 2009-10-16 23:47:43) [GET]
  [4;36;1mComment Load (0.4ms)[0m   [0;1mSELECT * FROM "comments" [0m
Rendering template within layouts/application
Rendering comments/index
Rendered shared/_header (0.1ms)
Rendered shared/_footer (0.1ms)
Completed in 99ms (View: 69, DB: 0) | 200 OK [http://localhost/comments/]


Processing CommentsController#new (for 127.0.0.1 at 2009-10-16 23:47:46) [GET]
Rendering template within layouts/application
Rendering comments/new

ActionView::TemplateError (undefined method `parent_comment' for #<Comment:0xb708c958>) on line #12 of app/views/comments/new.html.erb:
9:   </p>
10:   <p>
11:     <%= f.label :parent_comment %><br />
12:     <%= f.text_field :parent_comment %>
13:   </p>
14:   <p>
15:     <%= f.label :commenter_name %><br />

    app/views/comments/new.html.erb:12
    haml (2.2.2) lib/haml/helpers/action_view_mods.rb:167:in `form_for'
    app/views/comments/new.html.erb:3
    haml (2.2.2) lib/haml/helpers/action_view_mods.rb:13:in `render'
    haml (2.2.2) lib/haml/helpers/action_view_mods.rb:13:in `render'
    app/controllers/comments_controller.rb:29:in `new'
    haml (2.2.2) rails/./lib/sass/plugin/rails.rb:19:in `process'

Rendered rescues/_trace (108.2ms)
Rendered rescues/_request_and_response (1.2ms)
Rendering rescues/layout (internal_server_error)


Processing CommentsController#new (for 127.0.0.1 at 2009-10-16 23:48:57) [GET]
Rendering template within layouts/application
Rendering comments/new

ActionView::TemplateError (undefined method `parent_comment' for #<Comment:0xb716fa78>) on line #12 of app/views/comments/new.html.erb:
9:   </p>
10:   <p>
11:     <%= f.label :parent_comment %><br />
12:     <%= f.text_field :parent_comment %>
13:   </p>
14:   <p>
15:     <%= f.label :commenter_name %><br />

    app/views/comments/new.html.erb:12
    haml (2.2.2) lib/haml/helpers/action_view_mods.rb:167:in `form_for'
    app/views/comments/new.html.erb:3
    haml (2.2.2) lib/haml/helpers/action_view_mods.rb:13:in `render'
    haml (2.2.2) lib/haml/helpers/action_view_mods.rb:13:in `render'
    app/controllers/comments_controller.rb:29:in `new'
    haml (2.2.2) rails/./lib/sass/plugin/rails.rb:19:in `process'

Rendered rescues/_trace (45.8ms)
Rendered rescues/_request_and_response (0.2ms)
Rendering rescues/layout (internal_server_error)


Processing CommentsController#new (for 127.0.0.1 at 2009-10-16 23:48:58) [GET]
Rendering template within layouts/application
Rendering comments/new

ActionView::TemplateError (undefined method `parent_comment' for #<Comment:0xb6f1a084>) on line #12 of app/views/comments/new.html.erb:
9:   </p>
10:   <p>
11:     <%= f.label :parent_comment %><br />
12:     <%= f.text_field :parent_comment %>
13:   </p>
14:   <p>
15:     <%= f.label :commenter_name %><br />

    app/views/comments/new.html.erb:12
    haml (2.2.2) lib/haml/helpers/action_view_mods.rb:167:in `form_for'
    app/views/comments/new.html.erb:3
    haml (2.2.2) lib/haml/helpers/action_view_mods.rb:13:in `render'
    haml (2.2.2) lib/haml/helpers/action_view_mods.rb:13:in `render'
    app/controllers/comments_controller.rb:29:in `new'
    haml (2.2.2) rails/./lib/sass/plugin/rails.rb:19:in `process'

Rendered rescues/_trace (49.5ms)
Rendered rescues/_request_and_response (0.2ms)
Rendering rescues/layout (internal_server_error)


Processing CommentsController#new (for 127.0.0.1 at 2009-10-16 23:49:15) [GET]
Rendering template within layouts/application
Rendering comments/new

ActionView::TemplateError (undefined method `parent_comment' for #<Comment:0xb70502a0>) on line #12 of app/views/comments/new.html.erb:
9:   </p>
10:   <p>
11:     <%= f.label :parent_comment %><br />
12:     <%= f.text_field :parent_comment %>
13:   </p>
14:   <p>
15:     <%= f.label :commenter_name %><br />

    app/views/comments/new.html.erb:12
    haml (2.2.2) lib/haml/helpers/action_view_mods.rb:167:in `form_for'
    app/views/comments/new.html.erb:3
    haml (2.2.2) lib/haml/helpers/action_view_mods.rb:13:in `render'
    haml (2.2.2) lib/haml/helpers/action_view_mods.rb:13:in `render'
    app/controllers/comments_controller.rb:29:in `new'
    haml (2.2.2) rails/./lib/sass/plugin/rails.rb:19:in `process'

Rendered rescues/_trace (112.9ms)
Rendered rescues/_request_and_response (0.3ms)
Rendering rescues/layout (internal_server_error)


Processing CommentsController#new (for 127.0.0.1 at 2009-10-16 23:49:22) [GET]
Rendering template within layouts/application
Rendering comments/new

ActionView::TemplateError (undefined method `parent_comment' for #<Comment:0xb71c2408>) on line #12 of app/views/comments/new.html.erb:
9:   </p>
10:   <p>
11:     <%= f.label :parent_comment %><br />
12:     <%= f.text_field :parent_comment %>
13:   </p>
14:   <p>
15:     <%= f.label :commenter_name %><br />

    app/views/comments/new.html.erb:12
    haml (2.2.2) lib/haml/helpers/action_view_mods.rb:167:in `form_for'
    app/views/comments/new.html.erb:3
    haml (2.2.2) lib/haml/helpers/action_view_mods.rb:13:in `render'
    haml (2.2.2) lib/haml/helpers/action_view_mods.rb:13:in `render'
    app/controllers/comments_controller.rb:29:in `new'
    haml (2.2.2) rails/./lib/sass/plugin/rails.rb:19:in `process'

Rendered rescues/_trace (45.8ms)
Rendered rescues/_request_and_response (0.2ms)
Rendering rescues/layout (internal_server_error)


Processing CommentsController#new (for 127.0.0.1 at 2009-10-16 23:49:23) [GET]
Rendering template within layouts/application
Rendering comments/new

ActionView::TemplateError (undefined method `parent_comment' for #<Comment:0xb6f6b6f0>) on line #12 of app/views/comments/new.html.erb:
9:   </p>
10:   <p>
11:     <%= f.label :parent_comment %><br />
12:     <%= f.text_field :parent_comment %>
13:   </p>
14:   <p>
15:     <%= f.label :commenter_name %><br />

    app/views/comments/new.html.erb:12
    haml (2.2.2) lib/haml/helpers/action_view_mods.rb:167:in `form_for'
    app/views/comments/new.html.erb:3
    haml (2.2.2) lib/haml/helpers/action_view_mods.rb:13:in `render'
    haml (2.2.2) lib/haml/helpers/action_view_mods.rb:13:in `render'
    app/controllers/comments_controller.rb:29:in `new'
    haml (2.2.2) rails/./lib/sass/plugin/rails.rb:19:in `process'

Rendered rescues/_trace (112.9ms)
Rendered rescues/_request_and_response (0.2ms)
Rendering rescues/layout (internal_server_error)


Processing CommentsController#new (for 127.0.0.1 at 2009-10-16 23:49:23) [GET]
Rendering template within layouts/application
Rendering comments/new

ActionView::TemplateError (undefined method `parent_comment' for #<Comment:0xb70d2d7c>) on line #12 of app/views/comments/new.html.erb:
9:   </p>
10:   <p>
11:     <%= f.label :parent_comment %><br />
12:     <%= f.text_field :parent_comment %>
13:   </p>
14:   <p>
15:     <%= f.label :commenter_name %><br />

    app/views/comments/new.html.erb:12
    haml (2.2.2) lib/haml/helpers/action_view_mods.rb:167:in `form_for'
    app/views/comments/new.html.erb:3
    haml (2.2.2) lib/haml/helpers/action_view_mods.rb:13:in `render'
    haml (2.2.2) lib/haml/helpers/action_view_mods.rb:13:in `render'
    app/controllers/comments_controller.rb:29:in `new'
    haml (2.2.2) rails/./lib/sass/plugin/rails.rb:19:in `process'

Rendered rescues/_trace (45.0ms)
Rendered rescues/_request_and_response (0.3ms)
Rendering rescues/layout (internal_server_error)


Processing CommentsController#new (for 127.0.0.1 at 2009-10-16 23:49:24) [GET]
Rendering template within layouts/application
Rendering comments/new

ActionView::TemplateError (undefined method `parent_comment' for #<Comment:0xb71fad80>) on line #12 of app/views/comments/new.html.erb:
9:   </p>
10:   <p>
11:     <%= f.label :parent_comment %><br />
12:     <%= f.text_field :parent_comment %>
13:   </p>
14:   <p>
15:     <%= f.label :commenter_name %><br />

    app/views/comments/new.html.erb:12
    haml (2.2.2) lib/haml/helpers/action_view_mods.rb:167:in `form_for'
    app/views/comments/new.html.erb:3
    haml (2.2.2) lib/haml/helpers/action_view_mods.rb:13:in `render'
    haml (2.2.2) lib/haml/helpers/action_view_mods.rb:13:in `render'
    app/controllers/comments_controller.rb:29:in `new'
    haml (2.2.2) rails/./lib/sass/plugin/rails.rb:19:in `process'

Rendered rescues/_trace (47.6ms)
Rendered rescues/_request_and_response (0.2ms)
Rendering rescues/layout (internal_server_error)


Processing CommentsController#new (for 127.0.0.1 at 2009-10-16 23:51:41) [GET]
Rendering template within layouts/application
Rendering comments/new

ActionView::TemplateError (undefined method `parent_comment' for #<Comment:0xb6fb1d08>) on line #12 of app/views/comments/new.html.erb:
9:   </p>
10:   <p>
11:     <%= f.label :parent_comment %><br />
12:     <%= f.text_field :parent_comment %>
13:   </p>
14:   <p>
15:     <%= f.label :commenter_name %><br />

    app/views/comments/new.html.erb:12
    haml (2.2.2) lib/haml/helpers/action_view_mods.rb:167:in `form_for'
    app/views/comments/new.html.erb:3
    haml (2.2.2) lib/haml/helpers/action_view_mods.rb:13:in `render'
    haml (2.2.2) lib/haml/helpers/action_view_mods.rb:13:in `render'
    app/controllers/comments_controller.rb:29:in `new'
    haml (2.2.2) rails/./lib/sass/plugin/rails.rb:19:in `process'

Rendered rescues/_trace (109.3ms)
Rendered rescues/_request_and_response (0.3ms)
Rendering rescues/layout (internal_server_error)


Processing CommentsController#new (for 127.0.0.1 at 2009-10-16 23:51:42) [GET]
Rendering template within layouts/application
Rendering comments/new

ActionView::TemplateError (undefined method `parent_comment' for #<Comment:0xb714a6ec>) on line #12 of app/views/comments/new.html.erb:
9:   </p>
10:   <p>
11:     <%= f.label :parent_comment %><br />
12:     <%= f.text_field :parent_comment %>
13:   </p>
14:   <p>
15:     <%= f.label :commenter_name %><br />

    app/views/comments/new.html.erb:12
    haml (2.2.2) lib/haml/helpers/action_view_mods.rb:167:in `form_for'
    app/views/comments/new.html.erb:3
    haml (2.2.2) lib/haml/helpers/action_view_mods.rb:13:in `render'
    haml (2.2.2) lib/haml/helpers/action_view_mods.rb:13:in `render'
    app/controllers/comments_controller.rb:29:in `new'
    haml (2.2.2) rails/./lib/sass/plugin/rails.rb:19:in `process'

Rendered rescues/_trace (45.3ms)
Rendered rescues/_request_and_response (0.2ms)
Rendering rescues/layout (internal_server_error)


Processing CommentsController#new (for 127.0.0.1 at 2009-10-16 23:51:42) [GET]
Rendering template within layouts/application
Rendering comments/new

ActionView::TemplateError (undefined method `parent_comment' for #<Comment:0xb6ef81dc>) on line #12 of app/views/comments/new.html.erb:
9:   </p>
10:   <p>
11:     <%= f.label :parent_comment %><br />
12:     <%= f.text_field :parent_comment %>
13:   </p>
14:   <p>
15:     <%= f.label :commenter_name %><br />

    app/views/comments/new.html.erb:12
    haml (2.2.2) lib/haml/helpers/action_view_mods.rb:167:in `form_for'
    app/views/comments/new.html.erb:3
    haml (2.2.2) lib/haml/helpers/action_view_mods.rb:13:in `render'
    haml (2.2.2) lib/haml/helpers/action_view_mods.rb:13:in `render'
    app/controllers/comments_controller.rb:29:in `new'
    haml (2.2.2) rails/./lib/sass/plugin/rails.rb:19:in `process'

Rendered rescues/_trace (48.7ms)
Rendered rescues/_request_and_response (0.3ms)
Rendering rescues/layout (internal_server_error)


Processing CommentsController#new (for 127.0.0.1 at 2009-10-16 23:51:43) [GET]
Rendering template within layouts/application
Rendering comments/new

ActionView::TemplateError (undefined method `parent_comment' for #<Comment:0xb7022a30>) on line #12 of app/views/comments/new.html.erb:
9:   </p>
10:   <p>
11:     <%= f.label :parent_comment %><br />
12:     <%= f.text_field :parent_comment %>
13:   </p>
14:   <p>
15:     <%= f.label :commenter_name %><br />

    app/views/comments/new.html.erb:12
    haml (2.2.2) lib/haml/helpers/action_view_mods.rb:167:in `form_for'
    app/views/comments/new.html.erb:3
    haml (2.2.2) lib/haml/helpers/action_view_mods.rb:13:in `render'
    haml (2.2.2) lib/haml/helpers/action_view_mods.rb:13:in `render'
    app/controllers/comments_controller.rb:29:in `new'
    haml (2.2.2) rails/./lib/sass/plugin/rails.rb:19:in `process'

Rendered rescues/_trace (121.4ms)
Rendered rescues/_request_and_response (0.3ms)
Rendering rescues/layout (internal_server_error)


Processing CommentsController#new (for 127.0.0.1 at 2009-10-16 23:52:02) [GET]
Rendering template within layouts/application
Rendering comments/new
Rendered shared/_header (0.1ms)
Rendered shared/_footer (0.1ms)
Completed in 17ms (View: 11, DB: 0) | 200 OK [http://localhost/comments/new]


Processing CommentsController#new (for 127.0.0.1 at 2009-10-16 23:52:03) [GET]
Rendering template within layouts/application
Rendering comments/new
Rendered shared/_header (0.1ms)
Rendered shared/_footer (0.1ms)
Completed in 13ms (View: 8, DB: 0) | 200 OK [http://localhost/comments/new]


Processing CommentsController#new (for 127.0.0.1 at 2009-10-16 23:52:04) [GET]
Rendering template within layouts/application
Rendering comments/new
Rendered shared/_header (0.1ms)
Rendered shared/_footer (0.1ms)
Completed in 12ms (View: 7, DB: 0) | 200 OK [http://localhost/comments/new]


Processing CommentsController#create (for 127.0.0.1 at 2009-10-16 23:52:19) [POST]
  Parameters: {"comment"=>{"commenter_email"=>"igor.alexandrov@gmail.com", "body"=>"aaaaa", "post"=>"1", "parent_comment_id"=>"0", "commenter_name"=>"igor"}, "commit"=>"Create", "authenticity_token"=>"7FWtnp9hkfYyIhvtkDdq4cnSyvvjgWHYLL0csyQiKXw="}

ActiveRecord::AssociationTypeMismatch (Post(#-612524928) expected, got String(#-605490688)):
  app/controllers/comments_controller.rb:43:in `new'
  app/controllers/comments_controller.rb:43:in `create'
  haml (2.2.2) rails/./lib/sass/plugin/rails.rb:19:in `process'

Rendered rescues/_trace (82.4ms)
Rendered rescues/_request_and_response (0.3ms)
Rendering rescues/layout (internal_server_error)


Processing CommentsController#create (for 127.0.0.1 at 2009-10-16 23:53:05) [POST]
  Parameters: {"comment"=>{"commenter_email"=>"igor.alexandrov@gmail.com", "body"=>"aaaaa", "post"=>"1", "parent_comment_id"=>"0", "commenter_name"=>"igor"}, "commit"=>"Create", "authenticity_token"=>"7FWtnp9hkfYyIhvtkDdq4cnSyvvjgWHYLL0csyQiKXw="}

ActiveRecord::AssociationTypeMismatch (Post(#-611431788) expected, got String(#-605490688)):
  app/controllers/comments_controller.rb:43:in `new'
  app/controllers/comments_controller.rb:43:in `create'
  haml (2.2.2) rails/./lib/sass/plugin/rails.rb:19:in `process'

Rendered rescues/_trace (36.6ms)
Rendered rescues/_request_and_response (0.3ms)
Rendering rescues/layout (internal_server_error)


Processing CommentsController#new (for 127.0.0.1 at 2009-10-16 23:53:15) [GET]
Rendering template within layouts/application
Rendering comments/new
Rendered shared/_header (0.1ms)
Rendered shared/_footer (0.1ms)
Completed in 17ms (View: 10, DB: 0) | 200 OK [http://localhost/comments/new]


Processing CommentsController#create (for 127.0.0.1 at 2009-10-16 23:53:20) [POST]
  Parameters: {"comment"=>{"commenter_email"=>"igor.alexandrov@gmail.com", "body"=>"aaaaa", "post_id"=>"1", "parent_comment_id"=>"0", "commenter_name"=>"igor"}, "commit"=>"Create", "authenticity_token"=>"7FWtnp9hkfYyIhvtkDdq4cnSyvvjgWHYLL0csyQiKXw="}
  [4;35;1mComment Create (0.4ms)[0m   [0mINSERT INTO "comments" ("commenter_email", "created_at", "body", "updated_at", "post_id", "parent_comment_id", "commenter_name") VALUES('igor.alexandrov@gmail.com', '2009-10-16 19:53:20', 'aaaaa', '2009-10-16 19:53:20', 1, 0, 'igor')[0m
Redirected to http://localhost:3000/comments/1
Completed in 149ms (DB: 0) | 302 Found [http://localhost/comments]


Processing CommentsController#show (for 127.0.0.1 at 2009-10-16 23:53:20) [GET]
  Parameters: {"id"=>"1"}
  [4;36;1mComment Load (0.3ms)[0m   [0;1mSELECT * FROM "comments" WHERE ("comments"."id" = 1) [0m
Rendering template within layouts/application
Rendering comments/show
  [4;35;1mPost Load (0.3ms)[0m   [0mSELECT * FROM "posts" WHERE ("posts"."id" = 1) [0m

ActionView::TemplateError (undefined method `parent_comment' for #<Comment:0xb6f59928>) on line #8 of app/views/comments/show.html.erb:
5: 
6: <p>
7:   <b>Parent comment:</b>
8:   <%=h @comment.parent_comment %>
9: </p>
10: 
11: <p>

    app/views/comments/show.html.erb:8
    haml (2.2.2) lib/haml/helpers/action_view_mods.rb:13:in `render'
    haml (2.2.2) lib/haml/helpers/action_view_mods.rb:13:in `render'
    app/controllers/comments_controller.rb:18:in `show'
    haml (2.2.2) rails/./lib/sass/plugin/rails.rb:19:in `process'

Rendered rescues/_trace (47.0ms)
Rendered rescues/_request_and_response (0.3ms)
Rendering rescues/layout (internal_server_error)


Processing CommentsController#show (for 127.0.0.1 at 2009-10-16 23:53:56) [GET]
  Parameters: {"id"=>"1"}

ArgumentError (Unknown key(s): class):
  (eval):3:in `has_one'
  app/models/comment.rb:3
  app/controllers/comments_controller.rb:16:in `show'
  haml (2.2.2) rails/./lib/sass/plugin/rails.rb:19:in `process'

Rendered rescues/_trace (35.2ms)
Rendered rescues/_request_and_response (0.3ms)
Rendering rescues/layout (internal_server_error)


Processing CommentsController#show (for 127.0.0.1 at 2009-10-16 23:54:37) [GET]
  Parameters: {"id"=>"1"}
  [4;36;1mComment Load (0.2ms)[0m   [0;1mSELECT * FROM "comments" WHERE ("comments"."id" = 1) [0m
Rendering template within layouts/application
Rendering comments/show
  [4;35;1mPost Load (0.2ms)[0m   [0mSELECT * FROM "posts" WHERE ("posts"."id" = 1) [0m
  [4;36;1mComment Load (0.0ms)[0m   [0;1mSQLite3::SQLException: no such column: comments.comment_id: SELECT * FROM "comments" WHERE ("comments".comment_id = 1) LIMIT 1[0m

ActionView::TemplateError (SQLite3::SQLException: no such column: comments.comment_id: SELECT * FROM "comments" WHERE ("comments".comment_id = 1)  LIMIT 1) on line #8 of app/views/comments/show.html.erb:
5: 
6: <p>
7:   <b>Parent comment:</b>
8:   <%=h @comment.parent_comment %>
9: </p>
10: 
11: <p>

    app/views/comments/show.html.erb:8
    haml (2.2.2) lib/haml/helpers/action_view_mods.rb:13:in `render'
    haml (2.2.2) lib/haml/helpers/action_view_mods.rb:13:in `render'
    app/controllers/comments_controller.rb:18:in `show'
    haml (2.2.2) rails/./lib/sass/plugin/rails.rb:19:in `process'

Rendered rescues/_trace (51.2ms)
Rendered rescues/_request_and_response (0.3ms)
Rendering rescues/layout (internal_server_error)


Processing CommentsController#show (for 127.0.0.1 at 2009-10-16 23:54:38) [GET]
  Parameters: {"id"=>"1"}
  [4;35;1mComment Load (0.2ms)[0m   [0mSELECT * FROM "comments" WHERE ("comments"."id" = 1) [0m
Rendering template within layouts/application
Rendering comments/show
  [4;36;1mPost Load (0.2ms)[0m   [0;1mSELECT * FROM "posts" WHERE ("posts"."id" = 1) [0m
  [4;35;1mComment Load (0.0ms)[0m   [0mSQLite3::SQLException: no such column: comments.comment_id: SELECT * FROM "comments" WHERE ("comments".comment_id = 1) LIMIT 1[0m

ActionView::TemplateError (SQLite3::SQLException: no such column: comments.comment_id: SELECT * FROM "comments" WHERE ("comments".comment_id = 1)  LIMIT 1) on line #8 of app/views/comments/show.html.erb:
5: 
6: <p>
7:   <b>Parent comment:</b>
8:   <%=h @comment.parent_comment %>
9: </p>
10: 
11: <p>

    app/views/comments/show.html.erb:8
    haml (2.2.2) lib/haml/helpers/action_view_mods.rb:13:in `render'
    haml (2.2.2) lib/haml/helpers/action_view_mods.rb:13:in `render'
    app/controllers/comments_controller.rb:18:in `show'
    haml (2.2.2) rails/./lib/sass/plugin/rails.rb:19:in `process'

Rendered rescues/_trace (117.0ms)
Rendered rescues/_request_and_response (0.3ms)
Rendering rescues/layout (internal_server_error)


Processing CommentsController#show (for 127.0.0.1 at 2009-10-16 23:56:39) [GET]
  Parameters: {"id"=>"1"}
  [4;36;1mComment Load (0.3ms)[0m   [0;1mSELECT * FROM "comments" WHERE ("comments"."id" = 1) [0m
Rendering template within layouts/application
Rendering comments/show
  [4;35;1mPost Load (0.3ms)[0m   [0mSELECT * FROM "posts" WHERE ("posts"."id" = 1) [0m

ActionView::TemplateError (undefined method `parent_comment' for #<Comment:0xb71689bc>) on line #8 of app/views/comments/show.html.erb:
5: 
6: <p>
7:   <b>Parent comment:</b>
8:   <%=h @comment.parent_comment %>
9: </p>
10: 
11: <p>

    app/views/comments/show.html.erb:8
    haml (2.2.2) lib/haml/helpers/action_view_mods.rb:13:in `render'
    haml (2.2.2) lib/haml/helpers/action_view_mods.rb:13:in `render'
    app/controllers/comments_controller.rb:18:in `show'
    haml (2.2.2) rails/./lib/sass/plugin/rails.rb:19:in `process'

Rendered rescues/_trace (40.6ms)
Rendered rescues/_request_and_response (0.2ms)
Rendering rescues/layout (internal_server_error)


Processing CommentsController#show (for 127.0.0.1 at 2009-10-16 23:56:40) [GET]
  Parameters: {"id"=>"1"}
  [4;36;1mComment Load (0.3ms)[0m   [0;1mSELECT * FROM "comments" WHERE ("comments"."id" = 1) [0m
Rendering template within layouts/application
Rendering comments/show
  [4;35;1mPost Load (0.3ms)[0m   [0mSELECT * FROM "posts" WHERE ("posts"."id" = 1) [0m

ActionView::TemplateError (undefined method `parent_comment' for #<Comment:0xb6f39c54>) on line #8 of app/views/comments/show.html.erb:
5: 
6: <p>
7:   <b>Parent comment:</b>
8:   <%=h @comment.parent_comment %>
9: </p>
10: 
11: <p>

    app/views/comments/show.html.erb:8
    haml (2.2.2) lib/haml/helpers/action_view_mods.rb:13:in `render'
    haml (2.2.2) lib/haml/helpers/action_view_mods.rb:13:in `render'
    app/controllers/comments_controller.rb:18:in `show'
    haml (2.2.2) rails/./lib/sass/plugin/rails.rb:19:in `process'

Rendered rescues/_trace (44.0ms)
Rendered rescues/_request_and_response (0.2ms)
Rendering rescues/layout (internal_server_error)


Processing CommentsController#show (for 127.0.0.1 at 2009-10-16 23:57:17) [GET]
  Parameters: {"id"=>"1"}
  [4;36;1mComment Load (0.5ms)[0m   [0;1mSELECT * FROM "comments" WHERE ("comments"."id" = 1) [0m
Rendering template within layouts/application
Rendering comments/show
  [4;35;1mPost Load (0.2ms)[0m   [0mSELECT * FROM "posts" WHERE ("posts"."id" = 1) [0m

ActionView::TemplateError (undefined method `parent_comment' for #<Comment:0xb70a9ea4>) on line #8 of app/views/comments/show.html.erb:
5: 
6: <p>
7:   <b>Parent comment:</b>
8:   <%=h @comment.parent_comment %>
9: </p>
10: 
11: <p>

    app/views/comments/show.html.erb:8
    haml (2.2.2) lib/haml/helpers/action_view_mods.rb:13:in `render'
    haml (2.2.2) lib/haml/helpers/action_view_mods.rb:13:in `render'
    app/controllers/comments_controller.rb:18:in `show'
    haml (2.2.2) rails/./lib/sass/plugin/rails.rb:19:in `process'

Rendered rescues/_trace (40.1ms)
Rendered rescues/_request_and_response (0.2ms)
Rendering rescues/layout (internal_server_error)


Processing CommentsController#show (for 127.0.0.1 at 2009-10-16 23:57:19) [GET]
  Parameters: {"id"=>"1"}
  [4;36;1mComment Load (0.2ms)[0m   [0;1mSELECT * FROM "comments" WHERE ("comments"."id" = 1) [0m
Rendering template within layouts/application
Rendering comments/show
  [4;35;1mPost Load (0.2ms)[0m   [0mSELECT * FROM "posts" WHERE ("posts"."id" = 1) [0m

ActionView::TemplateError (undefined method `parent_comment' for #<Comment:0xb71ffdf8>) on line #8 of app/views/comments/show.html.erb:
5: 
6: <p>
7:   <b>Parent comment:</b>
8:   <%=h @comment.parent_comment %>
9: </p>
10: 
11: <p>

    app/views/comments/show.html.erb:8
    haml (2.2.2) lib/haml/helpers/action_view_mods.rb:13:in `render'
    haml (2.2.2) lib/haml/helpers/action_view_mods.rb:13:in `render'
    app/controllers/comments_controller.rb:18:in `show'
    haml (2.2.2) rails/./lib/sass/plugin/rails.rb:19:in `process'

Rendered rescues/_trace (42.0ms)
Rendered rescues/_request_and_response (0.3ms)
Rendering rescues/layout (internal_server_error)


Processing CommentsController#show (for 127.0.0.1 at 2009-10-17 00:06:14) [GET]
  Parameters: {"id"=>"1"}
  [4;36;1mComment Load (0.2ms)[0m   [0;1mSELECT * FROM "comments" WHERE ("comments"."id" = 1) [0m
Rendering template within layouts/application
Rendering comments/show
  [4;35;1mPost Load (0.3ms)[0m   [0mSELECT * FROM "posts" WHERE ("posts"."id" = 1) [0m

ActionView::TemplateError (undefined method `parent_comment' for #<Comment:0xb6fe868c>) on line #8 of app/views/comments/show.html.erb:
5: 
6: <p>
7:   <b>Parent comment:</b>
8:   <%=h @comment.parent_comment %>
9: </p>
10: 
11: <p>

    app/views/comments/show.html.erb:8
    haml (2.2.2) lib/haml/helpers/action_view_mods.rb:13:in `render'
    haml (2.2.2) lib/haml/helpers/action_view_mods.rb:13:in `render'
    app/controllers/comments_controller.rb:18:in `show'
    haml (2.2.2) rails/./lib/sass/plugin/rails.rb:19:in `process'

Rendered rescues/_trace (106.2ms)
Rendered rescues/_request_and_response (0.3ms)
Rendering rescues/layout (internal_server_error)


Processing CommentsController#show (for 127.0.0.1 at 2009-10-17 00:06:45) [GET]
  Parameters: {"id"=>"1"}
  [4;36;1mComment Load (0.2ms)[0m   [0;1mSELECT * FROM "comments" WHERE ("comments"."id" = 1) [0m
Rendering template within layouts/application
Rendering comments/show
  [4;35;1mPost Load (0.2ms)[0m   [0mSELECT * FROM "posts" WHERE ("posts"."id" = 1) [0m

ActionView::TemplateError (undefined method `parent_comment' for #<Comment:0xb718fa80>) on line #8 of app/views/comments/show.html.erb:
5: 
6: <p>
7:   <b>Parent comment:</b>
8:   <%=h @comment.parent_comment %>
9: </p>
10: 
11: <p>

    app/views/comments/show.html.erb:8
    haml (2.2.2) lib/haml/helpers/action_view_mods.rb:13:in `render'
    haml (2.2.2) lib/haml/helpers/action_view_mods.rb:13:in `render'
    app/controllers/comments_controller.rb:18:in `show'
    haml (2.2.2) rails/./lib/sass/plugin/rails.rb:19:in `process'

Rendered rescues/_trace (44.8ms)
Rendered rescues/_request_and_response (0.2ms)
Rendering rescues/layout (internal_server_error)


Processing CommentsController#show (for 127.0.0.1 at 2009-10-17 00:06:46) [GET]
  Parameters: {"id"=>"1"}
  [4;36;1mComment Load (0.3ms)[0m   [0;1mSELECT * FROM "comments" WHERE ("comments"."id" = 1) [0m
Rendering template within layouts/application
Rendering comments/show
  [4;35;1mPost Load (0.2ms)[0m   [0mSELECT * FROM "posts" WHERE ("posts"."id" = 1) [0m

ActionView::TemplateError (undefined method `parent_comment' for #<Comment:0xb6f5c484>) on line #8 of app/views/comments/show.html.erb:
5: 
6: <p>
7:   <b>Parent comment:</b>
8:   <%=h @comment.parent_comment %>
9: </p>
10: 
11: <p>

    app/views/comments/show.html.erb:8
    haml (2.2.2) lib/haml/helpers/action_view_mods.rb:13:in `render'
    haml (2.2.2) lib/haml/helpers/action_view_mods.rb:13:in `render'
    app/controllers/comments_controller.rb:18:in `show'
    haml (2.2.2) rails/./lib/sass/plugin/rails.rb:19:in `process'

Rendered rescues/_trace (106.2ms)
Rendered rescues/_request_and_response (0.3ms)
Rendering rescues/layout (internal_server_error)


Processing CommentsController#show (for 127.0.0.1 at 2009-10-17 00:06:47) [GET]
  Parameters: {"id"=>"1"}
  [4;36;1mComment Load (0.3ms)[0m   [0;1mSELECT * FROM "comments" WHERE ("comments"."id" = 1) [0m
Rendering template within layouts/application
Rendering comments/show
  [4;35;1mPost Load (0.2ms)[0m   [0mSELECT * FROM "posts" WHERE ("posts"."id" = 1) [0m

ActionView::TemplateError (undefined method `parent_comment' for #<Comment:0xb70dc034>) on line #8 of app/views/comments/show.html.erb:
5: 
6: <p>
7:   <b>Parent comment:</b>
8:   <%=h @comment.parent_comment %>
9: </p>
10: 
11: <p>

    app/views/comments/show.html.erb:8
    haml (2.2.2) lib/haml/helpers/action_view_mods.rb:13:in `render'
    haml (2.2.2) lib/haml/helpers/action_view_mods.rb:13:in `render'
    app/controllers/comments_controller.rb:18:in `show'
    haml (2.2.2) rails/./lib/sass/plugin/rails.rb:19:in `process'

Rendered rescues/_trace (39.5ms)
Rendered rescues/_request_and_response (0.3ms)
Rendering rescues/layout (internal_server_error)


Processing CommentsController#show (for 127.0.0.1 at 2009-10-17 00:07:51) [GET]
  Parameters: {"id"=>"1"}
  [4;36;1mComment Load (0.2ms)[0m   [0;1mSELECT * FROM "comments" WHERE ("comments"."id" = 1) [0m
Rendering template within layouts/application
Rendering comments/show
  [4;35;1mPost Load (0.2ms)[0m   [0mSELECT * FROM "posts" WHERE ("posts"."id" = 1) [0m
  [4;36;1mComment Load (0.0ms)[0m   [0;1mSQLite3::SQLException: no such column: comments.comment_id: SELECT * FROM "comments" WHERE ("comments".comment_id = 1) LIMIT 1[0m

ActionView::TemplateError (SQLite3::SQLException: no such column: comments.comment_id: SELECT * FROM "comments" WHERE ("comments".comment_id = 1)  LIMIT 1) on line #8 of app/views/comments/show.html.erb:
5: 
6: <p>
7:   <b>Parent comment:</b>
8:   <%=h @comment.parent_comment %>
9: </p>
10: 
11: <p>

    app/views/comments/show.html.erb:8
    haml (2.2.2) lib/haml/helpers/action_view_mods.rb:13:in `render'
    haml (2.2.2) lib/haml/helpers/action_view_mods.rb:13:in `render'
    app/controllers/comments_controller.rb:18:in `show'
    haml (2.2.2) rails/./lib/sass/plugin/rails.rb:19:in `process'

Rendered rescues/_trace (48.5ms)
Rendered rescues/_request_and_response (0.3ms)
Rendering rescues/layout (internal_server_error)


Processing CommentsController#show (for 127.0.0.1 at 2009-10-17 00:07:52) [GET]
  Parameters: {"id"=>"1"}
  [4;35;1mComment Load (0.3ms)[0m   [0mSELECT * FROM "comments" WHERE ("comments"."id" = 1) [0m
Rendering template within layouts/application
Rendering comments/show
  [4;36;1mPost Load (0.2ms)[0m   [0;1mSELECT * FROM "posts" WHERE ("posts"."id" = 1) [0m
  [4;35;1mComment Load (0.0ms)[0m   [0mSQLite3::SQLException: no such column: comments.comment_id: SELECT * FROM "comments" WHERE ("comments".comment_id = 1) LIMIT 1[0m

ActionView::TemplateError (SQLite3::SQLException: no such column: comments.comment_id: SELECT * FROM "comments" WHERE ("comments".comment_id = 1)  LIMIT 1) on line #8 of app/views/comments/show.html.erb:
5: 
6: <p>
7:   <b>Parent comment:</b>
8:   <%=h @comment.parent_comment %>
9: </p>
10: 
11: <p>

    app/views/comments/show.html.erb:8
    haml (2.2.2) lib/haml/helpers/action_view_mods.rb:13:in `render'
    haml (2.2.2) lib/haml/helpers/action_view_mods.rb:13:in `render'
    app/controllers/comments_controller.rb:18:in `show'
    haml (2.2.2) rails/./lib/sass/plugin/rails.rb:19:in `process'

Rendered rescues/_trace (115.7ms)
Rendered rescues/_request_and_response (0.2ms)
Rendering rescues/layout (internal_server_error)


Processing CommentsController#show (for 127.0.0.1 at 2009-10-17 00:08:34) [GET]
  Parameters: {"id"=>"1"}
  [4;36;1mComment Load (0.3ms)[0m   [0;1mSELECT * FROM "comments" WHERE ("comments"."id" = 1) [0m
Rendering template within layouts/application
Rendering comments/show
  [4;35;1mPost Load (0.3ms)[0m   [0mSELECT * FROM "posts" WHERE ("posts"."id" = 1) [0m
  [4;36;1mComment Load (0.0ms)[0m   [0;1mSQLite3::SQLException: no such column: comments.comment_id: SELECT * FROM "comments" WHERE ("comments".comment_id = 1) LIMIT 1[0m

ActionView::TemplateError (SQLite3::SQLException: no such column: comments.comment_id: SELECT * FROM "comments" WHERE ("comments".comment_id = 1)  LIMIT 1) on line #8 of app/views/comments/show.html.erb:
5: 
6: <p>
7:   <b>Parent comment:</b>
8:   <%=h @comment.parent_comment %>
9: </p>
10: 
11: <p>

    app/views/comments/show.html.erb:8
    haml (2.2.2) lib/haml/helpers/action_view_mods.rb:13:in `render'
    haml (2.2.2) lib/haml/helpers/action_view_mods.rb:13:in `render'
    app/controllers/comments_controller.rb:18:in `show'
    haml (2.2.2) rails/./lib/sass/plugin/rails.rb:19:in `process'

Rendered rescues/_trace (47.6ms)
Rendered rescues/_request_and_response (0.3ms)
Rendering rescues/layout (internal_server_error)


Processing CommentsController#show (for 127.0.0.1 at 2009-10-17 00:08:35) [GET]
  Parameters: {"id"=>"1"}
  [4;35;1mComment Load (0.2ms)[0m   [0mSELECT * FROM "comments" WHERE ("comments"."id" = 1) [0m
Rendering template within layouts/application
Rendering comments/show
  [4;36;1mPost Load (0.2ms)[0m   [0;1mSELECT * FROM "posts" WHERE ("posts"."id" = 1) [0m
  [4;35;1mComment Load (0.0ms)[0m   [0mSQLite3::SQLException: no such column: comments.comment_id: SELECT * FROM "comments" WHERE ("comments".comment_id = 1) LIMIT 1[0m

ActionView::TemplateError (SQLite3::SQLException: no such column: comments.comment_id: SELECT * FROM "comments" WHERE ("comments".comment_id = 1)  LIMIT 1) on line #8 of app/views/comments/show.html.erb:
5: 
6: <p>
7:   <b>Parent comment:</b>
8:   <%=h @comment.parent_comment %>
9: </p>
10: 
11: <p>

    app/views/comments/show.html.erb:8
    haml (2.2.2) lib/haml/helpers/action_view_mods.rb:13:in `render'
    haml (2.2.2) lib/haml/helpers/action_view_mods.rb:13:in `render'
    app/controllers/comments_controller.rb:18:in `show'
    haml (2.2.2) rails/./lib/sass/plugin/rails.rb:19:in `process'

Rendered rescues/_trace (49.1ms)
Rendered rescues/_request_and_response (0.2ms)
Rendering rescues/layout (internal_server_error)


Processing CommentsController#show (for 127.0.0.1 at 2009-10-17 00:08:51) [GET]
  Parameters: {"id"=>"1"}
  [4;36;1mComment Load (0.2ms)[0m   [0;1mSELECT * FROM "comments" WHERE ("comments"."id" = 1) [0m
Rendering template within layouts/application
Rendering comments/show
  [4;35;1mPost Load (0.2ms)[0m   [0mSELECT * FROM "posts" WHERE ("posts"."id" = 1) [0m
  [4;36;1mComment Load (0.1ms)[0m   [0;1mSELECT * FROM "comments" WHERE ("comments".parent_comment_id = 1) LIMIT 1[0m
Rendered shared/_header (0.1ms)
Rendered shared/_footer (0.1ms)
Completed in 13ms (View: 7, DB: 1) | 200 OK [http://localhost/comments/1]


Processing CommentsController#show (for 127.0.0.1 at 2009-10-17 00:08:52) [GET]
  Parameters: {"id"=>"1"}
  [4;35;1mComment Load (0.2ms)[0m   [0mSELECT * FROM "comments" WHERE ("comments"."id" = 1) [0m
Rendering template within layouts/application
Rendering comments/show
  [4;36;1mPost Load (0.2ms)[0m   [0;1mSELECT * FROM "posts" WHERE ("posts"."id" = 1) [0m
  [4;35;1mComment Load (0.1ms)[0m   [0mSELECT * FROM "comments" WHERE ("comments".parent_comment_id = 1) LIMIT 1[0m
Rendered shared/_header (0.1ms)
Rendered shared/_footer (0.1ms)
Completed in 28ms (View: 7, DB: 1) | 200 OK [http://localhost/comments/1]


Processing CommentsController#index (for 127.0.0.1 at 2009-10-17 00:09:14) [GET]
  [4;36;1mComment Load (0.5ms)[0m   [0;1mSELECT * FROM "comments" [0m
Rendering template within layouts/application
Rendering comments/index
  [4;35;1mPost Load (0.3ms)[0m   [0mSELECT * FROM "posts" WHERE ("posts"."id" = 1) [0m
  [4;36;1mComment Load (0.1ms)[0m   [0;1mSELECT * FROM "comments" WHERE ("comments".parent_comment_id = 1) LIMIT 1[0m
Rendered shared/_header (0.1ms)
Rendered shared/_footer (0.1ms)
Completed in 17ms (View: 11, DB: 1) | 200 OK [http://localhost/comments]


Processing CommentsController#new (for 127.0.0.1 at 2009-10-17 00:09:17) [GET]
Rendering template within layouts/application
Rendering comments/new
Rendered shared/_header (0.1ms)
Rendered shared/_footer (0.1ms)
Completed in 14ms (View: 8, DB: 0) | 200 OK [http://localhost/comments/new]


Processing CommentsController#create (for 127.0.0.1 at 2009-10-17 00:09:26) [POST]
  Parameters: {"comment"=>{"commenter_email"=>"bb", "body"=>"bb", "post_id"=>"1", "parent_comment_id"=>"1", "commenter_name"=>"bb"}, "commit"=>"Create", "authenticity_token"=>"7FWtnp9hkfYyIhvtkDdq4cnSyvvjgWHYLL0csyQiKXw="}
  [4;35;1mComment Create (0.2ms)[0m   [0mINSERT INTO "comments" ("commenter_email", "created_at", "body", "updated_at", "post_id", "parent_comment_id", "commenter_name") VALUES('bb', '2009-10-16 20:09:26', 'bb', '2009-10-16 20:09:26', 1, 1, 'bb')[0m
Redirected to http://localhost:3000/comments/2
Completed in 136ms (DB: 0) | 302 Found [http://localhost/comments]


Processing CommentsController#show (for 127.0.0.1 at 2009-10-17 00:09:26) [GET]
  Parameters: {"id"=>"2"}
  [4;36;1mComment Load (0.2ms)[0m   [0;1mSELECT * FROM "comments" WHERE ("comments"."id" = 2) [0m
Rendering template within layouts/application
Rendering comments/show
  [4;35;1mPost Load (0.3ms)[0m   [0mSELECT * FROM "posts" WHERE ("posts"."id" = 1) [0m
  [4;36;1mComment Load (0.1ms)[0m   [0;1mSELECT * FROM "comments" WHERE ("comments".parent_comment_id = 2) LIMIT 1[0m
Rendered shared/_header (0.1ms)
Rendered shared/_footer (0.1ms)
Completed in 14ms (View: 8, DB: 1) | 200 OK [http://localhost/comments/2]


Processing CommentsController#index (for 127.0.0.1 at 2009-10-17 00:09:30) [GET]
  [4;35;1mComment Load (0.7ms)[0m   [0mSELECT * FROM "comments" [0m
Rendering template within layouts/application
Rendering comments/index
  [4;36;1mPost Load (0.2ms)[0m   [0;1mSELECT * FROM "posts" WHERE ("posts"."id" = 1) [0m
  [4;35;1mComment Load (0.2ms)[0m   [0mSELECT * FROM "comments" WHERE ("comments".parent_comment_id = 1) LIMIT 1[0m
  [4;36;1mCACHE (0.0ms)[0m   [0;1mSELECT * FROM "posts" WHERE ("posts"."id" = 1) [0m
  [4;35;1mComment Load (0.2ms)[0m   [0mSELECT * FROM "comments" WHERE ("comments".parent_comment_id = 2) LIMIT 1[0m
Rendered shared/_header (0.1ms)
Rendered shared/_footer (0.1ms)
Completed in 21ms (View: 15, DB: 1) | 200 OK [http://localhost/comments]


Processing HomeController#index (for 127.0.0.1 at 2009-10-17 00:25:16) [GET]
  [4;36;1mPost Load (0.2ms)[0m   [0;1mSELECT * FROM "posts" WHERE ("posts"."status" = 'published') [0m
Rendering template within layouts/application
Rendering home/index
Rendered shared/_header (0.1ms)
Rendered shared/_footer (0.1ms)
Completed in 24ms (View: 3, DB: 0) | 200 OK [http://localhost/]


Processing PostsController#show (for 127.0.0.1 at 2009-10-17 00:25:19) [GET]
  Parameters: {"id"=>"1"}
  [4;35;1mPost Load (0.2ms)[0m   [0mSELECT * FROM "posts" WHERE ("posts"."id" = 1) [0m
Rendering template within layouts/application
Rendering posts/show
  [4;36;1mComment Load (0.4ms)[0m   [0;1mSELECT * FROM "comments" WHERE ("comments".post_id = 1) [0m

ActionView::TemplateError (Missing template comments/_show.erb in view path app/views) on line #10 of app/views/posts/show.html.haml:
7: 
8: %p
9:     -for comment in @post.comments
10:         =render :partial => "comments/show", :locals => {:comment => comment}

    haml (2.2.2) lib/haml/helpers/action_view_mods.rb:11:in `render'
    haml (2.2.2) lib/haml/helpers.rb:96:in `non_haml'
    haml (2.2.2) lib/haml/helpers/action_view_mods.rb:11:in `render'
    app/views/posts/show.html.haml:10:in `_run_haml_app47views47posts47show46html46haml'
    app/views/posts/show.html.haml:9:in `_run_haml_app47views47posts47show46html46haml'
    haml (2.2.2) lib/haml/helpers/action_view_mods.rb:13:in `render'
    haml (2.2.2) lib/haml/helpers/action_view_mods.rb:13:in `render'
    app/controllers/posts_controller.rb:18:in `show'
    haml (2.2.2) rails/./lib/sass/plugin/rails.rb:19:in `process'

Rendered rescues/_trace (46.4ms)
Rendered rescues/_request_and_response (0.3ms)
Rendering rescues/layout (internal_server_error)


Processing PostsController#show (for 127.0.0.1 at 2009-10-17 00:25:53) [GET]
  Parameters: {"id"=>"1"}
  [4;35;1mPost Load (0.2ms)[0m   [0mSELECT * FROM "posts" WHERE ("posts"."id" = 1) [0m
Rendering template within layouts/application
Rendering posts/show
  [4;36;1mComment Load (0.5ms)[0m   [0;1mSELECT * FROM "comments" WHERE ("comments".post_id = 1) [0m

ActionView::TemplateError (Missing template comments/_show.erb in view path app/views) on line #10 of app/views/posts/show.html.haml:
7: 
8: %p
9:     -for comment in @post.comments
10:         =render "comments/show", :locals => {:comment => comment}

    haml (2.2.2) lib/haml/helpers/action_view_mods.rb:11:in `render'
    haml (2.2.2) lib/haml/helpers.rb:96:in `non_haml'
    haml (2.2.2) lib/haml/helpers/action_view_mods.rb:11:in `render'
    app/views/posts/show.html.haml:10:in `_run_haml_app47views47posts47show46html46haml'
    app/views/posts/show.html.haml:9:in `_run_haml_app47views47posts47show46html46haml'
    haml (2.2.2) lib/haml/helpers/action_view_mods.rb:13:in `render'
    haml (2.2.2) lib/haml/helpers/action_view_mods.rb:13:in `render'
    app/controllers/posts_controller.rb:18:in `show'
    haml (2.2.2) rails/./lib/sass/plugin/rails.rb:19:in `process'

Rendered rescues/_trace (50.5ms)
Rendered rescues/_request_and_response (0.3ms)
Rendering rescues/layout (internal_server_error)


Processing PostsController#show (for 127.0.0.1 at 2009-10-17 00:25:53) [GET]
  Parameters: {"id"=>"1"}
  [4;35;1mPost Load (0.3ms)[0m   [0mSELECT * FROM "posts" WHERE ("posts"."id" = 1) [0m
Rendering template within layouts/application
Rendering posts/show
  [4;36;1mComment Load (0.4ms)[0m   [0;1mSELECT * FROM "comments" WHERE ("comments".post_id = 1) [0m

ActionView::TemplateError (Missing template comments/_show.erb in view path app/views) on line #10 of app/views/posts/show.html.haml:
7: 
8: %p
9:     -for comment in @post.comments
10:         =render "comments/show", :locals => {:comment => comment}

    haml (2.2.2) lib/haml/helpers/action_view_mods.rb:11:in `render'
    haml (2.2.2) lib/haml/helpers.rb:96:in `non_haml'
    haml (2.2.2) lib/haml/helpers/action_view_mods.rb:11:in `render'
    app/views/posts/show.html.haml:10:in `_run_haml_app47views47posts47show46html46haml'
    app/views/posts/show.html.haml:9:in `_run_haml_app47views47posts47show46html46haml'
    haml (2.2.2) lib/haml/helpers/action_view_mods.rb:13:in `render'
    haml (2.2.2) lib/haml/helpers/action_view_mods.rb:13:in `render'
    app/controllers/posts_controller.rb:18:in `show'
    haml (2.2.2) rails/./lib/sass/plugin/rails.rb:19:in `process'

Rendered rescues/_trace (114.2ms)
Rendered rescues/_request_and_response (0.3ms)
Rendering rescues/layout (internal_server_error)


Processing PostsController#show (for 127.0.0.1 at 2009-10-17 00:25:54) [GET]
  Parameters: {"id"=>"1"}
  [4;35;1mPost Load (0.3ms)[0m   [0mSELECT * FROM "posts" WHERE ("posts"."id" = 1) [0m
Rendering template within layouts/application
Rendering posts/show
  [4;36;1mComment Load (0.4ms)[0m   [0;1mSELECT * FROM "comments" WHERE ("comments".post_id = 1) [0m

ActionView::TemplateError (Missing template comments/_show.erb in view path app/views) on line #10 of app/views/posts/show.html.haml:
7: 
8: %p
9:     -for comment in @post.comments
10:         =render "comments/show", :locals => {:comment => comment}

    haml (2.2.2) lib/haml/helpers/action_view_mods.rb:11:in `render'
    haml (2.2.2) lib/haml/helpers.rb:96:in `non_haml'
    haml (2.2.2) lib/haml/helpers/action_view_mods.rb:11:in `render'
    app/views/posts/show.html.haml:10:in `_run_haml_app47views47posts47show46html46haml'
    app/views/posts/show.html.haml:9:in `_run_haml_app47views47posts47show46html46haml'
    haml (2.2.2) lib/haml/helpers/action_view_mods.rb:13:in `render'
    haml (2.2.2) lib/haml/helpers/action_view_mods.rb:13:in `render'
    app/controllers/posts_controller.rb:18:in `show'
    haml (2.2.2) rails/./lib/sass/plugin/rails.rb:19:in `process'

Rendered rescues/_trace (46.8ms)
Rendered rescues/_request_and_response (0.3ms)
Rendering rescues/layout (internal_server_error)


Processing PostsController#show (for 127.0.0.1 at 2009-10-17 00:25:54) [GET]
  Parameters: {"id"=>"1"}
  [4;35;1mPost Load (0.2ms)[0m   [0mSELECT * FROM "posts" WHERE ("posts"."id" = 1) [0m
Rendering template within layouts/application
Rendering posts/show
  [4;36;1mComment Load (0.4ms)[0m   [0;1mSELECT * FROM "comments" WHERE ("comments".post_id = 1) [0m

ActionView::TemplateError (Missing template comments/_show.erb in view path app/views) on line #10 of app/views/posts/show.html.haml:
7: 
8: %p
9:     -for comment in @post.comments
10:         =render "comments/show", :locals => {:comment => comment}

    haml (2.2.2) lib/haml/helpers/action_view_mods.rb:11:in `render'
    haml (2.2.2) lib/haml/helpers.rb:96:in `non_haml'
    haml (2.2.2) lib/haml/helpers/action_view_mods.rb:11:in `render'
    app/views/posts/show.html.haml:10:in `_run_haml_app47views47posts47show46html46haml'
    app/views/posts/show.html.haml:9:in `_run_haml_app47views47posts47show46html46haml'
    haml (2.2.2) lib/haml/helpers/action_view_mods.rb:13:in `render'
    haml (2.2.2) lib/haml/helpers/action_view_mods.rb:13:in `render'
    app/controllers/posts_controller.rb:18:in `show'
    haml (2.2.2) rails/./lib/sass/plugin/rails.rb:19:in `process'

Rendered rescues/_trace (49.8ms)
Rendered rescues/_request_and_response (0.3ms)
Rendering rescues/layout (internal_server_error)


Processing PostsController#show (for 127.0.0.1 at 2009-10-17 00:25:55) [GET]
  Parameters: {"id"=>"1"}
  [4;35;1mPost Load (0.2ms)[0m   [0mSELECT * FROM "posts" WHERE ("posts"."id" = 1) [0m
Rendering template within layouts/application
Rendering posts/show
  [4;36;1mComment Load (0.3ms)[0m   [0;1mSELECT * FROM "comments" WHERE ("comments".post_id = 1) [0m

ActionView::TemplateError (Missing template comments/_show.erb in view path app/views) on line #10 of app/views/posts/show.html.haml:
7: 
8: %p
9:     -for comment in @post.comments
10:         =render "comments/show", :locals => {:comment => comment}

    haml (2.2.2) lib/haml/helpers/action_view_mods.rb:11:in `render'
    haml (2.2.2) lib/haml/helpers.rb:96:in `non_haml'
    haml (2.2.2) lib/haml/helpers/action_view_mods.rb:11:in `render'
    app/views/posts/show.html.haml:10:in `_run_haml_app47views47posts47show46html46haml'
    app/views/posts/show.html.haml:9:in `_run_haml_app47views47posts47show46html46haml'
    haml (2.2.2) lib/haml/helpers/action_view_mods.rb:13:in `render'
    haml (2.2.2) lib/haml/helpers/action_view_mods.rb:13:in `render'
    app/controllers/posts_controller.rb:18:in `show'
    haml (2.2.2) rails/./lib/sass/plugin/rails.rb:19:in `process'

Rendered rescues/_trace (121.3ms)
Rendered rescues/_request_and_response (0.3ms)
Rendering rescues/layout (internal_server_error)


Processing PostsController#show (for 127.0.0.1 at 2009-10-17 00:25:56) [GET]
  Parameters: {"id"=>"1"}
  [4;35;1mPost Load (0.2ms)[0m   [0mSELECT * FROM "posts" WHERE ("posts"."id" = 1) [0m
Rendering template within layouts/application
Rendering posts/show
  [4;36;1mComment Load (0.4ms)[0m   [0;1mSELECT * FROM "comments" WHERE ("comments".post_id = 1) [0m

ActionView::TemplateError (Missing template comments/_show.erb in view path app/views) on line #10 of app/views/posts/show.html.haml:
7: 
8: %p
9:     -for comment in @post.comments
10:         =render "comments/show", :locals => {:comment => comment}

    haml (2.2.2) lib/haml/helpers/action_view_mods.rb:11:in `render'
    haml (2.2.2) lib/haml/helpers.rb:96:in `non_haml'
    haml (2.2.2) lib/haml/helpers/action_view_mods.rb:11:in `render'
    app/views/posts/show.html.haml:10:in `_run_haml_app47views47posts47show46html46haml'
    app/views/posts/show.html.haml:9:in `_run_haml_app47views47posts47show46html46haml'
    haml (2.2.2) lib/haml/helpers/action_view_mods.rb:13:in `render'
    haml (2.2.2) lib/haml/helpers/action_view_mods.rb:13:in `render'
    app/controllers/posts_controller.rb:18:in `show'
    haml (2.2.2) rails/./lib/sass/plugin/rails.rb:19:in `process'

Rendered rescues/_trace (49.3ms)
Rendered rescues/_request_and_response (0.3ms)
Rendering rescues/layout (internal_server_error)


Processing PostsController#show (for 127.0.0.1 at 2009-10-17 00:26:14) [GET]
  Parameters: {"id"=>"1"}
  [4;35;1mPost Load (0.2ms)[0m   [0mSELECT * FROM "posts" WHERE ("posts"."id" = 1) [0m
Rendering template within layouts/application
Rendering posts/show
  [4;36;1mComment Load (0.4ms)[0m   [0;1mSELECT * FROM "comments" WHERE ("comments".post_id = 1) [0m

ActionView::TemplateError (You have a nil object when you didn't expect it!
The error occurred while evaluating nil.post) on line #3 of app/views/comments/_show.html.erb:
1: <p>
2:   <b>Post:</b>
3:   <%=h @comment.post %>
4: </p>
5: 
6: <p>

    app/views/comments/_show.html.erb:3
    haml (2.2.2) lib/haml/helpers/action_view_mods.rb:11:in `render'
    haml (2.2.2) lib/haml/helpers.rb:96:in `non_haml'
    haml (2.2.2) lib/haml/helpers/action_view_mods.rb:11:in `render'
    app/views/posts/show.html.haml:10:in `_run_haml_app47views47posts47show46html46haml'
    app/views/posts/show.html.haml:9:in `_run_haml_app47views47posts47show46html46haml'
    haml (2.2.2) lib/haml/helpers/action_view_mods.rb:13:in `render'
    haml (2.2.2) lib/haml/helpers/action_view_mods.rb:13:in `render'
    app/controllers/posts_controller.rb:18:in `show'
    haml (2.2.2) rails/./lib/sass/plugin/rails.rb:19:in `process'

Rendered rescues/_trace (58.4ms)
Rendered rescues/_request_and_response (0.3ms)
Rendering rescues/layout (internal_server_error)


Processing PostsController#show (for 127.0.0.1 at 2009-10-17 00:26:15) [GET]
  Parameters: {"id"=>"1"}
  [4;35;1mPost Load (0.4ms)[0m   [0mSELECT * FROM "posts" WHERE ("posts"."id" = 1) [0m
Rendering template within layouts/application
Rendering posts/show
  [4;36;1mComment Load (0.5ms)[0m   [0;1mSELECT * FROM "comments" WHERE ("comments".post_id = 1) [0m

ActionView::TemplateError (You have a nil object when you didn't expect it!
The error occurred while evaluating nil.post) on line #3 of app/views/comments/_show.html.erb:
1: <p>
2:   <b>Post:</b>
3:   <%=h @comment.post %>
4: </p>
5: 
6: <p>

    app/views/comments/_show.html.erb:3
    haml (2.2.2) lib/haml/helpers/action_view_mods.rb:11:in `render'
    haml (2.2.2) lib/haml/helpers.rb:96:in `non_haml'
    haml (2.2.2) lib/haml/helpers/action_view_mods.rb:11:in `render'
    app/views/posts/show.html.haml:10:in `_run_haml_app47views47posts47show46html46haml'
    app/views/posts/show.html.haml:9:in `_run_haml_app47views47posts47show46html46haml'
    haml (2.2.2) lib/haml/helpers/action_view_mods.rb:13:in `render'
    haml (2.2.2) lib/haml/helpers/action_view_mods.rb:13:in `render'
    app/controllers/posts_controller.rb:18:in `show'
    haml (2.2.2) rails/./lib/sass/plugin/rails.rb:19:in `process'

Rendered rescues/_trace (55.6ms)
Rendered rescues/_request_and_response (0.3ms)
Rendering rescues/layout (internal_server_error)


Processing PostsController#show (for 127.0.0.1 at 2009-10-17 00:27:35) [GET]
  Parameters: {"id"=>"1"}
  [4;35;1mPost Load (0.2ms)[0m   [0mSELECT * FROM "posts" WHERE ("posts"."id" = 1) [0m
Rendering template within layouts/application
Rendering posts/show
  [4;36;1mComment Load (0.4ms)[0m   [0;1mSELECT * FROM "comments" WHERE ("comments".post_id = 1) [0m
  [4;35;1mComment Load (0.4ms)[0m   [0mSELECT * FROM "comments" WHERE ("comments".parent_comment_id = 1) LIMIT 1[0m

ActionView::TemplateError (undefined method `commenter' for #<Comment:0xb7043460>) on line #2 of app/views/comments/_show.html.haml:
1: =comment.parent_comment
2: =comment.commenter
3: =comment.body

    app/views/comments/_show.html.haml:2:in `_run_haml_app47views47comments47_show46html46haml_locals_comment_object_show'
    haml (2.2.2) lib/haml/helpers/action_view_mods.rb:11:in `render'
    haml (2.2.2) lib/haml/helpers.rb:96:in `non_haml'
    haml (2.2.2) lib/haml/helpers/action_view_mods.rb:11:in `render'
    app/views/posts/show.html.haml:10:in `_run_haml_app47views47posts47show46html46haml'
    app/views/posts/show.html.haml:9:in `_run_haml_app47views47posts47show46html46haml'
    haml (2.2.2) lib/haml/helpers/action_view_mods.rb:13:in `render'
    haml (2.2.2) lib/haml/helpers/action_view_mods.rb:13:in `render'
    app/controllers/posts_controller.rb:18:in `show'
    haml (2.2.2) rails/./lib/sass/plugin/rails.rb:19:in `process'

Rendered rescues/_trace (115.9ms)
Rendered rescues/_request_and_response (0.3ms)
Rendering rescues/layout (internal_server_error)


Processing PostsController#show (for 127.0.0.1 at 2009-10-17 00:27:45) [GET]
  Parameters: {"id"=>"1"}
  [4;36;1mPost Load (0.4ms)[0m   [0;1mSELECT * FROM "posts" WHERE ("posts"."id" = 1) [0m
Rendering template within layouts/application
Rendering posts/show
  [4;35;1mComment Load (0.4ms)[0m   [0mSELECT * FROM "comments" WHERE ("comments".post_id = 1) [0m
  [4;36;1mComment Load (0.4ms)[0m   [0;1mSELECT * FROM "comments" WHERE ("comments".parent_comment_id = 1) LIMIT 1[0m
Rendered comments/_show (1.8ms)
  [4;35;1mComment Load (0.1ms)[0m   [0mSELECT * FROM "comments" WHERE ("comments".parent_comment_id = 2) LIMIT 1[0m
Rendered comments/_show (0.6ms)
Rendered shared/_header (0.1ms)
Rendered shared/_footer (0.1ms)
Completed in 20ms (View: 13, DB: 1) | 200 OK [http://localhost/posts/1]


Processing PostsController#show (for 127.0.0.1 at 2009-10-17 00:27:46) [GET]
  Parameters: {"id"=>"1"}
  [4;36;1mPost Load (0.2ms)[0m   [0;1mSELECT * FROM "posts" WHERE ("posts"."id" = 1) [0m
Rendering template within layouts/application
Rendering posts/show
  [4;35;1mComment Load (0.4ms)[0m   [0mSELECT * FROM "comments" WHERE ("comments".post_id = 1) [0m
  [4;36;1mComment Load (0.2ms)[0m   [0;1mSELECT * FROM "comments" WHERE ("comments".parent_comment_id = 1) LIMIT 1[0m
Rendered comments/_show (0.8ms)
  [4;35;1mComment Load (0.1ms)[0m   [0mSELECT * FROM "comments" WHERE ("comments".parent_comment_id = 2) LIMIT 1[0m
Rendered comments/_show (0.5ms)
Rendered shared/_header (0.1ms)
Rendered shared/_footer (0.1ms)
Completed in 16ms (View: 9, DB: 1) | 200 OK [http://localhost/posts/1]


Processing PostsController#show (for 127.0.0.1 at 2009-10-17 00:29:48) [GET]
  Parameters: {"id"=>"1"}
  [4;36;1mPost Load (0.2ms)[0m   [0;1mSELECT * FROM "posts" WHERE ("posts"."id" = 1) [0m
Rendering template within layouts/application
Rendering posts/show
  [4;35;1mComment Load (0.4ms)[0m   [0mSELECT * FROM "comments" WHERE ("comments".post_id = 1) [0m
  [4;36;1mComment Load (0.3ms)[0m   [0;1mSELECT * FROM "comments" WHERE ("comments".parent_comment_id = 1) LIMIT 1[0m
Rendered comments/_show (1.0ms)
  [4;35;1mComment Load (0.1ms)[0m   [0mSELECT * FROM "comments" WHERE ("comments".parent_comment_id = 2) LIMIT 1[0m
Rendered comments/_show (0.5ms)
Rendered shared/_header (0.1ms)
Rendered shared/_footer (0.1ms)
Completed in 20ms (View: 14, DB: 1) | 200 OK [http://localhost/posts/1]


Processing PostsController#show (for 127.0.0.1 at 2009-10-17 00:29:48) [GET]
  Parameters: {"id"=>"1"}
  [4;36;1mPost Load (1.1ms)[0m   [0;1mSELECT * FROM "posts" WHERE ("posts"."id" = 1) [0m
Rendering template within layouts/application
Rendering posts/show
  [4;35;1mComment Load (0.4ms)[0m   [0mSELECT * FROM "comments" WHERE ("comments".post_id = 1) [0m
  [4;36;1mComment Load (0.3ms)[0m   [0;1mSELECT * FROM "comments" WHERE ("comments".parent_comment_id = 1) LIMIT 1[0m
Rendered comments/_show (1.1ms)
  [4;35;1mComment Load (0.1ms)[0m   [0mSELECT * FROM "comments" WHERE ("comments".parent_comment_id = 2) LIMIT 1[0m
Rendered comments/_show (0.5ms)
Rendered shared/_header (0.1ms)
Rendered shared/_footer (0.1ms)
Completed in 72ms (View: 13, DB: 2) | 200 OK [http://localhost/posts/1]


Processing PostsController#show (for 127.0.0.1 at 2009-10-17 00:30:16) [GET]
  Parameters: {"id"=>"1"}
  [4;36;1mPost Load (0.2ms)[0m   [0;1mSELECT * FROM "posts" WHERE ("posts"."id" = 1) [0m
Rendering template within layouts/application
Rendering posts/show
  [4;35;1mComment Load (0.4ms)[0m   [0mSELECT * FROM "comments" WHERE ("comments".post_id = 1) [0m
  [4;36;1mComment Load (0.4ms)[0m   [0;1mSELECT * FROM "comments" WHERE ("comments".parent_comment_id = 1) LIMIT 1[0m
Rendered comments/_show (2.0ms)
  [4;35;1mComment Load (0.1ms)[0m   [0mSELECT * FROM "comments" WHERE ("comments".parent_comment_id = 2) LIMIT 1[0m

ActionView::TemplateError (Called id for nil, which would mistakenly be 4 -- if you really wanted the id of nil, use object_id) on line #1 of app/views/comments/_show.html.haml:
1: =comment.parent_comment.id
2: =comment.commenter_name
3: =comment.body

    app/views/comments/_show.html.haml:1:in `_run_haml_app47views47comments47_show46html46haml_locals_comment_object_show'
    haml (2.2.2) lib/haml/helpers/action_view_mods.rb:11:in `render'
    haml (2.2.2) lib/haml/helpers.rb:96:in `non_haml'
    haml (2.2.2) lib/haml/helpers/action_view_mods.rb:11:in `render'
    app/views/posts/show.html.haml:12:in `_run_haml_app47views47posts47show46html46haml'
    app/views/posts/show.html.haml:10:in `_run_haml_app47views47posts47show46html46haml'
    haml (2.2.2) lib/haml/helpers/action_view_mods.rb:13:in `render'
    haml (2.2.2) lib/haml/helpers/action_view_mods.rb:13:in `render'
    app/controllers/posts_controller.rb:18:in `show'
    haml (2.2.2) rails/./lib/sass/plugin/rails.rb:19:in `process'

Rendered rescues/_trace (50.6ms)
Rendered rescues/_request_and_response (0.3ms)
Rendering rescues/layout (internal_server_error)


Processing PostsController#show (for 127.0.0.1 at 2009-10-17 00:30:17) [GET]
  Parameters: {"id"=>"1"}
  [4;36;1mPost Load (0.3ms)[0m   [0;1mSELECT * FROM "posts" WHERE ("posts"."id" = 1) [0m
Rendering template within layouts/application
Rendering posts/show
  [4;35;1mComment Load (0.4ms)[0m   [0mSELECT * FROM "comments" WHERE ("comments".post_id = 1) [0m
  [4;36;1mComment Load (0.3ms)[0m   [0;1mSELECT * FROM "comments" WHERE ("comments".parent_comment_id = 1) LIMIT 1[0m
Rendered comments/_show (0.9ms)
  [4;35;1mComment Load (0.1ms)[0m   [0mSELECT * FROM "comments" WHERE ("comments".parent_comment_id = 2) LIMIT 1[0m

ActionView::TemplateError (Called id for nil, which would mistakenly be 4 -- if you really wanted the id of nil, use object_id) on line #1 of app/views/comments/_show.html.haml:
1: =comment.parent_comment.id
2: =comment.commenter_name
3: =comment.body

    app/views/comments/_show.html.haml:1:in `_run_haml_app47views47comments47_show46html46haml_locals_comment_object_show'
    haml (2.2.2) lib/haml/helpers/action_view_mods.rb:11:in `render'
    haml (2.2.2) lib/haml/helpers.rb:96:in `non_haml'
    haml (2.2.2) lib/haml/helpers/action_view_mods.rb:11:in `render'
    app/views/posts/show.html.haml:12:in `_run_haml_app47views47posts47show46html46haml'
    app/views/posts/show.html.haml:10:in `_run_haml_app47views47posts47show46html46haml'
    haml (2.2.2) lib/haml/helpers/action_view_mods.rb:13:in `render'
    haml (2.2.2) lib/haml/helpers/action_view_mods.rb:13:in `render'
    app/controllers/posts_controller.rb:18:in `show'
    haml (2.2.2) rails/./lib/sass/plugin/rails.rb:19:in `process'

Rendered rescues/_trace (52.2ms)
Rendered rescues/_request_and_response (0.3ms)
Rendering rescues/layout (internal_server_error)


Processing PostsController#show (for 127.0.0.1 at 2009-10-17 00:30:17) [GET]
  Parameters: {"id"=>"1"}
  [4;36;1mPost Load (0.2ms)[0m   [0;1mSELECT * FROM "posts" WHERE ("posts"."id" = 1) [0m
Rendering template within layouts/application
Rendering posts/show
  [4;35;1mComment Load (0.4ms)[0m   [0mSELECT * FROM "comments" WHERE ("comments".post_id = 1) [0m
  [4;36;1mComment Load (0.2ms)[0m   [0;1mSELECT * FROM "comments" WHERE ("comments".parent_comment_id = 1) LIMIT 1[0m
Rendered comments/_show (0.8ms)
  [4;35;1mComment Load (0.1ms)[0m   [0mSELECT * FROM "comments" WHERE ("comments".parent_comment_id = 2) LIMIT 1[0m

ActionView::TemplateError (Called id for nil, which would mistakenly be 4 -- if you really wanted the id of nil, use object_id) on line #1 of app/views/comments/_show.html.haml:
1: =comment.parent_comment.id
2: =comment.commenter_name
3: =comment.body

    app/views/comments/_show.html.haml:1:in `_run_haml_app47views47comments47_show46html46haml_locals_comment_object_show'
    haml (2.2.2) lib/haml/helpers/action_view_mods.rb:11:in `render'
    haml (2.2.2) lib/haml/helpers.rb:96:in `non_haml'
    haml (2.2.2) lib/haml/helpers/action_view_mods.rb:11:in `render'
    app/views/posts/show.html.haml:12:in `_run_haml_app47views47posts47show46html46haml'
    app/views/posts/show.html.haml:10:in `_run_haml_app47views47posts47show46html46haml'
    haml (2.2.2) lib/haml/helpers/action_view_mods.rb:13:in `render'
    haml (2.2.2) lib/haml/helpers/action_view_mods.rb:13:in `render'
    app/controllers/posts_controller.rb:18:in `show'
    haml (2.2.2) rails/./lib/sass/plugin/rails.rb:19:in `process'

Rendered rescues/_trace (119.6ms)
Rendered rescues/_request_and_response (0.3ms)
Rendering rescues/layout (internal_server_error)


Processing PostsController#show (for 127.0.0.1 at 2009-10-17 00:30:18) [GET]
  Parameters: {"id"=>"1"}
  [4;36;1mPost Load (0.3ms)[0m   [0;1mSELECT * FROM "posts" WHERE ("posts"."id" = 1) [0m
Rendering template within layouts/application
Rendering posts/show
  [4;35;1mComment Load (0.4ms)[0m   [0mSELECT * FROM "comments" WHERE ("comments".post_id = 1) [0m
  [4;36;1mComment Load (0.2ms)[0m   [0;1mSELECT * FROM "comments" WHERE ("comments".parent_comment_id = 1) LIMIT 1[0m
Rendered comments/_show (0.8ms)
  [4;35;1mComment Load (0.1ms)[0m   [0mSELECT * FROM "comments" WHERE ("comments".parent_comment_id = 2) LIMIT 1[0m

ActionView::TemplateError (Called id for nil, which would mistakenly be 4 -- if you really wanted the id of nil, use object_id) on line #1 of app/views/comments/_show.html.haml:
1: =comment.parent_comment.id
2: =comment.commenter_name
3: =comment.body

    app/views/comments/_show.html.haml:1:in `_run_haml_app47views47comments47_show46html46haml_locals_comment_object_show'
    haml (2.2.2) lib/haml/helpers/action_view_mods.rb:11:in `render'
    haml (2.2.2) lib/haml/helpers.rb:96:in `non_haml'
    haml (2.2.2) lib/haml/helpers/action_view_mods.rb:11:in `render'
    app/views/posts/show.html.haml:12:in `_run_haml_app47views47posts47show46html46haml'
    app/views/posts/show.html.haml:10:in `_run_haml_app47views47posts47show46html46haml'
    haml (2.2.2) lib/haml/helpers/action_view_mods.rb:13:in `render'
    haml (2.2.2) lib/haml/helpers/action_view_mods.rb:13:in `render'
    app/controllers/posts_controller.rb:18:in `show'
    haml (2.2.2) rails/./lib/sass/plugin/rails.rb:19:in `process'

Rendered rescues/_trace (116.6ms)
Rendered rescues/_request_and_response (0.3ms)
Rendering rescues/layout (internal_server_error)


Processing PostsController#show (for 127.0.0.1 at 2009-10-17 00:30:23) [GET]
  Parameters: {"id"=>"1"}
  [4;36;1mPost Load (0.2ms)[0m   [0;1mSELECT * FROM "posts" WHERE ("posts"."id" = 1) [0m
Rendering template within layouts/application
Rendering posts/show
  [4;35;1mComment Load (0.5ms)[0m   [0mSELECT * FROM "comments" WHERE ("comments".post_id = 1) [0m
Rendered comments/_show (0.7ms)
Rendered comments/_show (0.1ms)
Rendered shared/_header (0.1ms)
Rendered shared/_footer (0.1ms)
Completed in 19ms (View: 13, DB: 1) | 200 OK [http://localhost/posts/1]


Processing PostsController#show (for 127.0.0.1 at 2009-10-17 00:30:24) [GET]
  Parameters: {"id"=>"1"}
  [4;36;1mPost Load (0.2ms)[0m   [0;1mSELECT * FROM "posts" WHERE ("posts"."id" = 1) [0m
Rendering template within layouts/application
Rendering posts/show
  [4;35;1mComment Load (0.4ms)[0m   [0mSELECT * FROM "comments" WHERE ("comments".post_id = 1) [0m
Rendered comments/_show (0.1ms)
Rendered comments/_show (0.1ms)
Rendered shared/_header (0.1ms)
Rendered shared/_footer (0.1ms)
Completed in 15ms (View: 9, DB: 1) | 200 OK [http://localhost/posts/1]


Processing PostsController#show (for 127.0.0.1 at 2009-10-17 00:30:24) [GET]
  Parameters: {"id"=>"1"}
  [4;36;1mPost Load (0.3ms)[0m   [0;1mSELECT * FROM "posts" WHERE ("posts"."id" = 1) [0m
Rendering template within layouts/application
Rendering posts/show
  [4;35;1mComment Load (0.4ms)[0m   [0mSELECT * FROM "comments" WHERE ("comments".post_id = 1) [0m
Rendered comments/_show (0.1ms)
Rendered comments/_show (0.1ms)
Rendered shared/_header (0.1ms)
Rendered shared/_footer (0.1ms)
Completed in 14ms (View: 8, DB: 1) | 200 OK [http://localhost/posts/1]
  [4;36;1mSQL (0.6ms)[0m   [0;1m SELECT name
 FROM sqlite_master
 WHERE type = 'table' AND NOT name = 'sqlite_sequence'
[0m
  [4;35;1mSQL (0.2ms)[0m   [0mSELECT version FROM schema_migrations[0m
  [4;36;1mSQL (0.2ms)[0m   [0;1m SELECT name
 FROM sqlite_master
 WHERE type = 'table' AND NOT name = 'sqlite_sequence'
[0m
  [4;35;1mSQL (0.1ms)[0m   [0mSELECT version FROM schema_migrations[0m
Migrating to CreateComments (20091016120409)
  [4;36;1mSQL (0.1ms)[0m   [0;1mselect sqlite_version(*)[0m
  [4;35;1mSQL (0.5ms)[0m   [0mDROP TABLE "comments"[0m
  [4;36;1mSQL (0.1ms)[0m   [0;1mDELETE FROM schema_migrations WHERE version = '20091016120409'[0m
  [4;35;1mSQL (0.2ms)[0m   [0m SELECT name
 FROM sqlite_master
 WHERE type = 'table' AND NOT name = 'sqlite_sequence'
[0m
  [4;36;1mSQL (0.1ms)[0m   [0;1mSELECT version FROM schema_migrations[0m
  [4;35;1mSQL (0.2ms)[0m   [0m SELECT name
 FROM sqlite_master
 WHERE type = 'table' AND NOT name = 'sqlite_sequence'
[0m
  [4;36;1mSQL (0.0ms)[0m   [0;1mPRAGMA index_list("blog_parameters")[0m
  [4;35;1mSQL (0.0ms)[0m   [0mPRAGMA index_list("posts")[0m
  [4;36;1mSQL (0.5ms)[0m   [0;1m SELECT name
 FROM sqlite_master
 WHERE type = 'table' AND NOT name = 'sqlite_sequence'
[0m
  [4;35;1mSQL (0.1ms)[0m   [0mSELECT version FROM schema_migrations[0m
  [4;36;1mSQL (0.2ms)[0m   [0;1m SELECT name
 FROM sqlite_master
 WHERE type = 'table' AND NOT name = 'sqlite_sequence'
[0m
  [4;35;1mSQL (0.1ms)[0m   [0mSELECT version FROM schema_migrations[0m
Migrating to CreateBlogParameters (20091016111255)
  [4;36;1mSQL (0.1ms)[0m   [0;1mselect sqlite_version(*)[0m
  [4;35;1mSQL (0.4ms)[0m   [0mDROP TABLE "blog_parameters"[0m
  [4;36;1mSQL (0.1ms)[0m   [0;1mDELETE FROM schema_migrations WHERE version = '20091016111255'[0m
  [4;35;1mSQL (0.2ms)[0m   [0m SELECT name
 FROM sqlite_master
 WHERE type = 'table' AND NOT name = 'sqlite_sequence'
[0m
  [4;36;1mSQL (0.1ms)[0m   [0;1mSELECT version FROM schema_migrations[0m
  [4;35;1mSQL (0.1ms)[0m   [0m SELECT name
 FROM sqlite_master
 WHERE type = 'table' AND NOT name = 'sqlite_sequence'
[0m
  [4;36;1mSQL (0.0ms)[0m   [0;1mPRAGMA index_list("posts")[0m
  [4;36;1mSQL (0.5ms)[0m   [0;1m SELECT name
 FROM sqlite_master
 WHERE type = 'table' AND NOT name = 'sqlite_sequence'
[0m
  [4;35;1mSQL (0.1ms)[0m   [0mSELECT version FROM schema_migrations[0m
  [4;36;1mSQL (0.1ms)[0m   [0;1m SELECT name
 FROM sqlite_master
 WHERE type = 'table' AND NOT name = 'sqlite_sequence'
[0m
  [4;35;1mSQL (0.1ms)[0m   [0mSELECT version FROM schema_migrations[0m
Migrating to CreatePosts (20091016105540)
  [4;36;1mSQL (0.1ms)[0m   [0;1mselect sqlite_version(*)[0m
  [4;35;1mSQL (0.4ms)[0m   [0mDROP TABLE "posts"[0m
  [4;36;1mSQL (0.1ms)[0m   [0;1mDELETE FROM schema_migrations WHERE version = '20091016105540'[0m
  [4;35;1mSQL (0.2ms)[0m   [0m SELECT name
 FROM sqlite_master
 WHERE type = 'table' AND NOT name = 'sqlite_sequence'
[0m
  [4;36;1mSQL (0.1ms)[0m   [0;1mSELECT version FROM schema_migrations[0m
  [4;35;1mSQL (0.1ms)[0m   [0m SELECT name
 FROM sqlite_master
 WHERE type = 'table' AND NOT name = 'sqlite_sequence'
[0m
  [4;36;1mSQL (0.4ms)[0m   [0;1m SELECT name
 FROM sqlite_master
 WHERE type = 'table' AND NOT name = 'sqlite_sequence'
[0m
  [4;35;1mSQL (0.1ms)[0m   [0mSELECT version FROM schema_migrations[0m
Migrating to CreatePosts (20091016105540)
  [4;36;1mSQL (0.1ms)[0m   [0;1mselect sqlite_version(*)[0m
  [4;35;1mSQL (0.5ms)[0m   [0mCREATE TABLE "posts" ("id" INTEGER PRIMARY KEY AUTOINCREMENT NOT NULL, "permalink" varchar(255), "title" varchar(255), "body" text, "status" varchar(255), "announcement" text, "created_at" datetime, "updated_at" datetime) [0m
  [4;36;1mSQL (0.1ms)[0m   [0;1mINSERT INTO schema_migrations (version) VALUES ('20091016105540')[0m
Migrating to CreateBlogParameters (20091016111255)
  [4;35;1mSQL (0.3ms)[0m   [0mCREATE TABLE "blog_parameters" ("id" INTEGER PRIMARY KEY AUTOINCREMENT NOT NULL, "key" varchar(255), "value" varchar(255), "created_at" datetime, "updated_at" datetime) [0m
  [4;36;1mSQL (0.1ms)[0m   [0;1mINSERT INTO schema_migrations (version) VALUES ('20091016111255')[0m
Migrating to CreateComments (20091016120409)
  [4;35;1mSQL (0.3ms)[0m   [0mCREATE TABLE "comments" ("id" INTEGER PRIMARY KEY AUTOINCREMENT NOT NULL, "post_id" integer, "parent_comment_id" integer, "commenter_name" varchar(255), "commenter_email" varchar(255), "body" text, "created_at" datetime, "updated_at" datetime) [0m
  [4;36;1mSQL (0.1ms)[0m   [0;1mINSERT INTO schema_migrations (version) VALUES ('20091016120409')[0m
  [4;35;1mSQL (0.3ms)[0m   [0m SELECT name
 FROM sqlite_master
 WHERE type = 'table' AND NOT name = 'sqlite_sequence'
[0m
  [4;36;1mSQL (0.2ms)[0m   [0;1mSELECT version FROM schema_migrations[0m
  [4;35;1mSQL (0.2ms)[0m   [0m SELECT name
 FROM sqlite_master
 WHERE type = 'table' AND NOT name = 'sqlite_sequence'
[0m
  [4;36;1mSQL (0.0ms)[0m   [0;1mPRAGMA index_list("blog_parameters")[0m
  [4;35;1mSQL (0.0ms)[0m   [0mPRAGMA index_list("comments")[0m
  [4;36;1mSQL (0.0ms)[0m   [0;1mPRAGMA index_list("posts")[0m
  [4;36;1mPost Create (0.4ms)[0m   [0;1mINSERT INTO "posts" ("permalink", "created_at", "title", "body", "updated_at", "status", "announcement") VALUES('welcome', '2009-10-16 20:39:47', 'Welcome!', 'It is your first post in RBlog it, doesn''t have an announcement, so you can see it all.', '2009-10-16 20:39:47', 'published', NULL)[0m


Processing PostsController#show (for 127.0.0.1 at 2009-10-17 00:40:02) [GET]
  Parameters: {"id"=>"1"}
  [4;36;1mPost Load (0.3ms)[0m   [0;1mSELECT * FROM "posts" WHERE ("posts"."id" = 1) [0m
Rendering template within layouts/application
Rendering posts/show
  [4;35;1mComment Load (0.2ms)[0m   [0mSELECT * FROM "comments" WHERE ("comments".post_id = 1) [0m
Rendered shared/_header (0.8ms)
Rendered shared/_footer (0.8ms)
Completed in 97ms (View: 85, DB: 0) | 200 OK [http://localhost/posts/1]


Processing PostsController#show (for 127.0.0.1 at 2009-10-17 00:40:03) [GET]
  Parameters: {"id"=>"1"}
  [4;36;1mPost Load (0.3ms)[0m   [0;1mSELECT * FROM "posts" WHERE ("posts"."id" = 1) [0m
Rendering template within layouts/application
Rendering posts/show
  [4;35;1mComment Load (0.2ms)[0m   [0mSELECT * FROM "comments" WHERE ("comments".post_id = 1) [0m
Rendered shared/_header (0.1ms)
Rendered shared/_footer (0.1ms)
Completed in 13ms (View: 7, DB: 0) | 200 OK [http://localhost/posts/1]


Processing HomeController#index (for 127.0.0.1 at 2009-10-17 09:04:42) [GET]
  [4;36;1mPost Load (0.3ms)[0m   [0;1mSELECT * FROM "posts" WHERE ("posts"."status" = 'published') [0m
Rendering template within layouts/application
Rendering home/index
Rendered shared/_header (0.1ms)
Rendered shared/_footer (0.1ms)
Completed in 56ms (View: 50, DB: 0) | 200 OK [http://localhost/]


Processing PostsController#show (for 127.0.0.1 at 2009-10-17 09:04:46) [GET]
  Parameters: {"id"=>"1"}
  [4;35;1mPost Load (0.3ms)[0m   [0mSELECT * FROM "posts" WHERE ("posts"."id" = 1) [0m
Rendering template within layouts/application
Rendering posts/show
  [4;36;1mComment Load (0.2ms)[0m   [0;1mSELECT * FROM "comments" WHERE ("comments".post_id = 1) [0m
Rendered shared/_header (0.1ms)
Rendered shared/_footer (0.1ms)
Completed in 13ms (View: 6, DB: 0) | 200 OK [http://localhost/posts/1]


Processing HomeController#index (for 127.0.0.1 at 2009-10-17 09:08:21) [GET]
  [4;35;1mPost Load (0.2ms)[0m   [0mSELECT * FROM "posts" WHERE ("posts"."status" = 'published') [0m
Rendering template within layouts/application
Rendering home/index

ActionView::TemplateError (Inconsistent indentation: 18 spaces were used for indentation, but the rest of the document was indented using 4 spaces.) on line #6 of app/views/home/index.html.haml:
3:         -for post in @posts
4:             %li
5:                 -unless post.announcement = nill
6:                   =post.announcement
7:                 -else
8:                   =post.body
9:                 %br

    app/views/home/index.html.haml:6
    haml (2.2.2) lib/haml/precompiler.rb:141:in `tabs'
    haml (2.2.2) lib/haml/precompiler.rb:123:in `instance_eval'
    haml (2.2.2) lib/haml/precompiler.rb:123:in `tabs'
    haml (2.2.2) lib/haml/precompiler.rb:944:in `block_opened?'
    haml (2.2.2) lib/haml/precompiler.rb:234:in `process_line'
    haml (2.2.2) lib/haml/precompiler.rb:168:in `precompile'
    haml (2.2.2) lib/haml/engine.rb:112:in `initialize'
    haml (2.2.2) rails/./lib/haml/template/plugin.rb:21:in `new'
    haml (2.2.2) rails/./lib/haml/template/plugin.rb:21:in `compile'
    haml (2.2.2) lib/haml/helpers/action_view_mods.rb:13:in `render'
    haml (2.2.2) lib/haml/helpers/action_view_mods.rb:13:in `render'
    haml (2.2.2) rails/./lib/sass/plugin/rails.rb:19:in `process'

Rendered rescues/_trace (45.9ms)
Rendered rescues/_request_and_response (1.1ms)
Rendering rescues/layout (internal_server_error)


Processing HomeController#index (for 127.0.0.1 at 2009-10-17 09:08:22) [GET]
  [4;36;1mPost Load (0.3ms)[0m   [0;1mSELECT * FROM "posts" WHERE ("posts"."status" = 'published') [0m
Rendering template within layouts/application
Rendering home/index

ActionView::TemplateError (Inconsistent indentation: 18 spaces were used for indentation, but the rest of the document was indented using 4 spaces.) on line #6 of app/views/home/index.html.haml:
3:         -for post in @posts
4:             %li
5:                 -unless post.announcement = nill
6:                   =post.announcement
7:                 -else
8:                   =post.body
9:                 %br

    app/views/home/index.html.haml:6
    haml (2.2.2) lib/haml/precompiler.rb:141:in `tabs'
    haml (2.2.2) lib/haml/precompiler.rb:123:in `instance_eval'
    haml (2.2.2) lib/haml/precompiler.rb:123:in `tabs'
    haml (2.2.2) lib/haml/precompiler.rb:944:in `block_opened?'
    haml (2.2.2) lib/haml/precompiler.rb:234:in `process_line'
    haml (2.2.2) lib/haml/precompiler.rb:168:in `precompile'
    haml (2.2.2) lib/haml/engine.rb:112:in `initialize'
    haml (2.2.2) rails/./lib/haml/template/plugin.rb:21:in `new'
    haml (2.2.2) rails/./lib/haml/template/plugin.rb:21:in `compile'
    haml (2.2.2) lib/haml/helpers/action_view_mods.rb:13:in `render'
    haml (2.2.2) lib/haml/helpers/action_view_mods.rb:13:in `render'
    haml (2.2.2) rails/./lib/sass/plugin/rails.rb:19:in `process'

Rendered rescues/_trace (43.8ms)
Rendered rescues/_request_and_response (0.3ms)
Rendering rescues/layout (internal_server_error)


Processing HomeController#index (for 127.0.0.1 at 2009-10-17 09:08:42) [GET]
  [4;35;1mPost Load (0.2ms)[0m   [0mSELECT * FROM "posts" WHERE ("posts"."status" = 'published') [0m
Rendering template within layouts/application
Rendering home/index

ActionView::TemplateError (Inconsistent indentation: 14 spaces were used for indentation, but the rest of the document was indented using 4 spaces.) on line #5 of app/views/home/index.html.haml:
2:     %ul
3:         -for post in @posts
4:             %li
5:               -unless post.announcement = nill
6:                 =post.announcement
7:               -else
8:                 =post.body

    app/views/home/index.html.haml:5
    haml (2.2.2) lib/haml/precompiler.rb:141:in `tabs'
    haml (2.2.2) lib/haml/precompiler.rb:123:in `instance_eval'
    haml (2.2.2) lib/haml/precompiler.rb:123:in `tabs'
    haml (2.2.2) lib/haml/precompiler.rb:944:in `block_opened?'
    haml (2.2.2) lib/haml/precompiler.rb:700:in `render_tag'
    haml (2.2.2) lib/haml/precompiler.rb:204:in `process_line'
    haml (2.2.2) lib/haml/precompiler.rb:168:in `precompile'
    haml (2.2.2) lib/haml/engine.rb:112:in `initialize'
    haml (2.2.2) rails/./lib/haml/template/plugin.rb:21:in `new'
    haml (2.2.2) rails/./lib/haml/template/plugin.rb:21:in `compile'
    haml (2.2.2) lib/haml/helpers/action_view_mods.rb:13:in `render'
    haml (2.2.2) lib/haml/helpers/action_view_mods.rb:13:in `render'
    haml (2.2.2) rails/./lib/sass/plugin/rails.rb:19:in `process'

Rendered rescues/_trace (42.4ms)
Rendered rescues/_request_and_response (0.3ms)
Rendering rescues/layout (internal_server_error)


Processing HomeController#index (for 127.0.0.1 at 2009-10-17 09:08:43) [GET]
  [4;36;1mPost Load (0.2ms)[0m   [0;1mSELECT * FROM "posts" WHERE ("posts"."status" = 'published') [0m
Rendering template within layouts/application
Rendering home/index

ActionView::TemplateError (Inconsistent indentation: 14 spaces were used for indentation, but the rest of the document was indented using 4 spaces.) on line #5 of app/views/home/index.html.haml:
2:     %ul
3:         -for post in @posts
4:             %li
5:               -unless post.announcement = nill
6:                 =post.announcement
7:               -else
8:                 =post.body

    app/views/home/index.html.haml:5
    haml (2.2.2) lib/haml/precompiler.rb:141:in `tabs'
    haml (2.2.2) lib/haml/precompiler.rb:123:in `instance_eval'
    haml (2.2.2) lib/haml/precompiler.rb:123:in `tabs'
    haml (2.2.2) lib/haml/precompiler.rb:944:in `block_opened?'
    haml (2.2.2) lib/haml/precompiler.rb:700:in `render_tag'
    haml (2.2.2) lib/haml/precompiler.rb:204:in `process_line'
    haml (2.2.2) lib/haml/precompiler.rb:168:in `precompile'
    haml (2.2.2) lib/haml/engine.rb:112:in `initialize'
    haml (2.2.2) rails/./lib/haml/template/plugin.rb:21:in `new'
    haml (2.2.2) rails/./lib/haml/template/plugin.rb:21:in `compile'
    haml (2.2.2) lib/haml/helpers/action_view_mods.rb:13:in `render'
    haml (2.2.2) lib/haml/helpers/action_view_mods.rb:13:in `render'
    haml (2.2.2) rails/./lib/sass/plugin/rails.rb:19:in `process'

Rendered rescues/_trace (111.5ms)
Rendered rescues/_request_and_response (0.3ms)
Rendering rescues/layout (internal_server_error)


Processing HomeController#index (for 127.0.0.1 at 2009-10-17 09:08:58) [GET]
  [4;35;1mPost Load (0.5ms)[0m   [0mSELECT * FROM "posts" WHERE ("posts"."status" = 'published') [0m
Rendering template within layouts/application
Rendering home/index

ActionView::TemplateError (undefined local variable or method `nill' for #<ActionView::Base:0xb7225698>) on line #5 of app/views/home/index.html.haml:
2:   %ul
3:     -for post in @posts
4:       %li
5:         -unless post.announcement = nill
6:           =post.announcement
7:         -else
8:           =post.body

    app/views/home/index.html.haml:5:in `_run_haml_app47views47home47index46html46haml'
    app/views/home/index.html.haml:3:in `each'
    app/views/home/index.html.haml:3:in `_run_haml_app47views47home47index46html46haml'
    haml (2.2.2) lib/haml/helpers/action_view_mods.rb:13:in `render'
    haml (2.2.2) lib/haml/helpers/action_view_mods.rb:13:in `render'
    haml (2.2.2) rails/./lib/sass/plugin/rails.rb:19:in `process'

Rendered rescues/_trace (38.7ms)
Rendered rescues/_request_and_response (0.2ms)
Rendering rescues/layout (internal_server_error)


Processing HomeController#index (for 127.0.0.1 at 2009-10-17 09:08:59) [GET]
  [4;36;1mPost Load (0.3ms)[0m   [0;1mSELECT * FROM "posts" WHERE ("posts"."status" = 'published') [0m
Rendering template within layouts/application
Rendering home/index

ActionView::TemplateError (undefined local variable or method `nill' for #<ActionView::Base:0xb7021ff4>) on line #5 of app/views/home/index.html.haml:
2:   %ul
3:     -for post in @posts
4:       %li
5:         -unless post.announcement = nill
6:           =post.announcement
7:         -else
8:           =post.body

    app/views/home/index.html.haml:5:in `_run_haml_app47views47home47index46html46haml'
    app/views/home/index.html.haml:3:in `each'
    app/views/home/index.html.haml:3:in `_run_haml_app47views47home47index46html46haml'
    haml (2.2.2) lib/haml/helpers/action_view_mods.rb:13:in `render'
    haml (2.2.2) lib/haml/helpers/action_view_mods.rb:13:in `render'
    haml (2.2.2) rails/./lib/sass/plugin/rails.rb:19:in `process'

Rendered rescues/_trace (92.2ms)
Rendered rescues/_request_and_response (0.4ms)
Rendering rescues/layout (internal_server_error)


Processing HomeController#index (for 127.0.0.1 at 2009-10-17 09:08:59) [GET]
  [4;35;1mPost Load (0.3ms)[0m   [0mSELECT * FROM "posts" WHERE ("posts"."status" = 'published') [0m
Rendering template within layouts/application
Rendering home/index

ActionView::TemplateError (undefined local variable or method `nill' for #<ActionView::Base:0xb71a1adc>) on line #5 of app/views/home/index.html.haml:
2:   %ul
3:     -for post in @posts
4:       %li
5:         -unless post.announcement = nill
6:           =post.announcement
7:         -else
8:           =post.body

    app/views/home/index.html.haml:5:in `_run_haml_app47views47home47index46html46haml'
    app/views/home/index.html.haml:3:in `each'
    app/views/home/index.html.haml:3:in `_run_haml_app47views47home47index46html46haml'
    haml (2.2.2) lib/haml/helpers/action_view_mods.rb:13:in `render'
    haml (2.2.2) lib/haml/helpers/action_view_mods.rb:13:in `render'
    haml (2.2.2) rails/./lib/sass/plugin/rails.rb:19:in `process'

Rendered rescues/_trace (37.3ms)
Rendered rescues/_request_and_response (0.2ms)
Rendering rescues/layout (internal_server_error)


Processing HomeController#index (for 127.0.0.1 at 2009-10-17 09:08:59) [GET]
  [4;36;1mPost Load (0.3ms)[0m   [0;1mSELECT * FROM "posts" WHERE ("posts"."status" = 'published') [0m
Rendering template within layouts/application
Rendering home/index

ActionView::TemplateError (undefined local variable or method `nill' for #<ActionView::Base:0xb6fb2f3c>) on line #5 of app/views/home/index.html.haml:
2:   %ul
3:     -for post in @posts
4:       %li
5:         -unless post.announcement = nill
6:           =post.announcement
7:         -else
8:           =post.body

    app/views/home/index.html.haml:5:in `_run_haml_app47views47home47index46html46haml'
    app/views/home/index.html.haml:3:in `each'
    app/views/home/index.html.haml:3:in `_run_haml_app47views47home47index46html46haml'
    haml (2.2.2) lib/haml/helpers/action_view_mods.rb:13:in `render'
    haml (2.2.2) lib/haml/helpers/action_view_mods.rb:13:in `render'
    haml (2.2.2) rails/./lib/sass/plugin/rails.rb:19:in `process'

Rendered rescues/_trace (40.4ms)
Rendered rescues/_request_and_response (0.2ms)
Rendering rescues/layout (internal_server_error)


Processing HomeController#index (for 127.0.0.1 at 2009-10-17 09:09:00) [GET]
  [4;35;1mPost Load (0.2ms)[0m   [0mSELECT * FROM "posts" WHERE ("posts"."status" = 'published') [0m
Rendering template within layouts/application
Rendering home/index

ActionView::TemplateError (undefined local variable or method `nill' for #<ActionView::Base:0xb70e8adc>) on line #5 of app/views/home/index.html.haml:
2:   %ul
3:     -for post in @posts
4:       %li
5:         -unless post.announcement = nill
6:           =post.announcement
7:         -else
8:           =post.body

    app/views/home/index.html.haml:5:in `_run_haml_app47views47home47index46html46haml'
    app/views/home/index.html.haml:3:in `each'
    app/views/home/index.html.haml:3:in `_run_haml_app47views47home47index46html46haml'
    haml (2.2.2) lib/haml/helpers/action_view_mods.rb:13:in `render'
    haml (2.2.2) lib/haml/helpers/action_view_mods.rb:13:in `render'
    haml (2.2.2) rails/./lib/sass/plugin/rails.rb:19:in `process'

Rendered rescues/_trace (55.9ms)
Rendered rescues/_request_and_response (0.2ms)
Rendering rescues/layout (internal_server_error)


Processing HomeController#index (for 127.0.0.1 at 2009-10-17 09:09:00) [GET]
  [4;36;1mPost Load (0.3ms)[0m   [0;1mSELECT * FROM "posts" WHERE ("posts"."status" = 'published') [0m
Rendering template within layouts/application
Rendering home/index

ActionView::TemplateError (undefined local variable or method `nill' for #<ActionView::Base:0xb7278b40>) on line #5 of app/views/home/index.html.haml:
2:   %ul
3:     -for post in @posts
4:       %li
5:         -unless post.announcement = nill
6:           =post.announcement
7:         -else
8:           =post.body

    app/views/home/index.html.haml:5:in `_run_haml_app47views47home47index46html46haml'
    app/views/home/index.html.haml:3:in `each'
    app/views/home/index.html.haml:3:in `_run_haml_app47views47home47index46html46haml'
    haml (2.2.2) lib/haml/helpers/action_view_mods.rb:13:in `render'
    haml (2.2.2) lib/haml/helpers/action_view_mods.rb:13:in `render'
    haml (2.2.2) rails/./lib/sass/plugin/rails.rb:19:in `process'

Rendered rescues/_trace (41.9ms)
Rendered rescues/_request_and_response (0.2ms)
Rendering rescues/layout (internal_server_error)


Processing HomeController#index (for 127.0.0.1 at 2009-10-17 09:09:00) [GET]
  [4;35;1mPost Load (0.2ms)[0m   [0mSELECT * FROM "posts" WHERE ("posts"."status" = 'published') [0m
Rendering template within layouts/application
Rendering home/index

ActionView::TemplateError (undefined local variable or method `nill' for #<ActionView::Base:0xb70ac3ac>) on line #5 of app/views/home/index.html.haml:
2:   %ul
3:     -for post in @posts
4:       %li
5:         -unless post.announcement = nill
6:           =post.announcement
7:         -else
8:           =post.body

    app/views/home/index.html.haml:5:in `_run_haml_app47views47home47index46html46haml'
    app/views/home/index.html.haml:3:in `each'
    app/views/home/index.html.haml:3:in `_run_haml_app47views47home47index46html46haml'
    haml (2.2.2) lib/haml/helpers/action_view_mods.rb:13:in `render'
    haml (2.2.2) lib/haml/helpers/action_view_mods.rb:13:in `render'
    haml (2.2.2) rails/./lib/sass/plugin/rails.rb:19:in `process'

Rendered rescues/_trace (104.1ms)
Rendered rescues/_request_and_response (0.3ms)
Rendering rescues/layout (internal_server_error)


Processing HomeController#index (for 127.0.0.1 at 2009-10-17 09:09:07) [GET]
  [4;36;1mPost Load (0.3ms)[0m   [0;1mSELECT * FROM "posts" WHERE ("posts"."status" = 'published') [0m
Rendering template within layouts/application
Rendering home/index

ActionView::TemplateError (undefined local variable or method `nill' for #<ActionView::Base:0xb722f8f0>) on line #5 of app/views/home/index.html.haml:
2:   %ul
3:     -for post in @posts
4:       %li
5:         -unless post.announcement == nill
6:           =post.announcement
7:         -else
8:           =post.body

    app/views/home/index.html.haml:5:in `_run_haml_app47views47home47index46html46haml'
    app/views/home/index.html.haml:3:in `each'
    app/views/home/index.html.haml:3:in `_run_haml_app47views47home47index46html46haml'
    haml (2.2.2) lib/haml/helpers/action_view_mods.rb:13:in `render'
    haml (2.2.2) lib/haml/helpers/action_view_mods.rb:13:in `render'
    haml (2.2.2) rails/./lib/sass/plugin/rails.rb:19:in `process'

Rendered rescues/_trace (37.8ms)
Rendered rescues/_request_and_response (0.2ms)
Rendering rescues/layout (internal_server_error)


Processing HomeController#index (for 127.0.0.1 at 2009-10-17 09:09:08) [GET]
  [4;35;1mPost Load (0.4ms)[0m   [0mSELECT * FROM "posts" WHERE ("posts"."status" = 'published') [0m
Rendering template within layouts/application
Rendering home/index

ActionView::TemplateError (undefined local variable or method `nill' for #<ActionView::Base:0xb701ffb0>) on line #5 of app/views/home/index.html.haml:
2:   %ul
3:     -for post in @posts
4:       %li
5:         -unless post.announcement == nill
6:           =post.announcement
7:         -else
8:           =post.body

    app/views/home/index.html.haml:5:in `_run_haml_app47views47home47index46html46haml'
    app/views/home/index.html.haml:3:in `each'
    app/views/home/index.html.haml:3:in `_run_haml_app47views47home47index46html46haml'
    haml (2.2.2) lib/haml/helpers/action_view_mods.rb:13:in `render'
    haml (2.2.2) lib/haml/helpers/action_view_mods.rb:13:in `render'
    haml (2.2.2) rails/./lib/sass/plugin/rails.rb:19:in `process'

Rendered rescues/_trace (120.2ms)
Rendered rescues/_request_and_response (0.3ms)
Rendering rescues/layout (internal_server_error)


Processing HomeController#index (for 127.0.0.1 at 2009-10-17 09:09:15) [GET]
  [4;36;1mPost Load (0.2ms)[0m   [0;1mSELECT * FROM "posts" WHERE ("posts"."status" = 'published') [0m
Rendering template within layouts/application
Rendering home/index
Rendered shared/_header (0.1ms)
Rendered shared/_footer (0.1ms)
Completed in 13ms (View: 8, DB: 0) | 200 OK [http://localhost/]


Processing HomeController#index (for 127.0.0.1 at 2009-10-17 09:09:16) [GET]
  [4;35;1mPost Load (0.2ms)[0m   [0mSELECT * FROM "posts" WHERE ("posts"."status" = 'published') [0m
Rendering template within layouts/application
Rendering home/index
Rendered shared/_header (0.1ms)
Rendered shared/_footer (0.1ms)
Completed in 9ms (View: 3, DB: 0) | 200 OK [http://localhost/]


Processing HomeController#index (for 127.0.0.1 at 2009-10-17 09:09:16) [GET]
  [4;36;1mPost Load (0.3ms)[0m   [0;1mSELECT * FROM "posts" WHERE ("posts"."status" = 'published') [0m
Rendering template within layouts/application
Rendering home/index
Rendered shared/_header (0.1ms)
Rendered shared/_footer (0.1ms)
Completed in 11ms (View: 5, DB: 0) | 200 OK [http://localhost/]


Processing HomeController#index (for 127.0.0.1 at 2009-10-17 09:09:23) [GET]
  [4;35;1mPost Load (0.2ms)[0m   [0mSELECT * FROM "posts" WHERE ("posts"."status" = 'published') [0m
Rendering template within layouts/application
Rendering home/index
Rendered shared/_header (0.1ms)
Rendered shared/_footer (0.1ms)
Completed in 8ms (View: 3, DB: 0) | 200 OK [http://localhost/]


Processing PostsController#show (for 127.0.0.1 at 2009-10-17 09:09:24) [GET]
  Parameters: {"id"=>"1"}
  [4;36;1mPost Load (0.2ms)[0m   [0;1mSELECT * FROM "posts" WHERE ("posts"."id" = 1) [0m
Rendering template within layouts/application
Rendering posts/show
  [4;35;1mComment Load (0.4ms)[0m   [0mSELECT * FROM "comments" WHERE ("comments".post_id = 1) [0m
Rendered shared/_header (0.1ms)
Rendered shared/_footer (0.1ms)
Completed in 60ms (View: 54, DB: 1) | 200 OK [http://localhost/posts/1]


Processing PostsController#show (for 127.0.0.1 at 2009-10-17 09:09:29) [GET]
  Parameters: {"id"=>"1"}
  [4;36;1mPost Load (0.2ms)[0m   [0;1mSELECT * FROM "posts" WHERE ("posts"."id" = 1) [0m
Rendering template within layouts/application
Rendering posts/show
  [4;35;1mComment Load (0.2ms)[0m   [0mSELECT * FROM "comments" WHERE ("comments".post_id = 1) [0m
Rendered shared/_header (0.1ms)
Rendered shared/_footer (0.1ms)
Completed in 14ms (View: 8, DB: 0) | 200 OK [http://localhost/posts/1]


Processing HomeController#index (for 127.0.0.1 at 2009-10-17 09:25:16) [GET]
  [4;36;1mPost Load (0.2ms)[0m   [0;1mSELECT * FROM "posts" WHERE ("posts"."status" = 'published') [0m
Rendering template within layouts/application
Rendering home/index
Rendered shared/_header (0.1ms)
Rendered shared/_footer (0.1ms)
Completed in 15ms (View: 9, DB: 0) | 200 OK [http://localhost/]


Processing PostsController#show (for 127.0.0.1 at 2009-10-17 09:25:20) [GET]
  Parameters: {"id"=>"1"}
  [4;35;1mPost Load (0.2ms)[0m   [0mSELECT * FROM "posts" WHERE ("posts"."id" = 1) [0m
Rendering template within layouts/application
Rendering posts/show
  [4;36;1mComment Load (0.2ms)[0m   [0;1mSELECT * FROM "comments" WHERE ("comments".post_id = 1) [0m
Rendered shared/_header (0.1ms)
Rendered shared/_footer (0.1ms)
Completed in 13ms (View: 6, DB: 0) | 200 OK [http://localhost/posts/1]


Processing PostsController#show (for 127.0.0.1 at 2009-10-17 09:26:15) [GET]
  Parameters: {"id"=>"1"}
  [4;35;1mPost Load (0.3ms)[0m   [0mSELECT * FROM "posts" WHERE ("posts"."id" = 1) [0m
Rendering template within layouts/application
Rendering posts/show
  [4;36;1mComment Load (0.1ms)[0m   [0;1mSELECT * FROM "comments" WHERE ("comments".post_id = 1) [0m
Rendered shared/_header (0.1ms)
Rendered shared/_footer (0.1ms)
Completed in 11ms (View: 5, DB: 0) | 200 OK [http://localhost/posts/1]


Processing PostsController#show (for 127.0.0.1 at 2009-10-17 09:26:18) [GET]
  Parameters: {"id"=>"1"}
  [4;35;1mPost Load (0.2ms)[0m   [0mSELECT * FROM "posts" WHERE ("posts"."id" = 1) [0m
Rendering template within layouts/application
Rendering posts/show
  [4;36;1mComment Load (0.2ms)[0m   [0;1mSELECT * FROM "comments" WHERE ("comments".post_id = 1) [0m
Rendered shared/_header (0.1ms)
Rendered shared/_footer (0.1ms)
Completed in 13ms (View: 7, DB: 0) | 200 OK [http://localhost/posts/1]


Processing HomeController#index (for 127.0.0.1 at 2009-10-17 09:42:37) [GET]
  [4;35;1mPost Load (0.3ms)[0m   [0mSELECT * FROM "posts" WHERE ("posts"."status" = 'published') [0m
Rendering template within layouts/application
Rendering home/index
Rendered shared/_header (0.1ms)
Rendered shared/_footer (0.1ms)
Completed in 11ms (View: 4, DB: 0) | 200 OK [http://localhost/]


Processing PostsController#show (for 127.0.0.1 at 2009-10-17 09:42:40) [GET]
  Parameters: {"id"=>"1"}
  [4;36;1mPost Load (0.2ms)[0m   [0;1mSELECT * FROM "posts" WHERE ("posts"."id" = 1) [0m
Rendering template within layouts/application
Rendering posts/show
  [4;35;1mComment Load (0.2ms)[0m   [0mSELECT * FROM "comments" WHERE ("comments".post_id = 1) [0m
Rendered shared/_header (0.1ms)
Rendered shared/_footer (0.1ms)
Completed in 12ms (View: 6, DB: 0) | 200 OK [http://localhost/posts/1]


Processing PostsController#show (for 127.0.0.1 at 2009-10-17 09:52:26) [GET]
  Parameters: {"id"=>"1"}
  [4;36;1mPost Load (0.2ms)[0m   [0;1mSELECT * FROM "posts" WHERE ("posts"."id" = 1) [0m
Rendering template within layouts/application
Rendering posts/show
  [4;35;1mComment Load (0.2ms)[0m   [0mSELECT * FROM "comments" WHERE ("comments".post_id = 1) [0m
Rendered shared/_header (0.1ms)
Rendered shared/_footer (0.1ms)
Completed in 13ms (View: 6, DB: 0) | 200 OK [http://localhost/posts/1]


Processing PostsController#show (for 127.0.0.1 at 2009-10-17 09:52:40) [GET]
  Parameters: {"id"=>"1"}
  [4;36;1mPost Load (0.2ms)[0m   [0;1mSELECT * FROM "posts" WHERE ("posts"."id" = 1) [0m
Rendering template within layouts/application
Rendering posts/show
  [4;35;1mComment Load (0.2ms)[0m   [0mSELECT * FROM "comments" WHERE ("comments".post_id = 1) [0m
Rendered shared/_header (0.1ms)
Rendered shared/_footer (0.1ms)
Completed in 22ms (View: 15, DB: 0) | 200 OK [http://localhost/posts/1]


Processing PostsController#show (for 127.0.0.1 at 2009-10-17 09:52:53) [GET]
  Parameters: {"id"=>"1"}
  [4;36;1mPost Load (0.3ms)[0m   [0;1mSELECT * FROM "posts" WHERE ("posts"."id" = 1) [0m
Rendering template within layouts/application
Rendering posts/show
  [4;35;1mComment Load (0.2ms)[0m   [0mSELECT * FROM "comments" WHERE ("comments".post_id = 1) [0m
Rendered shared/_header (0.1ms)
Rendered shared/_footer (0.1ms)
Completed in 16ms (View: 10, DB: 0) | 200 OK [http://localhost/posts/1]


Processing PostsController#show (for 127.0.0.1 at 2009-10-17 09:53:30) [GET]
  Parameters: {"id"=>"1"}
  [4;36;1mPost Load (0.3ms)[0m   [0;1mSELECT * FROM "posts" WHERE ("posts"."id" = 1) [0m
Rendering template within layouts/application
Rendering posts/show
ERROR: compiling _run_haml_app47views47posts47show46html46haml RAISED compile error
/home/igor/workspace_web/rblog/app/views/posts/show.html.haml:17: syntax error, unexpected kENSURE, expecting kEND
/home/igor/workspace_web/rblog/app/views/posts/show.html.haml:19: syntax error, unexpected $end, expecting kEND
Function body:           def _run_haml_app47views47posts47show46html46haml(local_assigns)
            old_output_buffer = output_buffer;;extend Haml::Helpers;_hamlout = @haml_buffer = Haml::Buffer.new(@haml_buffer, {:encoding=>nil, :attr_wrapper=>"'", :autoclose=>["meta", "img", "link", "br", "hr", "input", "area", "param", "col", "base"], :format=>:xhtml, :ugly=>false, :preserve=>["textarea", "pre"]});_erbout = _hamlout.buffer;__in_erb_template = true;;






_hamlout.push_text("<h1>\n  #{_hamlout.adjust_tabs(1); haml_temp = @post.title
_hamlout.format_script_false_false_false_false_false_true_false((haml_very_temp = haml_temp; haml_temp = nil; haml_very_temp));}\n</h1>\n<p>\n  #{haml_temp = @post.announcement
_hamlout.format_script_false_false_false_false_false_true_false((haml_very_temp = haml_temp; haml_temp = nil; haml_very_temp));}\n</p>\n<p>\n  #{haml_temp = @post.body
_hamlout.format_script_false_false_false_false_false_true_false((haml_very_temp = haml_temp; haml_temp = nil; haml_very_temp));}\n</p>\n<p>\n  <h2>\n    ÐšÐ¾Ð¼Ð¼ÐµÐ½Ñ‚Ð°Ñ€Ð¸Ð¸\n  </h2>\n", 0, false);unless @post.comments == nill;

_hamlout.push_text("  <ul>\n", 1, false);for comment in @post.comments;

_hamlout.push_text("    <li>\n      #{_hamlout.adjust_tabs(1); haml_temp = render :partial => "comments/show", :locals => {:comment => comment}
_hamlout.format_script_false_false_false_false_false_true_false((haml_very_temp = haml_temp; haml_temp = nil; haml_very_temp));}\n    </li>\n", -1, false);end;_hamlout.push_text("  </ul>\n</p>\n", -2, false);@haml_buffer = @haml_buffer.upper;_erbout;
          ensure
            self.output_buffer = old_output_buffer
          end
Backtrace: /home/igor/workspace_web/rblog/app/views/posts/show.html.haml:19:in `compile!'
/usr/lib/ruby/gems/1.8/gems/actionpack-2.3.4/lib/action_view/renderable.rb:61:in `compile'
/usr/lib/ruby/gems/1.8/gems/actionpack-2.3.4/lib/action_view/renderable.rb:28:in `render'
/usr/lib/ruby/gems/1.8/gems/actionpack-2.3.4/lib/action_view/template.rb:199:in `render_template'
/usr/lib/ruby/gems/1.8/gems/actionpack-2.3.4/lib/action_view/base.rb:260:in `render_without_haml'
/usr/lib/ruby/gems/1.8/gems/haml-2.2.2/lib/haml/helpers/action_view_mods.rb:13:in `render'
/usr/lib/ruby/gems/1.8/gems/actionpack-2.3.4/lib/action_view/base.rb:343:in `_render_with_layout'
/usr/lib/ruby/gems/1.8/gems/actionpack-2.3.4/lib/action_view/base.rb:257:in `render_without_haml'
/usr/lib/ruby/gems/1.8/gems/haml-2.2.2/lib/haml/helpers/action_view_mods.rb:13:in `render'
/usr/lib/ruby/gems/1.8/gems/actionpack-2.3.4/lib/action_controller/base.rb:1250:in `render_for_file'
/usr/lib/ruby/gems/1.8/gems/actionpack-2.3.4/lib/action_controller/base.rb:951:in `render_without_benchmark'
/usr/lib/ruby/gems/1.8/gems/actionpack-2.3.4/lib/action_controller/benchmarking.rb:51:in `render'
/usr/lib/ruby/gems/1.8/gems/activesupport-2.3.4/lib/active_support/core_ext/benchmark.rb:17:in `ms'
/usr/lib/ruby/1.8/benchmark.rb:308:in `realtime'
/usr/lib/ruby/gems/1.8/gems/activesupport-2.3.4/lib/active_support/core_ext/benchmark.rb:17:in `ms'
/usr/lib/ruby/gems/1.8/gems/actionpack-2.3.4/lib/action_controller/benchmarking.rb:51:in `render'
/usr/lib/ruby/gems/1.8/gems/actionpack-2.3.4/lib/action_controller/mime_responds.rb:135:in `send'
/usr/lib/ruby/gems/1.8/gems/actionpack-2.3.4/lib/action_controller/mime_responds.rb:135:in `custom'
/usr/lib/ruby/gems/1.8/gems/actionpack-2.3.4/lib/action_controller/mime_responds.rb:179:in `call'
/usr/lib/ruby/gems/1.8/gems/actionpack-2.3.4/lib/action_controller/mime_responds.rb:179:in `respond'
/usr/lib/ruby/gems/1.8/gems/actionpack-2.3.4/lib/action_controller/mime_responds.rb:173:in `each'
/usr/lib/ruby/gems/1.8/gems/actionpack-2.3.4/lib/action_controller/mime_responds.rb:173:in `respond'
/usr/lib/ruby/gems/1.8/gems/actionpack-2.3.4/lib/action_controller/mime_responds.rb:107:in `respond_to'
/home/igor/workspace_web/rblog/app/controllers/posts_controller.rb:18:in `show'
/usr/lib/ruby/gems/1.8/gems/actionpack-2.3.4/lib/action_controller/base.rb:1331:in `send'
/usr/lib/ruby/gems/1.8/gems/actionpack-2.3.4/lib/action_controller/base.rb:1331:in `perform_action_without_filters'
/usr/lib/ruby/gems/1.8/gems/actionpack-2.3.4/lib/action_controller/filters.rb:617:in `call_filters'
/usr/lib/ruby/gems/1.8/gems/actionpack-2.3.4/lib/action_controller/filters.rb:610:in `perform_action_without_benchmark'
/usr/lib/ruby/gems/1.8/gems/actionpack-2.3.4/lib/action_controller/benchmarking.rb:68:in `perform_action_without_rescue'
/usr/lib/ruby/gems/1.8/gems/activesupport-2.3.4/lib/active_support/core_ext/benchmark.rb:17:in `ms'
/usr/lib/ruby/1.8/benchmark.rb:308:in `realtime'
/usr/lib/ruby/gems/1.8/gems/activesupport-2.3.4/lib/active_support/core_ext/benchmark.rb:17:in `ms'
/usr/lib/ruby/gems/1.8/gems/actionpack-2.3.4/lib/action_controller/benchmarking.rb:68:in `perform_action_without_rescue'
/usr/lib/ruby/gems/1.8/gems/actionpack-2.3.4/lib/action_controller/rescue.rb:160:in `perform_action_without_flash'
/usr/lib/ruby/gems/1.8/gems/actionpack-2.3.4/lib/action_controller/flash.rb:146:in `perform_action'
/usr/lib/ruby/gems/1.8/gems/actionpack-2.3.4/lib/action_controller/base.rb:532:in `send'
/usr/lib/ruby/gems/1.8/gems/actionpack-2.3.4/lib/action_controller/base.rb:532:in `process_without_filters'
/usr/lib/ruby/gems/1.8/gems/actionpack-2.3.4/lib/action_controller/filters.rb:606:in `sass_old_process'
/usr/lib/ruby/gems/1.8/gems/haml-2.2.2/rails/../lib/sass/plugin/rails.rb:19:in `process'
/usr/lib/ruby/gems/1.8/gems/actionpack-2.3.4/lib/action_controller/base.rb:391:in `process'
/usr/lib/ruby/gems/1.8/gems/actionpack-2.3.4/lib/action_controller/base.rb:386:in `call'
/usr/lib/ruby/gems/1.8/gems/actionpack-2.3.4/lib/action_controller/routing/route_set.rb:437:in `call'
/usr/lib/ruby/gems/1.8/gems/actionpack-2.3.4/lib/action_controller/dispatcher.rb:87:in `dispatch'
/usr/lib/ruby/gems/1.8/gems/actionpack-2.3.4/lib/action_controller/dispatcher.rb:121:in `_call'
/usr/lib/ruby/gems/1.8/gems/actionpack-2.3.4/lib/action_controller/dispatcher.rb:130:in `build_middleware_stack'
/usr/lib/ruby/gems/1.8/gems/activerecord-2.3.4/lib/active_record/query_cache.rb:29:in `call'
/usr/lib/ruby/gems/1.8/gems/activerecord-2.3.4/lib/active_record/query_cache.rb:29:in `call'
/usr/lib/ruby/gems/1.8/gems/activerecord-2.3.4/lib/active_record/connection_adapters/abstract/query_cache.rb:34:in `cache'
/usr/lib/ruby/gems/1.8/gems/activerecord-2.3.4/lib/active_record/query_cache.rb:9:in `cache'
/usr/lib/ruby/gems/1.8/gems/activerecord-2.3.4/lib/active_record/query_cache.rb:28:in `call'
/usr/lib/ruby/gems/1.8/gems/activerecord-2.3.4/lib/active_record/connection_adapters/abstract/connection_pool.rb:361:in `call'
/usr/lib/ruby/gems/1.8/gems/rack-1.0.0/lib/rack/head.rb:9:in `call'
/usr/lib/ruby/gems/1.8/gems/rack-1.0.0/lib/rack/methodoverride.rb:24:in `call'
/usr/lib/ruby/gems/1.8/gems/actionpack-2.3.4/lib/action_controller/params_parser.rb:15:in `call'
/usr/lib/ruby/gems/1.8/gems/actionpack-2.3.4/lib/action_controller/session/cookie_store.rb:93:in `call'
/usr/lib/ruby/gems/1.8/gems/actionpack-2.3.4/lib/action_controller/failsafe.rb:26:in `call'
/usr/lib/ruby/gems/1.8/gems/rack-1.0.0/lib/rack/lock.rb:11:in `call'
/usr/lib/ruby/gems/1.8/gems/rack-1.0.0/lib/rack/lock.rb:11:in `synchronize'
/usr/lib/ruby/gems/1.8/gems/rack-1.0.0/lib/rack/lock.rb:11:in `call'
/usr/lib/ruby/gems/1.8/gems/actionpack-2.3.4/lib/action_controller/dispatcher.rb:114:in `call'
/usr/lib/ruby/gems/1.8/gems/actionpack-2.3.4/lib/action_controller/reloader.rb:34:in `run'
/usr/lib/ruby/gems/1.8/gems/actionpack-2.3.4/lib/action_controller/dispatcher.rb:108:in `call'
/usr/lib/ruby/gems/1.8/gems/rails-2.3.4/lib/rails/rack/static.rb:31:in `call'
/usr/lib/ruby/gems/1.8/gems/rack-1.0.0/lib/rack/urlmap.rb:46:in `call'
/usr/lib/ruby/gems/1.8/gems/rack-1.0.0/lib/rack/urlmap.rb:40:in `each'
/usr/lib/ruby/gems/1.8/gems/rack-1.0.0/lib/rack/urlmap.rb:40:in `call'
/usr/lib/ruby/gems/1.8/gems/rails-2.3.4/lib/rails/rack/log_tailer.rb:17:in `call'
/usr/lib/ruby/gems/1.8/gems/rack-1.0.0/lib/rack/content_length.rb:13:in `call'
/usr/lib/ruby/gems/1.8/gems/rack-1.0.0/lib/rack/chunked.rb:15:in `call'
/usr/lib/ruby/gems/1.8/gems/rack-1.0.0/lib/rack/handler/mongrel.rb:61:in `process'
/usr/lib/ruby/gems/1.8/gems/mongrel-1.1.5/lib/mongrel.rb:159:in `process_client'
/usr/lib/ruby/gems/1.8/gems/mongrel-1.1.5/lib/mongrel.rb:158:in `each'
/usr/lib/ruby/gems/1.8/gems/mongrel-1.1.5/lib/mongrel.rb:158:in `process_client'
/usr/lib/ruby/gems/1.8/gems/mongrel-1.1.5/lib/mongrel.rb:285:in `run'
/usr/lib/ruby/gems/1.8/gems/mongrel-1.1.5/lib/mongrel.rb:285:in `initialize'
/usr/lib/ruby/gems/1.8/gems/mongrel-1.1.5/lib/mongrel.rb:285:in `new'
/usr/lib/ruby/gems/1.8/gems/mongrel-1.1.5/lib/mongrel.rb:285:in `run'
/usr/lib/ruby/gems/1.8/gems/mongrel-1.1.5/lib/mongrel.rb:268:in `initialize'
/usr/lib/ruby/gems/1.8/gems/mongrel-1.1.5/lib/mongrel.rb:268:in `new'
/usr/lib/ruby/gems/1.8/gems/mongrel-1.1.5/lib/mongrel.rb:268:in `run'
/usr/lib/ruby/gems/1.8/gems/rack-1.0.0/lib/rack/handler/mongrel.rb:34:in `run'
/usr/lib/ruby/gems/1.8/gems/rails-2.3.4/lib/commands/server.rb:111
/usr/lib/ruby/site_ruby/1.8/rubygems/custom_require.rb:31:in `gem_original_require'
/usr/lib/ruby/site_ruby/1.8/rubygems/custom_require.rb:31:in `require'
./script/server:3

ActionView::TemplateError (compile error
/home/igor/workspace_web/rblog/app/views/posts/show.html.haml:17: syntax error, unexpected kENSURE, expecting kEND
/home/igor/workspace_web/rblog/app/views/posts/show.html.haml:19: syntax error, unexpected $end, expecting kEND) on line #17 of app/views/posts/show.html.haml:
14:       %li
15:         =render :partial => "comments/show", :locals => {:comment => comment}

    app/views/posts/show.html.haml:19:in `compile!'
    haml (2.2.2) lib/haml/helpers/action_view_mods.rb:13:in `render'
    haml (2.2.2) lib/haml/helpers/action_view_mods.rb:13:in `render'
    app/controllers/posts_controller.rb:18:in `show'
    haml (2.2.2) rails/./lib/sass/plugin/rails.rb:19:in `process'

Rendered rescues/_trace (100.0ms)
Rendered rescues/_request_and_response (0.3ms)
Rendering rescues/layout (internal_server_error)


Processing PostsController#show (for 127.0.0.1 at 2009-10-17 09:53:38) [GET]
  Parameters: {"id"=>"1"}
  [4;35;1mPost Load (0.2ms)[0m   [0mSELECT * FROM "posts" WHERE ("posts"."id" = 1) [0m
Rendering template within layouts/application
Rendering posts/show

ActionView::TemplateError (undefined local variable or method `nill' for #<ActionView::Base:0xb7193784>) on line #11 of app/views/posts/show.html.haml:
8: %p
9:   %h2
10:     ÐšÐ¾Ð¼Ð¼ÐµÐ½Ñ‚Ð°Ñ€Ð¸Ð¸
11:   -unless @post.comments == nill
12:     %ul
13:       -for comment in @post.comments
14:         %li

    app/views/posts/show.html.haml:11:in `_run_haml_app47views47posts47show46html46haml'
    haml (2.2.2) lib/haml/helpers/action_view_mods.rb:13:in `render'
    haml (2.2.2) lib/haml/helpers/action_view_mods.rb:13:in `render'
    app/controllers/posts_controller.rb:18:in `show'
    haml (2.2.2) rails/./lib/sass/plugin/rails.rb:19:in `process'

Rendered rescues/_trace (40.6ms)
Rendered rescues/_request_and_response (0.3ms)
Rendering rescues/layout (internal_server_error)


Processing PostsController#show (for 127.0.0.1 at 2009-10-17 09:53:39) [GET]
  Parameters: {"id"=>"1"}
  [4;36;1mPost Load (0.3ms)[0m   [0;1mSELECT * FROM "posts" WHERE ("posts"."id" = 1) [0m
Rendering template within layouts/application
Rendering posts/show

ActionView::TemplateError (undefined local variable or method `nill' for #<ActionView::Base:0xb7277c90>) on line #11 of app/views/posts/show.html.haml:
8: %p
9:   %h2
10:     ÐšÐ¾Ð¼Ð¼ÐµÐ½Ñ‚Ð°Ñ€Ð¸Ð¸
11:   -unless @post.comments == nill
12:     %ul
13:       -for comment in @post.comments
14:         %li

    app/views/posts/show.html.haml:11:in `_run_haml_app47views47posts47show46html46haml'
    haml (2.2.2) lib/haml/helpers/action_view_mods.rb:13:in `render'
    haml (2.2.2) lib/haml/helpers/action_view_mods.rb:13:in `render'
    app/controllers/posts_controller.rb:18:in `show'
    haml (2.2.2) rails/./lib/sass/plugin/rails.rb:19:in `process'

Rendered rescues/_trace (40.9ms)
Rendered rescues/_request_and_response (0.3ms)
Rendering rescues/layout (internal_server_error)


Processing PostsController#show (for 127.0.0.1 at 2009-10-17 09:53:47) [GET]
  Parameters: {"id"=>"1"}
  [4;35;1mPost Load (0.2ms)[0m   [0mSELECT * FROM "posts" WHERE ("posts"."id" = 1) [0m
Rendering template within layouts/application
Rendering posts/show
  [4;36;1mSQL (0.2ms)[0m   [0;1mSELECT count(*) AS count_all FROM "comments" WHERE ("comments".post_id = 1) [0m
Rendered shared/_header (0.1ms)
Rendered shared/_footer (0.1ms)
Completed in 17ms (View: 11, DB: 0) | 200 OK [http://localhost/posts/1]


Processing PostsController#show (for 127.0.0.1 at 2009-10-17 09:54:27) [GET]
  Parameters: {"id"=>"1"}
  [4;35;1mPost Load (0.2ms)[0m   [0mSELECT * FROM "posts" WHERE ("posts"."id" = 1) [0m
Rendering template within layouts/application
Rendering posts/show
  [4;36;1mSQL (0.2ms)[0m   [0;1mSELECT count(*) AS count_all FROM "comments" WHERE ("comments".post_id = 1) [0m
Rendered shared/_header (0.2ms)
Rendered shared/_footer (0.1ms)
Completed in 75ms (View: 70, DB: 0) | 200 OK [http://localhost/posts/1]
  [4;36;1mSQL (0.5ms)[0m   [0;1m SELECT name
 FROM sqlite_master
 WHERE type = 'table' AND NOT name = 'sqlite_sequence'
[0m
  [4;35;1mSQL (0.1ms)[0m   [0mSELECT version FROM schema_migrations[0m
  [4;36;1mSQL (0.2ms)[0m   [0;1m SELECT name
 FROM sqlite_master
 WHERE type = 'table' AND NOT name = 'sqlite_sequence'
[0m
  [4;35;1mSQL (0.2ms)[0m   [0mSELECT version FROM schema_migrations[0m
Migrating to CreateComments (20091016120409)
  [4;36;1mSQL (0.1ms)[0m   [0;1mselect sqlite_version(*)[0m
  [4;35;1mSQL (0.4ms)[0m   [0mDROP TABLE "comments"[0m
  [4;36;1mSQL (0.1ms)[0m   [0;1mDELETE FROM schema_migrations WHERE version = '20091016120409'[0m
  [4;35;1mSQL (0.2ms)[0m   [0m SELECT name
 FROM sqlite_master
 WHERE type = 'table' AND NOT name = 'sqlite_sequence'
[0m
  [4;36;1mSQL (0.1ms)[0m   [0;1mSELECT version FROM schema_migrations[0m
  [4;35;1mSQL (0.2ms)[0m   [0m SELECT name
 FROM sqlite_master
 WHERE type = 'table' AND NOT name = 'sqlite_sequence'
[0m
  [4;36;1mSQL (0.0ms)[0m   [0;1mPRAGMA index_list("blog_parameters")[0m
  [4;35;1mSQL (0.0ms)[0m   [0mPRAGMA index_list("posts")[0m
  [4;36;1mSQL (0.5ms)[0m   [0;1m SELECT name
 FROM sqlite_master
 WHERE type = 'table' AND NOT name = 'sqlite_sequence'
[0m
  [4;35;1mSQL (0.1ms)[0m   [0mSELECT version FROM schema_migrations[0m
  [4;36;1mSQL (0.2ms)[0m   [0;1m SELECT name
 FROM sqlite_master
 WHERE type = 'table' AND NOT name = 'sqlite_sequence'
[0m
  [4;35;1mSQL (0.1ms)[0m   [0mSELECT version FROM schema_migrations[0m
Migrating to CreateBlogParameters (20091016111255)
  [4;36;1mSQL (0.1ms)[0m   [0;1mselect sqlite_version(*)[0m
  [4;35;1mSQL (0.4ms)[0m   [0mDROP TABLE "blog_parameters"[0m
  [4;36;1mSQL (0.1ms)[0m   [0;1mDELETE FROM schema_migrations WHERE version = '20091016111255'[0m
  [4;35;1mSQL (0.3ms)[0m   [0m SELECT name
 FROM sqlite_master
 WHERE type = 'table' AND NOT name = 'sqlite_sequence'
[0m
  [4;36;1mSQL (0.1ms)[0m   [0;1mSELECT version FROM schema_migrations[0m
  [4;35;1mSQL (0.1ms)[0m   [0m SELECT name
 FROM sqlite_master
 WHERE type = 'table' AND NOT name = 'sqlite_sequence'
[0m
  [4;36;1mSQL (0.0ms)[0m   [0;1mPRAGMA index_list("posts")[0m
  [4;36;1mSQL (0.4ms)[0m   [0;1m SELECT name
 FROM sqlite_master
 WHERE type = 'table' AND NOT name = 'sqlite_sequence'
[0m
  [4;35;1mSQL (0.1ms)[0m   [0mSELECT version FROM schema_migrations[0m
  [4;36;1mSQL (0.1ms)[0m   [0;1m SELECT name
 FROM sqlite_master
 WHERE type = 'table' AND NOT name = 'sqlite_sequence'
[0m
  [4;35;1mSQL (0.1ms)[0m   [0mSELECT version FROM schema_migrations[0m
Migrating to CreatePosts (20091016105540)
  [4;36;1mSQL (0.1ms)[0m   [0;1mselect sqlite_version(*)[0m
  [4;35;1mSQL (0.4ms)[0m   [0mDROP TABLE "posts"[0m
  [4;36;1mSQL (0.1ms)[0m   [0;1mDELETE FROM schema_migrations WHERE version = '20091016105540'[0m
  [4;35;1mSQL (0.2ms)[0m   [0m SELECT name
 FROM sqlite_master
 WHERE type = 'table' AND NOT name = 'sqlite_sequence'
[0m
  [4;36;1mSQL (0.1ms)[0m   [0;1mSELECT version FROM schema_migrations[0m
  [4;35;1mSQL (0.1ms)[0m   [0m SELECT name
 FROM sqlite_master
 WHERE type = 'table' AND NOT name = 'sqlite_sequence'
[0m
  [4;36;1mSQL (0.4ms)[0m   [0;1m SELECT name
 FROM sqlite_master
 WHERE type = 'table' AND NOT name = 'sqlite_sequence'
[0m
  [4;35;1mSQL (0.1ms)[0m   [0mSELECT version FROM schema_migrations[0m
Migrating to CreatePosts (20091016105540)
  [4;36;1mSQL (0.1ms)[0m   [0;1mselect sqlite_version(*)[0m
  [4;35;1mSQL (0.4ms)[0m   [0mCREATE TABLE "posts" ("id" INTEGER PRIMARY KEY AUTOINCREMENT NOT NULL, "permalink" varchar(255), "title" varchar(255), "body" text, "status" varchar(255), "announcement" text, "created_at" datetime, "updated_at" datetime) [0m
  [4;36;1mSQL (0.1ms)[0m   [0;1mINSERT INTO schema_migrations (version) VALUES ('20091016105540')[0m
Migrating to CreateBlogParameters (20091016111255)
  [4;35;1mSQL (0.3ms)[0m   [0mCREATE TABLE "blog_parameters" ("id" INTEGER PRIMARY KEY AUTOINCREMENT NOT NULL, "key" varchar(255), "value" varchar(255), "created_at" datetime, "updated_at" datetime) [0m
  [4;36;1mSQL (0.1ms)[0m   [0;1mINSERT INTO schema_migrations (version) VALUES ('20091016111255')[0m
Migrating to CreateComments (20091016120409)
  [4;35;1mSQL (0.3ms)[0m   [0mCREATE TABLE "comments" ("id" INTEGER PRIMARY KEY AUTOINCREMENT NOT NULL, "post_id" integer, "parent_comment_id" integer, "commenter_name" varchar(255), "commenter_email" varchar(255), "body" text, "created_at" datetime, "updated_at" datetime) [0m
  [4;36;1mSQL (0.1ms)[0m   [0;1mINSERT INTO schema_migrations (version) VALUES ('20091016120409')[0m
  [4;35;1mSQL (0.3ms)[0m   [0m SELECT name
 FROM sqlite_master
 WHERE type = 'table' AND NOT name = 'sqlite_sequence'
[0m
  [4;36;1mSQL (0.1ms)[0m   [0;1mSELECT version FROM schema_migrations[0m
  [4;35;1mSQL (0.2ms)[0m   [0m SELECT name
 FROM sqlite_master
 WHERE type = 'table' AND NOT name = 'sqlite_sequence'
[0m
  [4;36;1mSQL (0.0ms)[0m   [0;1mPRAGMA index_list("blog_parameters")[0m
  [4;35;1mSQL (0.0ms)[0m   [0mPRAGMA index_list("comments")[0m
  [4;36;1mSQL (0.0ms)[0m   [0;1mPRAGMA index_list("posts")[0m
  [4;36;1mPost Create (0.4ms)[0m   [0;1mINSERT INTO "posts" ("permalink", "created_at", "title", "body", "updated_at", "status", "announcement") VALUES('welcome', '2009-10-17 06:15:40', 'Welcome!', 'It is your first post in RBlog it, doesn''t have an announcement, so you can see it all.', '2009-10-17 06:15:40', 'published', NULL)[0m
  [4;36;1mPost Create (0.4ms)[0m   [0;1mINSERT INTO "posts" ("permalink", "created_at", "title", "body", "updated_at", "status", "announcement") VALUES('welcome', '2009-10-17 06:16:12', 'Welcome!', 'It is your first post in RBlog it, doesn''t have an announcement, so you can see it all.', '2009-10-17 06:16:12', 'published', NULL)[0m
  [4;35;1mComment Create (0.3ms)[0m   [0mINSERT INTO "comments" ("commenter_email", "created_at", "body", "updated_at", "post_id", "parent_comment_id", "commenter_name") VALUES(NULL, '2009-10-17 06:16:12', 'First comment', '2009-10-17 06:16:12', 2, NULL, 'igor.alexandrov@gmail.com')[0m
  [4;36;1mComment Create (0.3ms)[0m   [0;1mINSERT INTO "comments" ("commenter_email", "created_at", "body", "updated_at", "post_id", "parent_comment_id", "commenter_name") VALUES(NULL, '2009-10-17 06:16:12', 'First comment', '2009-10-17 06:16:12', 2, NULL, 'igor.alexandrov@gmail.com')[0m
  [4;35;1mComment Update (9.8ms)[0m   [0mUPDATE "comments" SET "parent_comment_id" = 2, "updated_at" = '2009-10-17 06:16:12' WHERE "id" = 1[0m
  [4;36;1mComment Create (0.2ms)[0m   [0;1mINSERT INTO "comments" ("commenter_email", "created_at", "body", "updated_at", "post_id", "parent_comment_id", "commenter_name") VALUES(NULL, '2009-10-17 06:16:12', 'First comment', '2009-10-17 06:16:12', 2, NULL, 'igor.alexandrov@gmail.com')[0m


Processing PostsController#show (for 127.0.0.1 at 2009-10-17 10:16:21) [GET]
  Parameters: {"id"=>"1"}
  [4;36;1mPost Load (0.2ms)[0m   [0;1mSELECT * FROM "posts" WHERE ("posts"."id" = 1) [0m
Rendering template within layouts/application
Rendering posts/show
  [4;35;1mSQL (0.2ms)[0m   [0mSELECT count(*) AS count_all FROM "comments" WHERE ("comments".post_id = 1) [0m
Rendered shared/_header (1.0ms)
Rendered shared/_footer (0.6ms)
Completed in 99ms (View: 88, DB: 0) | 200 OK [http://localhost/posts/1]


Processing PostsController#show (for 127.0.0.1 at 2009-10-17 10:16:23) [GET]
  Parameters: {"id"=>"1"}
  [4;36;1mPost Load (0.4ms)[0m   [0;1mSELECT * FROM "posts" WHERE ("posts"."id" = 1) [0m
Rendering template within layouts/application
Rendering posts/show
  [4;35;1mSQL (0.2ms)[0m   [0mSELECT count(*) AS count_all FROM "comments" WHERE ("comments".post_id = 1) [0m
Rendered shared/_header (0.1ms)
Rendered shared/_footer (0.1ms)
Completed in 14ms (View: 7, DB: 1) | 200 OK [http://localhost/posts/1]


Processing PostsController#show (for 127.0.0.1 at 2009-10-17 10:16:24) [GET]
  Parameters: {"id"=>"1"}
  [4;36;1mPost Load (0.3ms)[0m   [0;1mSELECT * FROM "posts" WHERE ("posts"."id" = 1) [0m
Rendering template within layouts/application
Rendering posts/show
  [4;35;1mSQL (0.2ms)[0m   [0mSELECT count(*) AS count_all FROM "comments" WHERE ("comments".post_id = 1) [0m
Rendered shared/_header (0.1ms)
Rendered shared/_footer (0.1ms)
Completed in 14ms (View: 7, DB: 0) | 200 OK [http://localhost/posts/1]


Processing PostsController#show (for 127.0.0.1 at 2009-10-17 10:16:24) [GET]
  Parameters: {"id"=>"1"}
  [4;36;1mPost Load (0.2ms)[0m   [0;1mSELECT * FROM "posts" WHERE ("posts"."id" = 1) [0m
Rendering template within layouts/application
Rendering posts/show
  [4;35;1mSQL (0.2ms)[0m   [0mSELECT count(*) AS count_all FROM "comments" WHERE ("comments".post_id = 1) [0m
Rendered shared/_header (0.1ms)
Rendered shared/_footer (0.1ms)
Completed in 13ms (View: 7, DB: 0) | 200 OK [http://localhost/posts/1]


Processing HomeController#index (for 127.0.0.1 at 2009-10-17 10:16:48) [GET]
  [4;36;1mPost Load (0.3ms)[0m   [0;1mSELECT * FROM "posts" WHERE ("posts"."status" = 'published') [0m
Rendering template within layouts/application
Rendering home/index
Rendered shared/_header (0.1ms)
Rendered shared/_footer (0.1ms)
Completed in 51ms (View: 45, DB: 0) | 200 OK [http://localhost/]


Processing PostsController#show (for 127.0.0.1 at 2009-10-17 10:16:49) [GET]
  Parameters: {"id"=>"2"}
  [4;35;1mPost Load (0.2ms)[0m   [0mSELECT * FROM "posts" WHERE ("posts"."id" = 2) [0m
Rendering template within layouts/application
Rendering posts/show
  [4;36;1mSQL (0.2ms)[0m   [0;1mSELECT count(*) AS count_all FROM "comments" WHERE ("comments".post_id = 2) [0m
  [4;35;1mComment Load (0.3ms)[0m   [0mSELECT * FROM "comments" WHERE ("comments".post_id = 2) [0m
Rendered comments/_show (0.9ms)
Rendered comments/_show (0.1ms)
Rendered comments/_show (0.1ms)
Rendered shared/_header (0.1ms)
Rendered shared/_footer (0.1ms)
Completed in 76ms (View: 17, DB: 1) | 200 OK [http://localhost/posts/2]


Processing PostsController#show (for 127.0.0.1 at 2009-10-17 10:22:39) [GET]
  Parameters: {"id"=>"2"}
  [4;36;1mPost Load (0.3ms)[0m   [0;1mSELECT * FROM "posts" WHERE ("posts"."id" = 2) [0m
Rendering template within layouts/application
Rendering posts/show
  [4;35;1mSQL (0.2ms)[0m   [0mSELECT count(*) AS count_all FROM "comments" WHERE ("comments".post_id = 2) [0m
  [4;36;1mComment Load (0.4ms)[0m   [0;1mSELECT * FROM "comments" WHERE ("comments".post_id = 2) [0m
Rendered comments/_show (0.1ms)
Rendered comments/_show (0.1ms)
Rendered comments/_show (0.1ms)
Rendered shared/_header (0.1ms)
Rendered shared/_footer (0.1ms)
Completed in 16ms (View: 10, DB: 1) | 200 OK [http://localhost/posts/2]


Processing PostsController#show (for 127.0.0.1 at 2009-10-17 10:22:55) [GET]
  Parameters: {"id"=>"2"}
  [4;35;1mPost Load (0.3ms)[0m   [0mSELECT * FROM "posts" WHERE ("posts"."id" = 2) [0m
Rendering template within layouts/application
Rendering posts/show
  [4;36;1mComment Load (0.0ms)[0m   [0;1mSQLite3::SQLException: no such column: comments.parent_id: SELECT * FROM "comments" WHERE ("comments"."post_id" = 2 AND "comments"."parent_id" = 0) [0m

ActionView::TemplateError (SQLite3::SQLException: no such column: comments.parent_id: SELECT * FROM "comments" WHERE ("comments"."post_id" = 2 AND "comments"."parent_id" = 0) ) on line #11 of app/views/posts/show.html.haml:
8: %p
9:   %h2
10:     ÐšÐ¾Ð¼Ð¼ÐµÐ½Ñ‚Ð°Ñ€Ð¸Ð¸
11:   -unless @post.first_level_comments.empty?
12:     %ul
13:       -for comment in @post.comments
14:         %li

    app/models/post.rb:5:in `first_level_comments'
    app/views/posts/show.html.haml:11:in `_run_haml_app47views47posts47show46html46haml'
    haml (2.2.2) lib/haml/helpers/action_view_mods.rb:13:in `render'
    haml (2.2.2) lib/haml/helpers/action_view_mods.rb:13:in `render'
    app/controllers/posts_controller.rb:18:in `show'
    haml (2.2.2) rails/./lib/sass/plugin/rails.rb:19:in `process'

Rendered rescues/_trace (107.8ms)
Rendered rescues/_request_and_response (1.3ms)
Rendering rescues/layout (internal_server_error)


Processing PostsController#show (for 127.0.0.1 at 2009-10-17 10:22:56) [GET]
  Parameters: {"id"=>"2"}
  [4;35;1mPost Load (0.2ms)[0m   [0mSELECT * FROM "posts" WHERE ("posts"."id" = 2) [0m
Rendering template within layouts/application
Rendering posts/show
  [4;36;1mComment Load (0.0ms)[0m   [0;1mSQLite3::SQLException: no such column: comments.parent_id: SELECT * FROM "comments" WHERE ("comments"."post_id" = 2 AND "comments"."parent_id" = 0) [0m

ActionView::TemplateError (SQLite3::SQLException: no such column: comments.parent_id: SELECT * FROM "comments" WHERE ("comments"."post_id" = 2 AND "comments"."parent_id" = 0) ) on line #11 of app/views/posts/show.html.haml:
8: %p
9:   %h2
10:     ÐšÐ¾Ð¼Ð¼ÐµÐ½Ñ‚Ð°Ñ€Ð¸Ð¸
11:   -unless @post.first_level_comments.empty?
12:     %ul
13:       -for comment in @post.comments
14:         %li

    app/models/post.rb:5:in `first_level_comments'
    app/views/posts/show.html.haml:11:in `_run_haml_app47views47posts47show46html46haml'
    haml (2.2.2) lib/haml/helpers/action_view_mods.rb:13:in `render'
    haml (2.2.2) lib/haml/helpers/action_view_mods.rb:13:in `render'
    app/controllers/posts_controller.rb:18:in `show'
    haml (2.2.2) rails/./lib/sass/plugin/rails.rb:19:in `process'

Rendered rescues/_trace (46.5ms)
Rendered rescues/_request_and_response (0.3ms)
Rendering rescues/layout (internal_server_error)


Processing PostsController#show (for 127.0.0.1 at 2009-10-17 10:23:14) [GET]
  Parameters: {"id"=>"2"}
  [4;35;1mPost Load (0.2ms)[0m   [0mSELECT * FROM "posts" WHERE ("posts"."id" = 2) [0m
Rendering template within layouts/application
Rendering posts/show
  [4;36;1mComment Load (0.2ms)[0m   [0;1mSELECT * FROM "comments" WHERE ("comments"."post_id" = 2 AND "comments"."parent_comment_id" = 0) [0m
Rendered shared/_header (0.2ms)
Rendered shared/_footer (0.1ms)
Completed in 12ms (View: 6, DB: 0) | 200 OK [http://localhost/posts/2]


Processing PostsController#show (for 127.0.0.1 at 2009-10-17 10:23:41) [GET]
  Parameters: {"id"=>"2"}
  [4;35;1mPost Load (0.2ms)[0m   [0mSELECT * FROM "posts" WHERE ("posts"."id" = 2) [0m
Rendering template within layouts/application
Rendering posts/show
  [4;36;1mComment Load (0.4ms)[0m   [0;1mSELECT * FROM "comments" WHERE ("comments"."post_id" = 2 AND "comments"."parent_comment_id" IS NULL) [0m
  [4;35;1mComment Load (0.3ms)[0m   [0mSELECT * FROM "comments" WHERE ("comments".post_id = 2) [0m
Rendered comments/_show (0.1ms)
Rendered comments/_show (0.1ms)
Rendered comments/_show (0.1ms)
Rendered shared/_header (0.1ms)
Rendered shared/_footer (0.1ms)
Completed in 17ms (View: 11, DB: 1) | 200 OK [http://localhost/posts/2]


Processing PostsController#show (for 127.0.0.1 at 2009-10-17 10:23:41) [GET]
  Parameters: {"id"=>"2"}
  [4;36;1mPost Load (0.3ms)[0m   [0;1mSELECT * FROM "posts" WHERE ("posts"."id" = 2) [0m
Rendering template within layouts/application
Rendering posts/show
  [4;35;1mComment Load (0.4ms)[0m   [0mSELECT * FROM "comments" WHERE ("comments"."post_id" = 2 AND "comments"."parent_comment_id" IS NULL) [0m
  [4;36;1mComment Load (0.3ms)[0m   [0;1mSELECT * FROM "comments" WHERE ("comments".post_id = 2) [0m
Rendered comments/_show (0.1ms)
Rendered comments/_show (0.1ms)
Rendered comments/_show (0.1ms)
Rendered shared/_header (0.1ms)
Rendered shared/_footer (0.1ms)
Completed in 18ms (View: 10, DB: 1) | 200 OK [http://localhost/posts/2]


Processing PostsController#show (for 127.0.0.1 at 2009-10-17 10:24:22) [GET]
  Parameters: {"id"=>"2"}
  [4;35;1mPost Load (0.2ms)[0m   [0mSELECT * FROM "posts" WHERE ("posts"."id" = 2) [0m
Rendering template within layouts/application
Rendering posts/show
  [4;36;1mComment Load (0.4ms)[0m   [0;1mSELECT * FROM "comments" WHERE ("comments"."post_id" = 2 AND "comments"."parent_comment_id" IS NULL) [0m
  [4;35;1mCACHE (0.0ms)[0m   [0mSELECT * FROM "comments" WHERE ("comments"."post_id" = 2 AND "comments"."parent_comment_id" IS NULL) [0m

ActionView::TemplateError (undefined method `each' for false:FalseClass) on line #13 of app/views/posts/show.html.haml:
10:     ÐšÐ¾Ð¼Ð¼ÐµÐ½Ñ‚Ð°Ñ€Ð¸Ð¸
11:   -unless @post.first_level_comments.empty?
12:     %ul
13:       -for comment in @post.first_level_comments.empty?
14:         %li
15:           =render :partial => "comments/show", :locals => {:comment => comment}
16:   -else

    app/views/posts/show.html.haml:13:in `_run_haml_app47views47posts47show46html46haml'
    haml (2.2.2) lib/haml/helpers/action_view_mods.rb:13:in `render'
    haml (2.2.2) lib/haml/helpers/action_view_mods.rb:13:in `render'
    app/controllers/posts_controller.rb:18:in `show'
    haml (2.2.2) rails/./lib/sass/plugin/rails.rb:19:in `process'

Rendered rescues/_trace (99.6ms)
Rendered rescues/_request_and_response (0.3ms)
Rendering rescues/layout (internal_server_error)


Processing PostsController#show (for 127.0.0.1 at 2009-10-17 10:24:23) [GET]
  Parameters: {"id"=>"2"}
  [4;36;1mPost Load (0.3ms)[0m   [0;1mSELECT * FROM "posts" WHERE ("posts"."id" = 2) [0m
Rendering template within layouts/application
Rendering posts/show
  [4;35;1mComment Load (0.4ms)[0m   [0mSELECT * FROM "comments" WHERE ("comments"."post_id" = 2 AND "comments"."parent_comment_id" IS NULL) [0m
  [4;36;1mCACHE (0.0ms)[0m   [0;1mSELECT * FROM "comments" WHERE ("comments"."post_id" = 2 AND "comments"."parent_comment_id" IS NULL) [0m

ActionView::TemplateError (undefined method `each' for false:FalseClass) on line #13 of app/views/posts/show.html.haml:
10:     ÐšÐ¾Ð¼Ð¼ÐµÐ½Ñ‚Ð°Ñ€Ð¸Ð¸
11:   -unless @post.first_level_comments.empty?
12:     %ul
13:       -for comment in @post.first_level_comments.empty?
14:         %li
15:           =render :partial => "comments/show", :locals => {:comment => comment}
16:   -else

    app/views/posts/show.html.haml:13:in `_run_haml_app47views47posts47show46html46haml'
    haml (2.2.2) lib/haml/helpers/action_view_mods.rb:13:in `render'
    haml (2.2.2) lib/haml/helpers/action_view_mods.rb:13:in `render'
    app/controllers/posts_controller.rb:18:in `show'
    haml (2.2.2) rails/./lib/sass/plugin/rails.rb:19:in `process'

Rendered rescues/_trace (40.3ms)
Rendered rescues/_request_and_response (0.3ms)
Rendering rescues/layout (internal_server_error)


Processing PostsController#show (for 127.0.0.1 at 2009-10-17 10:24:24) [GET]
  Parameters: {"id"=>"2"}
  [4;35;1mPost Load (0.2ms)[0m   [0mSELECT * FROM "posts" WHERE ("posts"."id" = 2) [0m
Rendering template within layouts/application
Rendering posts/show
  [4;36;1mComment Load (0.4ms)[0m   [0;1mSELECT * FROM "comments" WHERE ("comments"."post_id" = 2 AND "comments"."parent_comment_id" IS NULL) [0m
  [4;35;1mCACHE (0.0ms)[0m   [0mSELECT * FROM "comments" WHERE ("comments"."post_id" = 2 AND "comments"."parent_comment_id" IS NULL) [0m

ActionView::TemplateError (undefined method `each' for false:FalseClass) on line #13 of app/views/posts/show.html.haml:
10:     ÐšÐ¾Ð¼Ð¼ÐµÐ½Ñ‚Ð°Ñ€Ð¸Ð¸
11:   -unless @post.first_level_comments.empty?
12:     %ul
13:       -for comment in @post.first_level_comments.empty?
14:         %li
15:           =render :partial => "comments/show", :locals => {:comment => comment}
16:   -else

    app/views/posts/show.html.haml:13:in `_run_haml_app47views47posts47show46html46haml'
    haml (2.2.2) lib/haml/helpers/action_view_mods.rb:13:in `render'
    haml (2.2.2) lib/haml/helpers/action_view_mods.rb:13:in `render'
    app/controllers/posts_controller.rb:18:in `show'
    haml (2.2.2) rails/./lib/sass/plugin/rails.rb:19:in `process'

Rendered rescues/_trace (43.7ms)
Rendered rescues/_request_and_response (0.3ms)
Rendering rescues/layout (internal_server_error)


Processing PostsController#show (for 127.0.0.1 at 2009-10-17 10:24:24) [GET]
  Parameters: {"id"=>"2"}
  [4;36;1mPost Load (0.2ms)[0m   [0;1mSELECT * FROM "posts" WHERE ("posts"."id" = 2) [0m
Rendering template within layouts/application
Rendering posts/show
  [4;35;1mComment Load (0.4ms)[0m   [0mSELECT * FROM "comments" WHERE ("comments"."post_id" = 2 AND "comments"."parent_comment_id" IS NULL) [0m
  [4;36;1mCACHE (0.0ms)[0m   [0;1mSELECT * FROM "comments" WHERE ("comments"."post_id" = 2 AND "comments"."parent_comment_id" IS NULL) [0m

ActionView::TemplateError (undefined method `each' for false:FalseClass) on line #13 of app/views/posts/show.html.haml:
10:     ÐšÐ¾Ð¼Ð¼ÐµÐ½Ñ‚Ð°Ñ€Ð¸Ð¸
11:   -unless @post.first_level_comments.empty?
12:     %ul
13:       -for comment in @post.first_level_comments.empty?
14:         %li
15:           =render :partial => "comments/show", :locals => {:comment => comment}
16:   -else

    app/views/posts/show.html.haml:13:in `_run_haml_app47views47posts47show46html46haml'
    haml (2.2.2) lib/haml/helpers/action_view_mods.rb:13:in `render'
    haml (2.2.2) lib/haml/helpers/action_view_mods.rb:13:in `render'
    app/controllers/posts_controller.rb:18:in `show'
    haml (2.2.2) rails/./lib/sass/plugin/rails.rb:19:in `process'

Rendered rescues/_trace (39.7ms)
Rendered rescues/_request_and_response (0.3ms)
Rendering rescues/layout (internal_server_error)


Processing PostsController#show (for 127.0.0.1 at 2009-10-17 10:24:24) [GET]
  Parameters: {"id"=>"2"}
  [4;35;1mPost Load (0.2ms)[0m   [0mSELECT * FROM "posts" WHERE ("posts"."id" = 2) [0m
Rendering template within layouts/application
Rendering posts/show
  [4;36;1mComment Load (0.4ms)[0m   [0;1mSELECT * FROM "comments" WHERE ("comments"."post_id" = 2 AND "comments"."parent_comment_id" IS NULL) [0m
  [4;35;1mCACHE (0.0ms)[0m   [0mSELECT * FROM "comments" WHERE ("comments"."post_id" = 2 AND "comments"."parent_comment_id" IS NULL) [0m

ActionView::TemplateError (undefined method `each' for false:FalseClass) on line #13 of app/views/posts/show.html.haml:
10:     ÐšÐ¾Ð¼Ð¼ÐµÐ½Ñ‚Ð°Ñ€Ð¸Ð¸
11:   -unless @post.first_level_comments.empty?
12:     %ul
13:       -for comment in @post.first_level_comments.empty?
14:         %li
15:           =render :partial => "comments/show", :locals => {:comment => comment}
16:   -else

    app/views/posts/show.html.haml:13:in `_run_haml_app47views47posts47show46html46haml'
    haml (2.2.2) lib/haml/helpers/action_view_mods.rb:13:in `render'
    haml (2.2.2) lib/haml/helpers/action_view_mods.rb:13:in `render'
    app/controllers/posts_controller.rb:18:in `show'
    haml (2.2.2) rails/./lib/sass/plugin/rails.rb:19:in `process'

Rendered rescues/_trace (42.9ms)
Rendered rescues/_request_and_response (0.3ms)
Rendering rescues/layout (internal_server_error)


Processing PostsController#show (for 127.0.0.1 at 2009-10-17 10:24:24) [GET]
  Parameters: {"id"=>"2"}
  [4;36;1mPost Load (0.2ms)[0m   [0;1mSELECT * FROM "posts" WHERE ("posts"."id" = 2) [0m
Rendering template within layouts/application
Rendering posts/show
  [4;35;1mComment Load (0.4ms)[0m   [0mSELECT * FROM "comments" WHERE ("comments"."post_id" = 2 AND "comments"."parent_comment_id" IS NULL) [0m
  [4;36;1mCACHE (0.0ms)[0m   [0;1mSELECT * FROM "comments" WHERE ("comments"."post_id" = 2 AND "comments"."parent_comment_id" IS NULL) [0m

ActionView::TemplateError (undefined method `each' for false:FalseClass) on line #13 of app/views/posts/show.html.haml:
10:     ÐšÐ¾Ð¼Ð¼ÐµÐ½Ñ‚Ð°Ñ€Ð¸Ð¸
11:   -unless @post.first_level_comments.empty?
12:     %ul
13:       -for comment in @post.first_level_comments.empty?
14:         %li
15:           =render :partial => "comments/show", :locals => {:comment => comment}
16:   -else

    app/views/posts/show.html.haml:13:in `_run_haml_app47views47posts47show46html46haml'
    haml (2.2.2) lib/haml/helpers/action_view_mods.rb:13:in `render'
    haml (2.2.2) lib/haml/helpers/action_view_mods.rb:13:in `render'
    app/controllers/posts_controller.rb:18:in `show'
    haml (2.2.2) rails/./lib/sass/plugin/rails.rb:19:in `process'

Rendered rescues/_trace (108.7ms)
Rendered rescues/_request_and_response (0.3ms)
Rendering rescues/layout (internal_server_error)


Processing PostsController#show (for 127.0.0.1 at 2009-10-17 10:24:25) [GET]
  Parameters: {"id"=>"2"}
  [4;35;1mPost Load (2.1ms)[0m   [0mSELECT * FROM "posts" WHERE ("posts"."id" = 2) [0m
Rendering template within layouts/application
Rendering posts/show
  [4;36;1mComment Load (0.4ms)[0m   [0;1mSELECT * FROM "comments" WHERE ("comments"."post_id" = 2 AND "comments"."parent_comment_id" IS NULL) [0m
  [4;35;1mCACHE (0.0ms)[0m   [0mSELECT * FROM "comments" WHERE ("comments"."post_id" = 2 AND "comments"."parent_comment_id" IS NULL) [0m

ActionView::TemplateError (undefined method `each' for false:FalseClass) on line #13 of app/views/posts/show.html.haml:
10:     ÐšÐ¾Ð¼Ð¼ÐµÐ½Ñ‚Ð°Ñ€Ð¸Ð¸
11:   -unless @post.first_level_comments.empty?
12:     %ul
13:       -for comment in @post.first_level_comments.empty?
14:         %li
15:           =render :partial => "comments/show", :locals => {:comment => comment}
16:   -else

    app/views/posts/show.html.haml:13:in `_run_haml_app47views47posts47show46html46haml'
    haml (2.2.2) lib/haml/helpers/action_view_mods.rb:13:in `render'
    haml (2.2.2) lib/haml/helpers/action_view_mods.rb:13:in `render'
    app/controllers/posts_controller.rb:18:in `show'
    haml (2.2.2) rails/./lib/sass/plugin/rails.rb:19:in `process'

Rendered rescues/_trace (39.6ms)
Rendered rescues/_request_and_response (0.3ms)
Rendering rescues/layout (internal_server_error)


Processing PostsController#show (for 127.0.0.1 at 2009-10-17 10:24:55) [GET]
  Parameters: {"id"=>"2"}
  [4;36;1mPost Load (0.3ms)[0m   [0;1mSELECT * FROM "posts" WHERE ("posts"."id" = 2) [0m
Rendering template within layouts/application
Rendering posts/show
  [4;35;1mComment Load (0.6ms)[0m   [0mSELECT * FROM "comments" WHERE ("comments"."post_id" = 2 AND "comments"."parent_comment_id" IS NULL) [0m
  [4;36;1mCACHE (0.0ms)[0m   [0;1mSELECT * FROM "comments" WHERE ("comments"."post_id" = 2 AND "comments"."parent_comment_id" IS NULL) [0m
Rendered comments/_show (2.2ms)
Rendered comments/_show (0.1ms)
Rendered shared/_header (0.1ms)
Rendered shared/_footer (0.1ms)
Completed in 87ms (View: 81, DB: 1) | 200 OK [http://localhost/posts/2]


Processing PostsController#show (for 127.0.0.1 at 2009-10-17 10:24:56) [GET]
  Parameters: {"id"=>"2"}
  [4;35;1mPost Load (0.2ms)[0m   [0mSELECT * FROM "posts" WHERE ("posts"."id" = 2) [0m
Rendering template within layouts/application
Rendering posts/show
  [4;36;1mComment Load (0.4ms)[0m   [0;1mSELECT * FROM "comments" WHERE ("comments"."post_id" = 2 AND "comments"."parent_comment_id" IS NULL) [0m
  [4;35;1mCACHE (0.0ms)[0m   [0mSELECT * FROM "comments" WHERE ("comments"."post_id" = 2 AND "comments"."parent_comment_id" IS NULL) [0m
Rendered comments/_show (2.4ms)
Rendered comments/_show (0.1ms)
Rendered shared/_header (0.1ms)
Rendered shared/_footer (0.1ms)
Completed in 17ms (View: 10, DB: 1) | 200 OK [http://localhost/posts/2]


Processing PostsController#show (for 127.0.0.1 at 2009-10-17 10:34:23) [GET]
  Parameters: {"id"=>"2"}
  [4;36;1mPost Load (0.3ms)[0m   [0;1mSELECT * FROM "posts" WHERE ("posts"."id" = 2) [0m
Rendering template within layouts/application
Rendering posts/show
  [4;35;1mComment Load (0.5ms)[0m   [0mSELECT * FROM "comments" WHERE ("comments".post_id = 2) [0m

ActionView::TemplateError (undefined method `parent_id' for #<Comment:0xb71aa6dc>) on line #11 of app/views/posts/show.html.haml:
8: %p
9:   %h2
10:     ÐšÐ¾Ð¼Ð¼ÐµÐ½Ñ‚Ð°Ñ€Ð¸Ð¸
11:   =display_tree_recursive(@post.comments)

    app/helpers/application_helper.rb:6:in `display_tree_recursive'
    app/helpers/application_helper.rb:5:in `display_tree_recursive'
    haml (2.2.2) lib/haml/helpers/action_view_mods.rb:88:in `capture'
    haml (2.2.2) lib/haml/helpers/action_view_mods.rb:106:in `content_tag'
    app/helpers/application_helper.rb:4:in `display_tree_recursive'
    app/views/posts/show.html.haml:11:in `_run_haml_app47views47posts47show46html46haml'
    haml (2.2.2) lib/haml/helpers/action_view_mods.rb:13:in `render'
    haml (2.2.2) lib/haml/helpers/action_view_mods.rb:13:in `render'
    app/controllers/posts_controller.rb:18:in `show'
    haml (2.2.2) rails/./lib/sass/plugin/rails.rb:19:in `process'

Rendered rescues/_trace (109.8ms)
Rendered rescues/_request_and_response (0.3ms)
Rendering rescues/layout (internal_server_error)


Processing PostsController#show (for 127.0.0.1 at 2009-10-17 10:34:23) [GET]
  Parameters: {"id"=>"2"}
  [4;36;1mPost Load (0.2ms)[0m   [0;1mSELECT * FROM "posts" WHERE ("posts"."id" = 2) [0m
Rendering template within layouts/application
Rendering posts/show
  [4;35;1mComment Load (0.5ms)[0m   [0mSELECT * FROM "comments" WHERE ("comments".post_id = 2) [0m

ActionView::TemplateError (undefined method `parent_id' for #<Comment:0xb7234cd8>) on line #11 of app/views/posts/show.html.haml:
8: %p
9:   %h2
10:     ÐšÐ¾Ð¼Ð¼ÐµÐ½Ñ‚Ð°Ñ€Ð¸Ð¸
11:   =display_tree_recursive(@post.comments)

    app/helpers/application_helper.rb:6:in `display_tree_recursive'
    app/helpers/application_helper.rb:5:in `display_tree_recursive'
    haml (2.2.2) lib/haml/helpers/action_view_mods.rb:88:in `capture'
    haml (2.2.2) lib/haml/helpers/action_view_mods.rb:106:in `content_tag'
    app/helpers/application_helper.rb:4:in `display_tree_recursive'
    app/views/posts/show.html.haml:11:in `_run_haml_app47views47posts47show46html46haml'
    haml (2.2.2) lib/haml/helpers/action_view_mods.rb:13:in `render'
    haml (2.2.2) lib/haml/helpers/action_view_mods.rb:13:in `render'
    app/controllers/posts_controller.rb:18:in `show'
    haml (2.2.2) rails/./lib/sass/plugin/rails.rb:19:in `process'

Rendered rescues/_trace (49.6ms)
Rendered rescues/_request_and_response (0.3ms)
Rendering rescues/layout (internal_server_error)


Processing PostsController#show (for 127.0.0.1 at 2009-10-17 10:34:24) [GET]
  Parameters: {"id"=>"2"}
  [4;36;1mPost Load (0.2ms)[0m   [0;1mSELECT * FROM "posts" WHERE ("posts"."id" = 2) [0m
Rendering template within layouts/application
Rendering posts/show
  [4;35;1mComment Load (0.6ms)[0m   [0mSELECT * FROM "comments" WHERE ("comments".post_id = 2) [0m

ActionView::TemplateError (undefined method `parent_id' for #<Comment:0xb6fa9a68>) on line #11 of app/views/posts/show.html.haml:
8: %p
9:   %h2
10:     ÐšÐ¾Ð¼Ð¼ÐµÐ½Ñ‚Ð°Ñ€Ð¸Ð¸
11:   =display_tree_recursive(@post.comments)

    app/helpers/application_helper.rb:6:in `display_tree_recursive'
    app/helpers/application_helper.rb:5:in `display_tree_recursive'
    haml (2.2.2) lib/haml/helpers/action_view_mods.rb:88:in `capture'
    haml (2.2.2) lib/haml/helpers/action_view_mods.rb:106:in `content_tag'
    app/helpers/application_helper.rb:4:in `display_tree_recursive'
    app/views/posts/show.html.haml:11:in `_run_haml_app47views47posts47show46html46haml'
    haml (2.2.2) lib/haml/helpers/action_view_mods.rb:13:in `render'
    haml (2.2.2) lib/haml/helpers/action_view_mods.rb:13:in `render'
    app/controllers/posts_controller.rb:18:in `show'
    haml (2.2.2) rails/./lib/sass/plugin/rails.rb:19:in `process'

Rendered rescues/_trace (56.0ms)
Rendered rescues/_request_and_response (0.3ms)
Rendering rescues/layout (internal_server_error)


Processing PostsController#show (for 127.0.0.1 at 2009-10-17 10:34:24) [GET]
  Parameters: {"id"=>"2"}
  [4;36;1mPost Load (0.2ms)[0m   [0;1mSELECT * FROM "posts" WHERE ("posts"."id" = 2) [0m
Rendering template within layouts/application
Rendering posts/show
  [4;35;1mComment Load (0.5ms)[0m   [0mSELECT * FROM "comments" WHERE ("comments".post_id = 2) [0m

ActionView::TemplateError (undefined method `parent_id' for #<Comment:0xb709db2c>) on line #11 of app/views/posts/show.html.haml:
8: %p
9:   %h2
10:     ÐšÐ¾Ð¼Ð¼ÐµÐ½Ñ‚Ð°Ñ€Ð¸Ð¸
11:   =display_tree_recursive(@post.comments)

    app/helpers/application_helper.rb:6:in `display_tree_recursive'
    app/helpers/application_helper.rb:5:in `display_tree_recursive'
    haml (2.2.2) lib/haml/helpers/action_view_mods.rb:88:in `capture'
    haml (2.2.2) lib/haml/helpers/action_view_mods.rb:106:in `content_tag'
    app/helpers/application_helper.rb:4:in `display_tree_recursive'
    app/views/posts/show.html.haml:11:in `_run_haml_app47views47posts47show46html46haml'
    haml (2.2.2) lib/haml/helpers/action_view_mods.rb:13:in `render'
    haml (2.2.2) lib/haml/helpers/action_view_mods.rb:13:in `render'
    app/controllers/posts_controller.rb:18:in `show'
    haml (2.2.2) rails/./lib/sass/plugin/rails.rb:19:in `process'

Rendered rescues/_trace (114.7ms)
Rendered rescues/_request_and_response (0.3ms)
Rendering rescues/layout (internal_server_error)


Processing PostsController#show (for 127.0.0.1 at 2009-10-17 10:34:24) [GET]
  Parameters: {"id"=>"2"}
  [4;36;1mPost Load (0.2ms)[0m   [0;1mSELECT * FROM "posts" WHERE ("posts"."id" = 2) [0m
Rendering template within layouts/application
Rendering posts/show
  [4;35;1mComment Load (0.4ms)[0m   [0mSELECT * FROM "comments" WHERE ("comments".post_id = 2) [0m

ActionView::TemplateError (undefined method `parent_id' for #<Comment:0xb71c73b8>) on line #11 of app/views/posts/show.html.haml:
8: %p
9:   %h2
10:     ÐšÐ¾Ð¼Ð¼ÐµÐ½Ñ‚Ð°Ñ€Ð¸Ð¸
11:   =display_tree_recursive(@post.comments)

    app/helpers/application_helper.rb:6:in `display_tree_recursive'
    app/helpers/application_helper.rb:5:in `display_tree_recursive'
    haml (2.2.2) lib/haml/helpers/action_view_mods.rb:88:in `capture'
    haml (2.2.2) lib/haml/helpers/action_view_mods.rb:106:in `content_tag'
    app/helpers/application_helper.rb:4:in `display_tree_recursive'
    app/views/posts/show.html.haml:11:in `_run_haml_app47views47posts47show46html46haml'
    haml (2.2.2) lib/haml/helpers/action_view_mods.rb:13:in `render'
    haml (2.2.2) lib/haml/helpers/action_view_mods.rb:13:in `render'
    app/controllers/posts_controller.rb:18:in `show'
    haml (2.2.2) rails/./lib/sass/plugin/rails.rb:19:in `process'

Rendered rescues/_trace (51.5ms)
Rendered rescues/_request_and_response (0.3ms)
Rendering rescues/layout (internal_server_error)


Processing PostsController#show (for 127.0.0.1 at 2009-10-17 10:34:24) [GET]
  Parameters: {"id"=>"2"}
  [4;36;1mPost Load (0.2ms)[0m   [0;1mSELECT * FROM "posts" WHERE ("posts"."id" = 2) [0m
Rendering template within layouts/application
Rendering posts/show
  [4;35;1mComment Load (0.6ms)[0m   [0mSELECT * FROM "comments" WHERE ("comments".post_id = 2) [0m

ActionView::TemplateError (undefined method `parent_id' for #<Comment:0xb7282208>) on line #11 of app/views/posts/show.html.haml:
8: %p
9:   %h2
10:     ÐšÐ¾Ð¼Ð¼ÐµÐ½Ñ‚Ð°Ñ€Ð¸Ð¸
11:   =display_tree_recursive(@post.comments)

    app/helpers/application_helper.rb:6:in `display_tree_recursive'
    app/helpers/application_helper.rb:5:in `display_tree_recursive'
    haml (2.2.2) lib/haml/helpers/action_view_mods.rb:88:in `capture'
    haml (2.2.2) lib/haml/helpers/action_view_mods.rb:106:in `content_tag'
    app/helpers/application_helper.rb:4:in `display_tree_recursive'
    app/views/posts/show.html.haml:11:in `_run_haml_app47views47posts47show46html46haml'
    haml (2.2.2) lib/haml/helpers/action_view_mods.rb:13:in `render'
    haml (2.2.2) lib/haml/helpers/action_view_mods.rb:13:in `render'
    app/controllers/posts_controller.rb:18:in `show'
    haml (2.2.2) rails/./lib/sass/plugin/rails.rb:19:in `process'

Rendered rescues/_trace (49.7ms)
Rendered rescues/_request_and_response (0.4ms)
Rendering rescues/layout (internal_server_error)


Processing PostsController#show (for 127.0.0.1 at 2009-10-17 10:34:37) [GET]
  Parameters: {"id"=>"2"}
  [4;36;1mPost Load (0.3ms)[0m   [0;1mSELECT * FROM "posts" WHERE ("posts"."id" = 2) [0m
Rendering template within layouts/application
Rendering posts/show
  [4;35;1mComment Load (0.5ms)[0m   [0mSELECT * FROM "comments" WHERE ("comments".post_id = 2) [0m

ActionView::TemplateError (no block given) on line #11 of app/views/posts/show.html.haml:
8: %p
9:   %h2
10:     ÐšÐ¾Ð¼Ð¼ÐµÐ½Ñ‚Ð°Ñ€Ð¸Ð¸
11:   =display_tree_recursive(@post.comments)

    app/helpers/application_helper.rb:8:in `display_tree_recursive'
    haml (2.2.2) lib/haml/helpers/action_view_mods.rb:88:in `capture'
    haml (2.2.2) lib/haml/helpers/action_view_mods.rb:106:in `content_tag'
    app/helpers/application_helper.rb:7:in `display_tree_recursive'
    app/helpers/application_helper.rb:5:in `display_tree_recursive'
    haml (2.2.2) lib/haml/helpers/action_view_mods.rb:88:in `capture'
    haml (2.2.2) lib/haml/helpers/action_view_mods.rb:106:in `content_tag'
    app/helpers/application_helper.rb:4:in `display_tree_recursive'
    app/views/posts/show.html.haml:11:in `_run_haml_app47views47posts47show46html46haml'
    haml (2.2.2) lib/haml/helpers/action_view_mods.rb:13:in `render'
    haml (2.2.2) lib/haml/helpers/action_view_mods.rb:13:in `render'
    app/controllers/posts_controller.rb:18:in `show'
    haml (2.2.2) rails/./lib/sass/plugin/rails.rb:19:in `process'

Rendered rescues/_trace (120.4ms)
Rendered rescues/_request_and_response (0.3ms)
Rendering rescues/layout (internal_server_error)


Processing PostsController#show (for 127.0.0.1 at 2009-10-17 10:34:57) [GET]
  Parameters: {"id"=>"2"}
  [4;36;1mPost Load (0.2ms)[0m   [0;1mSELECT * FROM "posts" WHERE ("posts"."id" = 2) [0m
Rendering template within layouts/application
Rendering posts/show
  [4;35;1mComment Load (0.5ms)[0m   [0mSELECT * FROM "comments" WHERE ("comments".post_id = 2) [0m

ActionView::TemplateError (undefined local variable or method `node' for #<ActionView::Base:0xb7160794>) on line #11 of app/views/posts/show.html.haml:
8: %p
9:   %h2
10:     ÐšÐ¾Ð¼Ð¼ÐµÐ½Ñ‚Ð°Ñ€Ð¸Ð¸
11:   =display_tree_recursive(@post.comments) {node.body}

    app/views/posts/show.html.haml:11:in `_run_haml_app47views47posts47show46html46haml'
    app/helpers/application_helper.rb:8:in `display_tree_recursive'
    haml (2.2.2) lib/haml/helpers/action_view_mods.rb:88:in `capture'
    haml (2.2.2) lib/haml/helpers/action_view_mods.rb:106:in `content_tag'
    app/helpers/application_helper.rb:7:in `display_tree_recursive'
    app/helpers/application_helper.rb:5:in `display_tree_recursive'
    haml (2.2.2) lib/haml/helpers/action_view_mods.rb:88:in `capture'
    haml (2.2.2) lib/haml/helpers/action_view_mods.rb:106:in `content_tag'
    app/helpers/application_helper.rb:4:in `display_tree_recursive'
    app/views/posts/show.html.haml:11:in `_run_haml_app47views47posts47show46html46haml'
    haml (2.2.2) lib/haml/helpers/action_view_mods.rb:13:in `render'
    haml (2.2.2) lib/haml/helpers/action_view_mods.rb:13:in `render'
    app/controllers/posts_controller.rb:18:in `show'
    haml (2.2.2) rails/./lib/sass/plugin/rails.rb:19:in `process'

Rendered rescues/_trace (115.0ms)
Rendered rescues/_request_and_response (0.3ms)
Rendering rescues/layout (internal_server_error)


Processing PostsController#show (for 127.0.0.1 at 2009-10-17 10:35:43) [GET]
  Parameters: {"id"=>"2"}
  [4;36;1mPost Load (0.2ms)[0m   [0;1mSELECT * FROM "posts" WHERE ("posts"."id" = 2) [0m
Rendering template within layouts/application
Rendering posts/show
  [4;35;1mComment Load (0.5ms)[0m   [0mSELECT * FROM "comments" WHERE ("comments".post_id = 2) [0m

ActionView::TemplateError (undefined method `comments' for #<Comment:0xb71a7d24>) on line #11 of app/views/posts/show.html.haml:
8: %p
9:   %h2
10:     ÐšÐ¾Ð¼Ð¼ÐµÐ½Ñ‚Ð°Ñ€Ð¸Ð¸
11:   =display_tree_recursive(@post.comments) {|node| node.body}

    app/helpers/application_helper.rb:8:in `display_tree_recursive'
    haml (2.2.2) lib/haml/helpers/action_view_mods.rb:88:in `capture'
    haml (2.2.2) lib/haml/helpers/action_view_mods.rb:106:in `content_tag'
    app/helpers/application_helper.rb:7:in `display_tree_recursive'
    app/helpers/application_helper.rb:5:in `display_tree_recursive'
    haml (2.2.2) lib/haml/helpers/action_view_mods.rb:88:in `capture'
    haml (2.2.2) lib/haml/helpers/action_view_mods.rb:106:in `content_tag'
    app/helpers/application_helper.rb:4:in `display_tree_recursive'
    app/views/posts/show.html.haml:11:in `_run_haml_app47views47posts47show46html46haml'
    haml (2.2.2) lib/haml/helpers/action_view_mods.rb:13:in `render'
    haml (2.2.2) lib/haml/helpers/action_view_mods.rb:13:in `render'
    app/controllers/posts_controller.rb:18:in `show'
    haml (2.2.2) rails/./lib/sass/plugin/rails.rb:19:in `process'

Rendered rescues/_trace (58.3ms)
Rendered rescues/_request_and_response (3.3ms)
Rendering rescues/layout (internal_server_error)


Processing PostsController#show (for 127.0.0.1 at 2009-10-17 10:35:44) [GET]
  Parameters: {"id"=>"2"}
  [4;36;1mPost Load (0.2ms)[0m   [0;1mSELECT * FROM "posts" WHERE ("posts"."id" = 2) [0m
Rendering template within layouts/application
Rendering posts/show
  [4;35;1mComment Load (0.6ms)[0m   [0mSELECT * FROM "comments" WHERE ("comments".post_id = 2) [0m

ActionView::TemplateError (undefined method `comments' for #<Comment:0xb723c118>) on line #11 of app/views/posts/show.html.haml:
8: %p
9:   %h2
10:     ÐšÐ¾Ð¼Ð¼ÐµÐ½Ñ‚Ð°Ñ€Ð¸Ð¸
11:   =display_tree_recursive(@post.comments) {|node| node.body}

    app/helpers/application_helper.rb:8:in `display_tree_recursive'
    haml (2.2.2) lib/haml/helpers/action_view_mods.rb:88:in `capture'
    haml (2.2.2) lib/haml/helpers/action_view_mods.rb:106:in `content_tag'
    app/helpers/application_helper.rb:7:in `display_tree_recursive'
    app/helpers/application_helper.rb:5:in `display_tree_recursive'
    haml (2.2.2) lib/haml/helpers/action_view_mods.rb:88:in `capture'
    haml (2.2.2) lib/haml/helpers/action_view_mods.rb:106:in `content_tag'
    app/helpers/application_helper.rb:4:in `display_tree_recursive'
    app/views/posts/show.html.haml:11:in `_run_haml_app47views47posts47show46html46haml'
    haml (2.2.2) lib/haml/helpers/action_view_mods.rb:13:in `render'
    haml (2.2.2) lib/haml/helpers/action_view_mods.rb:13:in `render'
    app/controllers/posts_controller.rb:18:in `show'
    haml (2.2.2) rails/./lib/sass/plugin/rails.rb:19:in `process'

Rendered rescues/_trace (52.3ms)
Rendered rescues/_request_and_response (0.3ms)
Rendering rescues/layout (internal_server_error)


Processing PostsController#show (for 127.0.0.1 at 2009-10-17 10:37:12) [GET]
  Parameters: {"id"=>"2"}
  [4;36;1mPost Load (0.3ms)[0m   [0;1mSELECT * FROM "posts" WHERE ("posts"."id" = 2) [0m
Rendering template within layouts/application
Rendering posts/show
  [4;35;1mComment Load (0.7ms)[0m   [0mSELECT * FROM "comments" WHERE ("comments".post_id = 2) [0m

ActionView::TemplateError (undefined method `comments' for #<Comment:0xb6f87a94>) on line #11 of app/views/posts/show.html.haml:
8: %p
9:   %h2
10:     ÐšÐ¾Ð¼Ð¼ÐµÐ½Ñ‚Ð°Ñ€Ð¸Ð¸
11:   =display_tree_recursive(@post.comments) {|node| node.body}

    app/helpers/application_helper.rb:8:in `display_tree_recursive'
    haml (2.2.2) lib/haml/helpers/action_view_mods.rb:88:in `capture'
    haml (2.2.2) lib/haml/helpers/action_view_mods.rb:106:in `content_tag'
    app/helpers/application_helper.rb:7:in `display_tree_recursive'
    app/helpers/application_helper.rb:5:in `display_tree_recursive'
    haml (2.2.2) lib/haml/helpers/action_view_mods.rb:88:in `capture'
    haml (2.2.2) lib/haml/helpers/action_view_mods.rb:106:in `content_tag'
    app/helpers/application_helper.rb:4:in `display_tree_recursive'
    app/views/posts/show.html.haml:11:in `_run_haml_app47views47posts47show46html46haml'
    haml (2.2.2) lib/haml/helpers/action_view_mods.rb:13:in `render'
    haml (2.2.2) lib/haml/helpers/action_view_mods.rb:13:in `render'
    app/controllers/posts_controller.rb:18:in `show'
    haml (2.2.2) rails/./lib/sass/plugin/rails.rb:19:in `process'

Rendered rescues/_trace (55.5ms)
Rendered rescues/_request_and_response (0.3ms)
Rendering rescues/layout (internal_server_error)


Processing PostsController#show (for 127.0.0.1 at 2009-10-17 10:37:13) [GET]
  Parameters: {"id"=>"2"}
  [4;36;1mPost Load (0.3ms)[0m   [0;1mSELECT * FROM "posts" WHERE ("posts"."id" = 2) [0m
Rendering template within layouts/application
Rendering posts/show
  [4;35;1mComment Load (0.4ms)[0m   [0mSELECT * FROM "comments" WHERE ("comments".post_id = 2) [0m

ActionView::TemplateError (undefined method `comments' for #<Comment:0xb702bef0>) on line #11 of app/views/posts/show.html.haml:
8: %p
9:   %h2
10:     ÐšÐ¾Ð¼Ð¼ÐµÐ½Ñ‚Ð°Ñ€Ð¸Ð¸
11:   =display_tree_recursive(@post.comments) {|node| node.body}

    app/helpers/application_helper.rb:8:in `display_tree_recursive'
    haml (2.2.2) lib/haml/helpers/action_view_mods.rb:88:in `capture'
    haml (2.2.2) lib/haml/helpers/action_view_mods.rb:106:in `content_tag'
    app/helpers/application_helper.rb:7:in `display_tree_recursive'
    app/helpers/application_helper.rb:5:in `display_tree_recursive'
    haml (2.2.2) lib/haml/helpers/action_view_mods.rb:88:in `capture'
    haml (2.2.2) lib/haml/helpers/action_view_mods.rb:106:in `content_tag'
    app/helpers/application_helper.rb:4:in `display_tree_recursive'
    app/views/posts/show.html.haml:11:in `_run_haml_app47views47posts47show46html46haml'
    haml (2.2.2) lib/haml/helpers/action_view_mods.rb:13:in `render'
    haml (2.2.2) lib/haml/helpers/action_view_mods.rb:13:in `render'
    app/controllers/posts_controller.rb:18:in `show'
    haml (2.2.2) rails/./lib/sass/plugin/rails.rb:19:in `process'

Rendered rescues/_trace (121.7ms)
Rendered rescues/_request_and_response (0.4ms)
Rendering rescues/layout (internal_server_error)


Processing PostsController#show (for 127.0.0.1 at 2009-10-17 10:37:14) [GET]
  Parameters: {"id"=>"2"}
  [4;36;1mPost Load (0.2ms)[0m   [0;1mSELECT * FROM "posts" WHERE ("posts"."id" = 2) [0m
Rendering template within layouts/application
Rendering posts/show
  [4;35;1mComment Load (0.5ms)[0m   [0mSELECT * FROM "comments" WHERE ("comments".post_id = 2) [0m

ActionView::TemplateError (undefined method `comments' for #<Comment:0xb715f254>) on line #11 of app/views/posts/show.html.haml:
8: %p
9:   %h2
10:     ÐšÐ¾Ð¼Ð¼ÐµÐ½Ñ‚Ð°Ñ€Ð¸Ð¸
11:   =display_tree_recursive(@post.comments) {|node| node.body}

    app/helpers/application_helper.rb:8:in `display_tree_recursive'
    haml (2.2.2) lib/haml/helpers/action_view_mods.rb:88:in `capture'
    haml (2.2.2) lib/haml/helpers/action_view_mods.rb:106:in `content_tag'
    app/helpers/application_helper.rb:7:in `display_tree_recursive'
    app/helpers/application_helper.rb:5:in `display_tree_recursive'
    haml (2.2.2) lib/haml/helpers/action_view_mods.rb:88:in `capture'
    haml (2.2.2) lib/haml/helpers/action_view_mods.rb:106:in `content_tag'
    app/helpers/application_helper.rb:4:in `display_tree_recursive'
    app/views/posts/show.html.haml:11:in `_run_haml_app47views47posts47show46html46haml'
    haml (2.2.2) lib/haml/helpers/action_view_mods.rb:13:in `render'
    haml (2.2.2) lib/haml/helpers/action_view_mods.rb:13:in `render'
    app/controllers/posts_controller.rb:18:in `show'
    haml (2.2.2) rails/./lib/sass/plugin/rails.rb:19:in `process'

Rendered rescues/_trace (110.1ms)
Rendered rescues/_request_and_response (0.3ms)
Rendering rescues/layout (internal_server_error)


Processing PostsController#show (for 127.0.0.1 at 2009-10-17 10:37:18) [GET]
  Parameters: {"id"=>"2"}
  [4;36;1mPost Load (0.2ms)[0m   [0;1mSELECT * FROM "posts" WHERE ("posts"."id" = 2) [0m
Rendering template within layouts/application
Rendering posts/show
  [4;35;1mComment Load (0.5ms)[0m   [0mSELECT * FROM "comments" WHERE ("comments".post_id = 2) [0m
  [4;36;1mSQL (0.0ms)[0m   [0;1mSQLite3::SQLException: no such column: comments.comment_id: SELECT count(*) AS count_all FROM "comments" WHERE ("comments".comment_id = 2) [0m

ActionView::TemplateError (SQLite3::SQLException: no such column: comments.comment_id: SELECT count(*) AS count_all FROM "comments" WHERE ("comments".comment_id = 2) ) on line #11 of app/views/posts/show.html.haml:
8: %p
9:   %h2
10:     ÐšÐ¾Ð¼Ð¼ÐµÐ½Ñ‚Ð°Ñ€Ð¸Ð¸
11:   =display_tree_recursive(@post.comments) {|node| node.body}

    app/helpers/application_helper.rb:8:in `display_tree_recursive'
    haml (2.2.2) lib/haml/helpers/action_view_mods.rb:88:in `capture'
    haml (2.2.2) lib/haml/helpers/action_view_mods.rb:106:in `content_tag'
    app/helpers/application_helper.rb:7:in `display_tree_recursive'
    app/helpers/application_helper.rb:5:in `display_tree_recursive'
    haml (2.2.2) lib/haml/helpers/action_view_mods.rb:88:in `capture'
    haml (2.2.2) lib/haml/helpers/action_view_mods.rb:106:in `content_tag'
    app/helpers/application_helper.rb:4:in `display_tree_recursive'
    app/views/posts/show.html.haml:11:in `_run_haml_app47views47posts47show46html46haml'
    haml (2.2.2) lib/haml/helpers/action_view_mods.rb:13:in `render'
    haml (2.2.2) lib/haml/helpers/action_view_mods.rb:13:in `render'
    app/controllers/posts_controller.rb:18:in `show'
    haml (2.2.2) rails/./lib/sass/plugin/rails.rb:19:in `process'

Rendered rescues/_trace (61.2ms)
Rendered rescues/_request_and_response (0.3ms)
Rendering rescues/layout (internal_server_error)


Processing PostsController#show (for 127.0.0.1 at 2009-10-17 10:37:19) [GET]
  Parameters: {"id"=>"2"}
  [4;35;1mPost Load (0.2ms)[0m   [0mSELECT * FROM "posts" WHERE ("posts"."id" = 2) [0m
Rendering template within layouts/application
Rendering posts/show
  [4;36;1mComment Load (0.5ms)[0m   [0;1mSELECT * FROM "comments" WHERE ("comments".post_id = 2) [0m
  [4;35;1mSQL (0.0ms)[0m   [0mSQLite3::SQLException: no such column: comments.comment_id: SELECT count(*) AS count_all FROM "comments" WHERE ("comments".comment_id = 2) [0m

ActionView::TemplateError (SQLite3::SQLException: no such column: comments.comment_id: SELECT count(*) AS count_all FROM "comments" WHERE ("comments".comment_id = 2) ) on line #11 of app/views/posts/show.html.haml:
8: %p
9:   %h2
10:     ÐšÐ¾Ð¼Ð¼ÐµÐ½Ñ‚Ð°Ñ€Ð¸Ð¸
11:   =display_tree_recursive(@post.comments) {|node| node.body}

    app/helpers/application_helper.rb:8:in `display_tree_recursive'
    haml (2.2.2) lib/haml/helpers/action_view_mods.rb:88:in `capture'
    haml (2.2.2) lib/haml/helpers/action_view_mods.rb:106:in `content_tag'
    app/helpers/application_helper.rb:7:in `display_tree_recursive'
    app/helpers/application_helper.rb:5:in `display_tree_recursive'
    haml (2.2.2) lib/haml/helpers/action_view_mods.rb:88:in `capture'
    haml (2.2.2) lib/haml/helpers/action_view_mods.rb:106:in `content_tag'
    app/helpers/application_helper.rb:4:in `display_tree_recursive'
    app/views/posts/show.html.haml:11:in `_run_haml_app47views47posts47show46html46haml'
    haml (2.2.2) lib/haml/helpers/action_view_mods.rb:13:in `render'
    haml (2.2.2) lib/haml/helpers/action_view_mods.rb:13:in `render'
    app/controllers/posts_controller.rb:18:in `show'
    haml (2.2.2) rails/./lib/sass/plugin/rails.rb:19:in `process'

Rendered rescues/_trace (60.8ms)
Rendered rescues/_request_and_response (0.3ms)
Rendering rescues/layout (internal_server_error)


Processing PostsController#show (for 127.0.0.1 at 2009-10-17 10:37:31) [GET]
  Parameters: {"id"=>"2"}
  [4;36;1mPost Load (0.3ms)[0m   [0;1mSELECT * FROM "posts" WHERE ("posts"."id" = 2) [0m
Rendering template within layouts/application
Rendering posts/show
  [4;35;1mComment Load (0.4ms)[0m   [0mSELECT * FROM "comments" WHERE ("comments".post_id = 2) [0m
  [4;36;1mSQL (0.3ms)[0m   [0;1mSELECT count(*) AS count_all FROM "comments" WHERE ("comments".parent_comment_id = 2) [0m
  [4;35;1mSQL (0.2ms)[0m   [0mSELECT count(*) AS count_all FROM "comments" WHERE ("comments".parent_comment_id = 1) [0m
  [4;36;1mSQL (0.2ms)[0m   [0;1mSELECT count(*) AS count_all FROM "comments" WHERE ("comments".parent_comment_id = 3) [0m
Rendered shared/_header (0.1ms)
Rendered shared/_footer (0.1ms)
Completed in 83ms (View: 76, DB: 1) | 200 OK [http://localhost/posts/2]


Processing PostsController#show (for 127.0.0.1 at 2009-10-17 10:37:33) [GET]
  Parameters: {"id"=>"2"}
  [4;35;1mPost Load (0.2ms)[0m   [0mSELECT * FROM "posts" WHERE ("posts"."id" = 2) [0m
Rendering template within layouts/application
Rendering posts/show
  [4;36;1mComment Load (0.5ms)[0m   [0;1mSELECT * FROM "comments" WHERE ("comments".post_id = 2) [0m
  [4;35;1mSQL (0.2ms)[0m   [0mSELECT count(*) AS count_all FROM "comments" WHERE ("comments".parent_comment_id = 2) [0m
  [4;36;1mSQL (0.2ms)[0m   [0;1mSELECT count(*) AS count_all FROM "comments" WHERE ("comments".parent_comment_id = 1) [0m
  [4;35;1mSQL (0.1ms)[0m   [0mSELECT count(*) AS count_all FROM "comments" WHERE ("comments".parent_comment_id = 3) [0m
Rendered shared/_header (0.1ms)
Rendered shared/_footer (0.1ms)
Completed in 20ms (View: 13, DB: 1) | 200 OK [http://localhost/posts/2]


Processing PostsController#show (for 127.0.0.1 at 2009-10-17 10:37:34) [GET]
  Parameters: {"id"=>"2"}
  [4;36;1mPost Load (0.3ms)[0m   [0;1mSELECT * FROM "posts" WHERE ("posts"."id" = 2) [0m
Rendering template within layouts/application
Rendering posts/show
  [4;35;1mComment Load (0.4ms)[0m   [0mSELECT * FROM "comments" WHERE ("comments".post_id = 2) [0m
  [4;36;1mSQL (0.2ms)[0m   [0;1mSELECT count(*) AS count_all FROM "comments" WHERE ("comments".parent_comment_id = 2) [0m
  [4;35;1mSQL (0.2ms)[0m   [0mSELECT count(*) AS count_all FROM "comments" WHERE ("comments".parent_comment_id = 1) [0m
  [4;36;1mSQL (0.2ms)[0m   [0;1mSELECT count(*) AS count_all FROM "comments" WHERE ("comments".parent_comment_id = 3) [0m
Rendered shared/_header (0.1ms)
Rendered shared/_footer (0.1ms)
Completed in 19ms (View: 12, DB: 1) | 200 OK [http://localhost/posts/2]


Processing PostsController#show (for 127.0.0.1 at 2009-10-17 10:37:35) [GET]
  Parameters: {"id"=>"2"}
  [4;35;1mPost Load (0.3ms)[0m   [0mSELECT * FROM "posts" WHERE ("posts"."id" = 2) [0m
Rendering template within layouts/application
Rendering posts/show
  [4;36;1mComment Load (0.4ms)[0m   [0;1mSELECT * FROM "comments" WHERE ("comments".post_id = 2) [0m
  [4;35;1mSQL (0.2ms)[0m   [0mSELECT count(*) AS count_all FROM "comments" WHERE ("comments".parent_comment_id = 2) [0m
  [4;36;1mSQL (0.2ms)[0m   [0;1mSELECT count(*) AS count_all FROM "comments" WHERE ("comments".parent_comment_id = 1) [0m
  [4;35;1mSQL (0.1ms)[0m   [0mSELECT count(*) AS count_all FROM "comments" WHERE ("comments".parent_comment_id = 3) [0m
Rendered shared/_header (0.1ms)
Rendered shared/_footer (0.1ms)
Completed in 18ms (View: 11, DB: 1) | 200 OK [http://localhost/posts/2]


Processing PostsController#show (for 127.0.0.1 at 2009-10-17 10:39:38) [GET]
  Parameters: {"id"=>"2"}
  [4;36;1mPost Load (0.3ms)[0m   [0;1mSELECT * FROM "posts" WHERE ("posts"."id" = 2) [0m
Rendering template within layouts/application
Rendering posts/show
  [4;35;1mComment Load (0.4ms)[0m   [0mSELECT * FROM "comments" WHERE ("comments".post_id = 2) [0m
Rendered comments/_show (0.2ms)
  [4;36;1mSQL (0.2ms)[0m   [0;1mSELECT count(*) AS count_all FROM "comments" WHERE ("comments".parent_comment_id = 2) [0m
Rendered comments/_show (0.1ms)
  [4;35;1mSQL (0.2ms)[0m   [0mSELECT count(*) AS count_all FROM "comments" WHERE ("comments".parent_comment_id = 1) [0m
Rendered comments/_show (0.3ms)
  [4;36;1mSQL (0.2ms)[0m   [0;1mSELECT count(*) AS count_all FROM "comments" WHERE ("comments".parent_comment_id = 3) [0m
Rendered shared/_header (0.1ms)
Rendered shared/_footer (0.1ms)
Completed in 71ms (View: 64, DB: 1) | 200 OK [http://localhost/posts/2]


Processing PostsController#show (for 127.0.0.1 at 2009-10-17 10:39:39) [GET]
  Parameters: {"id"=>"2"}
  [4;35;1mPost Load (0.2ms)[0m   [0mSELECT * FROM "posts" WHERE ("posts"."id" = 2) [0m
Rendering template within layouts/application
Rendering posts/show
  [4;36;1mComment Load (0.4ms)[0m   [0;1mSELECT * FROM "comments" WHERE ("comments".post_id = 2) [0m
Rendered comments/_show (0.1ms)
  [4;35;1mSQL (0.4ms)[0m   [0mSELECT count(*) AS count_all FROM "comments" WHERE ("comments".parent_comment_id = 2) [0m
Rendered comments/_show (0.1ms)
  [4;36;1mSQL (0.2ms)[0m   [0;1mSELECT count(*) AS count_all FROM "comments" WHERE ("comments".parent_comment_id = 1) [0m
Rendered comments/_show (0.1ms)
  [4;35;1mSQL (0.1ms)[0m   [0mSELECT count(*) AS count_all FROM "comments" WHERE ("comments".parent_comment_id = 3) [0m
Rendered shared/_header (0.1ms)
Rendered shared/_footer (0.1ms)
Completed in 22ms (View: 14, DB: 1) | 200 OK [http://localhost/posts/2]


Processing PostsController#show (for 127.0.0.1 at 2009-10-17 10:39:39) [GET]
  Parameters: {"id"=>"2"}
  [4;36;1mPost Load (0.2ms)[0m   [0;1mSELECT * FROM "posts" WHERE ("posts"."id" = 2) [0m
Rendering template within layouts/application
Rendering posts/show
  [4;35;1mComment Load (0.5ms)[0m   [0mSELECT * FROM "comments" WHERE ("comments".post_id = 2) [0m
Rendered comments/_show (0.2ms)
  [4;36;1mSQL (0.2ms)[0m   [0;1mSELECT count(*) AS count_all FROM "comments" WHERE ("comments".parent_comment_id = 2) [0m
Rendered comments/_show (0.1ms)
  [4;35;1mSQL (0.2ms)[0m   [0mSELECT count(*) AS count_all FROM "comments" WHERE ("comments".parent_comment_id = 1) [0m
Rendered comments/_show (0.1ms)
  [4;36;1mSQL (0.1ms)[0m   [0;1mSELECT count(*) AS count_all FROM "comments" WHERE ("comments".parent_comment_id = 3) [0m
Rendered shared/_header (0.1ms)
Rendered shared/_footer (0.1ms)
Completed in 22ms (View: 14, DB: 1) | 200 OK [http://localhost/posts/2]


Processing PostsController#show (for 127.0.0.1 at 2009-10-17 10:39:40) [GET]
  Parameters: {"id"=>"2"}
  [4;35;1mPost Load (0.2ms)[0m   [0mSELECT * FROM "posts" WHERE ("posts"."id" = 2) [0m
Rendering template within layouts/application
Rendering posts/show
  [4;36;1mComment Load (0.5ms)[0m   [0;1mSELECT * FROM "comments" WHERE ("comments".post_id = 2) [0m
Rendered comments/_show (0.1ms)
  [4;35;1mSQL (0.2ms)[0m   [0mSELECT count(*) AS count_all FROM "comments" WHERE ("comments".parent_comment_id = 2) [0m
Rendered comments/_show (0.1ms)
  [4;36;1mSQL (0.2ms)[0m   [0;1mSELECT count(*) AS count_all FROM "comments" WHERE ("comments".parent_comment_id = 1) [0m
Rendered comments/_show (0.1ms)
  [4;35;1mSQL (0.2ms)[0m   [0mSELECT count(*) AS count_all FROM "comments" WHERE ("comments".parent_comment_id = 3) [0m
Rendered shared/_header (0.1ms)
Rendered shared/_footer (0.1ms)
Completed in 22ms (View: 15, DB: 1) | 200 OK [http://localhost/posts/2]


Processing PostsController#show (for 127.0.0.1 at 2009-10-17 10:39:40) [GET]
  Parameters: {"id"=>"2"}
  [4;36;1mPost Load (0.3ms)[0m   [0;1mSELECT * FROM "posts" WHERE ("posts"."id" = 2) [0m
Rendering template within layouts/application
Rendering posts/show
  [4;35;1mComment Load (0.4ms)[0m   [0mSELECT * FROM "comments" WHERE ("comments".post_id = 2) [0m
Rendered comments/_show (0.1ms)
  [4;36;1mSQL (0.2ms)[0m   [0;1mSELECT count(*) AS count_all FROM "comments" WHERE ("comments".parent_comment_id = 2) [0m
Rendered comments/_show (0.1ms)
  [4;35;1mSQL (0.2ms)[0m   [0mSELECT count(*) AS count_all FROM "comments" WHERE ("comments".parent_comment_id = 1) [0m
Rendered comments/_show (6.8ms)
  [4;36;1mSQL (0.2ms)[0m   [0;1mSELECT count(*) AS count_all FROM "comments" WHERE ("comments".parent_comment_id = 3) [0m
Rendered shared/_header (0.1ms)
Rendered shared/_footer (0.1ms)
Completed in 70ms (View: 63, DB: 1) | 200 OK [http://localhost/posts/2]


Processing PostsController#show (for 127.0.0.1 at 2009-10-17 10:39:40) [GET]
  Parameters: {"id"=>"2"}
  [4;35;1mPost Load (0.3ms)[0m   [0mSELECT * FROM "posts" WHERE ("posts"."id" = 2) [0m
Rendering template within layouts/application
Rendering posts/show
  [4;36;1mComment Load (0.5ms)[0m   [0;1mSELECT * FROM "comments" WHERE ("comments".post_id = 2) [0m
Rendered comments/_show (0.1ms)
  [4;35;1mSQL (0.2ms)[0m   [0mSELECT count(*) AS count_all FROM "comments" WHERE ("comments".parent_comment_id = 2) [0m
Rendered comments/_show (0.1ms)
  [4;36;1mSQL (0.2ms)[0m   [0;1mSELECT count(*) AS count_all FROM "comments" WHERE ("comments".parent_comment_id = 1) [0m
Rendered comments/_show (0.1ms)
  [4;35;1mSQL (0.2ms)[0m   [0mSELECT count(*) AS count_all FROM "comments" WHERE ("comments".parent_comment_id = 3) [0m
Rendered shared/_header (0.1ms)
Rendered shared/_footer (0.1ms)
Completed in 23ms (View: 16, DB: 1) | 200 OK [http://localhost/posts/2]


Processing PostsController#show (for 127.0.0.1 at 2009-10-17 10:39:40) [GET]
  Parameters: {"id"=>"2"}
  [4;36;1mPost Load (0.2ms)[0m   [0;1mSELECT * FROM "posts" WHERE ("posts"."id" = 2) [0m
Rendering template within layouts/application
Rendering posts/show
  [4;35;1mComment Load (0.5ms)[0m   [0mSELECT * FROM "comments" WHERE ("comments".post_id = 2) [0m
Rendered comments/_show (0.1ms)
  [4;36;1mSQL (0.2ms)[0m   [0;1mSELECT count(*) AS count_all FROM "comments" WHERE ("comments".parent_comment_id = 2) [0m
Rendered comments/_show (0.1ms)
  [4;35;1mSQL (0.1ms)[0m   [0mSELECT count(*) AS count_all FROM "comments" WHERE ("comments".parent_comment_id = 1) [0m
Rendered comments/_show (0.1ms)
  [4;36;1mSQL (0.2ms)[0m   [0;1mSELECT count(*) AS count_all FROM "comments" WHERE ("comments".parent_comment_id = 3) [0m
Rendered shared/_header (0.1ms)
Rendered shared/_footer (0.1ms)
Completed in 36ms (View: 13, DB: 1) | 200 OK [http://localhost/posts/2]


Processing PostsController#show (for 127.0.0.1 at 2009-10-17 10:40:20) [GET]
  Parameters: {"id"=>"2"}
  [4;35;1mPost Load (0.6ms)[0m   [0mSELECT * FROM "posts" WHERE ("posts"."id" = 2) [0m
Rendering template within layouts/application
Rendering posts/show
  [4;36;1mComment Load (0.4ms)[0m   [0;1mSELECT * FROM "comments" WHERE ("comments".post_id = 2) [0m
Rendered comments/_show (1.0ms)
  [4;35;1mSQL (0.2ms)[0m   [0mSELECT count(*) AS count_all FROM "comments" WHERE ("comments".parent_comment_id = 2) [0m
Rendered comments/_show (0.1ms)
  [4;36;1mSQL (0.1ms)[0m   [0;1mSELECT count(*) AS count_all FROM "comments" WHERE ("comments".parent_comment_id = 1) [0m
Rendered comments/_show (0.1ms)
  [4;35;1mSQL (0.1ms)[0m   [0mSELECT count(*) AS count_all FROM "comments" WHERE ("comments".parent_comment_id = 3) [0m
Rendered shared/_header (0.1ms)
Rendered shared/_footer (0.1ms)
Completed in 24ms (View: 16, DB: 1) | 200 OK [http://localhost/posts/2]


Processing PostsController#show (for 127.0.0.1 at 2009-10-17 10:40:29) [GET]
  Parameters: {"id"=>"2"}
  [4;36;1mPost Load (0.3ms)[0m   [0;1mSELECT * FROM "posts" WHERE ("posts"."id" = 2) [0m
Rendering template within layouts/application
Rendering posts/show
  [4;35;1mComment Load (0.4ms)[0m   [0mSELECT * FROM "comments" WHERE ("comments".post_id = 2) [0m
Rendered comments/_show (0.9ms)
  [4;36;1mSQL (0.2ms)[0m   [0;1mSELECT count(*) AS count_all FROM "comments" WHERE ("comments".parent_comment_id = 2) [0m
Rendered comments/_show (0.1ms)
  [4;35;1mSQL (0.2ms)[0m   [0mSELECT count(*) AS count_all FROM "comments" WHERE ("comments".parent_comment_id = 1) [0m
Rendered comments/_show (0.1ms)
  [4;36;1mSQL (0.3ms)[0m   [0;1mSELECT count(*) AS count_all FROM "comments" WHERE ("comments".parent_comment_id = 3) [0m
Rendered shared/_header (0.1ms)
Rendered shared/_footer (0.1ms)
Completed in 80ms (View: 72, DB: 2) | 200 OK [http://localhost/posts/2]


Processing PostsController#show (for 127.0.0.1 at 2009-10-17 10:41:09) [GET]
  Parameters: {"id"=>"2"}
  [4;35;1mPost Load (0.3ms)[0m   [0mSELECT * FROM "posts" WHERE ("posts"."id" = 2) [0m
Rendering template within layouts/application
Rendering posts/show
  [4;36;1mComment Load (0.4ms)[0m   [0;1mSELECT * FROM "comments" WHERE ("comments".post_id = 2) [0m
Rendered comments/_show (0.1ms)
  [4;35;1mSQL (0.2ms)[0m   [0mSELECT count(*) AS count_all FROM "comments" WHERE ("comments".parent_comment_id = 2) [0m
Rendered comments/_show (0.1ms)
  [4;36;1mSQL (0.4ms)[0m   [0;1mSELECT count(*) AS count_all FROM "comments" WHERE ("comments".parent_comment_id = 1) [0m
Rendered comments/_show (0.1ms)
  [4;35;1mSQL (0.2ms)[0m   [0mSELECT count(*) AS count_all FROM "comments" WHERE ("comments".parent_comment_id = 3) [0m
Rendered shared/_header (0.1ms)
Rendered shared/_footer (0.1ms)
Completed in 21ms (View: 13, DB: 2) | 200 OK [http://localhost/posts/2]


Processing PostsController#show (for 127.0.0.1 at 2009-10-17 10:41:33) [GET]
  Parameters: {"id"=>"2"}
  [4;36;1mPost Load (0.3ms)[0m   [0;1mSELECT * FROM "posts" WHERE ("posts"."id" = 2) [0m
Rendering template within layouts/application
Rendering posts/show
  [4;35;1mComment Load (0.4ms)[0m   [0mSELECT * FROM "comments" WHERE ("comments".post_id = 2) [0m
Rendered comments/_show (1.0ms)
  [4;36;1mSQL (0.2ms)[0m   [0;1mSELECT count(*) AS count_all FROM "comments" WHERE ("comments".parent_comment_id = 2) [0m
Rendered comments/_show (0.1ms)
  [4;35;1mSQL (0.2ms)[0m   [0mSELECT count(*) AS count_all FROM "comments" WHERE ("comments".parent_comment_id = 1) [0m
Rendered comments/_show (0.1ms)
  [4;36;1mSQL (0.2ms)[0m   [0;1mSELECT count(*) AS count_all FROM "comments" WHERE ("comments".parent_comment_id = 3) [0m
Rendered shared/_header (0.1ms)
Rendered shared/_footer (0.1ms)
Completed in 24ms (View: 17, DB: 1) | 200 OK [http://localhost/posts/2]
  [4;36;1mPost Create (0.4ms)[0m   [0;1mINSERT INTO "posts" ("permalink", "created_at", "title", "body", "updated_at", "status", "announcement") VALUES('welcome', '2009-10-17 06:42:25', 'Welcome!', 'It is your first post in RBlog it, doesn''t have an announcement, so you can see it all.', '2009-10-17 06:42:25', 'published', NULL)[0m
  [4;36;1mPost Create (0.4ms)[0m   [0;1mINSERT INTO "posts" ("permalink", "created_at", "title", "body", "updated_at", "status", "announcement") VALUES('welcome', '2009-10-17 06:44:12', 'Welcome!', 'It is your first post in RBlog it, doesn''t have an announcement, so you can see it all.', '2009-10-17 06:44:12', 'published', NULL)[0m
  [4;36;1mPost Create (0.4ms)[0m   [0;1mINSERT INTO "posts" ("permalink", "created_at", "title", "body", "updated_at", "status", "announcement") VALUES('welcome', '2009-10-17 06:44:42', 'Welcome!', 'It is your first post in RBlog it, doesn''t have an announcement, so you can see it all.', '2009-10-17 06:44:42', 'published', NULL)[0m
  [4;36;1mPost Create (0.4ms)[0m   [0;1mINSERT INTO "posts" ("permalink", "created_at", "title", "body", "updated_at", "status", "announcement") VALUES('welcome', '2009-10-17 06:45:43', 'Welcome!', 'It is your first post in RBlog it, doesn''t have an announcement, so you can see it all.', '2009-10-17 06:45:43', 'published', NULL)[0m
  [4;35;1mComment Create (0.2ms)[0m   [0mINSERT INTO "comments" ("commenter_email", "created_at", "body", "updated_at", "post_id", "parent_comment_id", "commenter_name") VALUES('igor.alexandrov@gmail.com', '2009-10-17 06:45:43', 'First comment', '2009-10-17 06:45:43', 6, NULL, 'Igor Alexandrov')[0m
  [4;36;1mComment Create (0.2ms)[0m   [0;1mINSERT INTO "comments" ("commenter_email", "created_at", "body", "updated_at", "post_id", "parent_comment_id", "commenter_name") VALUES('igor.alexandrov@gmail.com', '2009-10-17 06:45:43', 'First comment', '2009-10-17 06:45:43', 6, 4, 'Igor Alexandrov')[0m
  [4;35;1mComment Create (0.3ms)[0m   [0mINSERT INTO "comments" ("commenter_email", "created_at", "body", "updated_at", "post_id", "parent_comment_id", "commenter_name") VALUES('igor.alexandrov@gmail.com', '2009-10-17 06:45:44', 'First comment', '2009-10-17 06:45:44', 6, NULL, 'Igor Alexandrov')[0m
  [4;36;1mComment Load (0.8ms)[0m   [0;1mSELECT * FROM "comments" [0m
  [4;35;1mComment Destroy (0.4ms)[0m   [0mDELETE FROM "comments" WHERE "id" = 4[0m
  [4;36;1mComment Destroy (0.2ms)[0m   [0;1mDELETE FROM "comments" WHERE "id" = 5[0m
  [4;35;1mComment Destroy (0.1ms)[0m   [0mDELETE FROM "comments" WHERE "id" = 6[0m
  [4;36;1mPost Create (0.4ms)[0m   [0;1mINSERT INTO "posts" ("permalink", "created_at", "title", "body", "updated_at", "status", "announcement") VALUES('welcome', '2009-10-17 06:47:04', 'Welcome!', 'It is your first post in RBlog it, doesn''t have an announcement, so you can see it all.', '2009-10-17 06:47:04', 'published', NULL)[0m
  [4;35;1mComment Create (0.2ms)[0m   [0mINSERT INTO "comments" ("commenter_email", "created_at", "body", "updated_at", "post_id", "parent_comment_id", "commenter_name") VALUES('igor.alexandrov@gmail.com', '2009-10-17 06:47:04', 'First comment', '2009-10-17 06:47:04', 7, NULL, 'Igor Alexandrov')[0m
  [4;36;1mComment Create (0.2ms)[0m   [0;1mINSERT INTO "comments" ("commenter_email", "created_at", "body", "updated_at", "post_id", "parent_comment_id", "commenter_name") VALUES('igor.alexandrov@gmail.com', '2009-10-17 06:47:04', 'First comment', '2009-10-17 06:47:04', 7, 7, 'Igor Alexandrov')[0m
  [4;35;1mComment Create (0.3ms)[0m   [0mINSERT INTO "comments" ("commenter_email", "created_at", "body", "updated_at", "post_id", "parent_comment_id", "commenter_name") VALUES('igor.alexandrov@gmail.com', '2009-10-17 06:47:04', 'First comment', '2009-10-17 06:47:04', 7, NULL, 'Igor Alexandrov')[0m
  [4;36;1mPost Load (0.9ms)[0m   [0;1mSELECT * FROM "posts" [0m
  [4;35;1mPost Destroy (0.3ms)[0m   [0mDELETE FROM "posts" WHERE "id" = 3[0m
  [4;36;1mPost Destroy (0.2ms)[0m   [0;1mDELETE FROM "posts" WHERE "id" = 4[0m
  [4;35;1mPost Destroy (0.1ms)[0m   [0mDELETE FROM "posts" WHERE "id" = 5[0m
  [4;36;1mPost Destroy (0.1ms)[0m   [0;1mDELETE FROM "posts" WHERE "id" = 6[0m
  [4;35;1mPost Destroy (0.1ms)[0m   [0mDELETE FROM "posts" WHERE "id" = 7[0m
  [4;36;1mComment Load (0.4ms)[0m   [0;1mSELECT * FROM "comments" [0m
  [4;35;1mComment Destroy (0.1ms)[0m   [0mDELETE FROM "comments" WHERE "id" = 7[0m
  [4;36;1mComment Destroy (0.2ms)[0m   [0;1mDELETE FROM "comments" WHERE "id" = 8[0m
  [4;35;1mComment Destroy (0.2ms)[0m   [0mDELETE FROM "comments" WHERE "id" = 9[0m
  [4;36;1mPost Create (0.2ms)[0m   [0;1mINSERT INTO "posts" ("permalink", "created_at", "title", "body", "updated_at", "status", "announcement") VALUES('welcome', '2009-10-17 06:47:41', 'Welcome!', 'It is your first post in RBlog it, doesn''t have an announcement, so you can see it all.', '2009-10-17 06:47:41', 'published', NULL)[0m
  [4;35;1mComment Create (9.5ms)[0m   [0mINSERT INTO "comments" ("commenter_email", "created_at", "body", "updated_at", "post_id", "parent_comment_id", "commenter_name") VALUES('igor.alexandrov@gmail.com', '2009-10-17 06:47:41', 'First comment', '2009-10-17 06:47:41', 8, NULL, 'Igor Alexandrov')[0m
  [4;36;1mComment Create (0.2ms)[0m   [0;1mINSERT INTO "comments" ("commenter_email", "created_at", "body", "updated_at", "post_id", "parent_comment_id", "commenter_name") VALUES('igor.alexandrov@gmail.com', '2009-10-17 06:47:41', 'First comment', '2009-10-17 06:47:41', 8, 10, 'Igor Alexandrov')[0m
  [4;35;1mComment Create (0.2ms)[0m   [0mINSERT INTO "comments" ("commenter_email", "created_at", "body", "updated_at", "post_id", "parent_comment_id", "commenter_name") VALUES('igor.alexandrov@gmail.com', '2009-10-17 06:47:41', 'First comment', '2009-10-17 06:47:41', 8, NULL, 'Igor Alexandrov')[0m


Processing HomeController#index (for 127.0.0.1 at 2009-10-17 10:47:55) [GET]
  [4;36;1mPost Load (0.2ms)[0m   [0;1mSELECT * FROM "posts" WHERE ("posts"."status" = 'published') [0m
Rendering template within layouts/application
Rendering home/index
Rendered shared/_header (0.8ms)
Rendered shared/_footer (0.6ms)
Completed in 121ms (View: 110, DB: 0) | 200 OK [http://localhost/]


Processing PostsController#show (for 127.0.0.1 at 2009-10-17 10:47:56) [GET]
  Parameters: {"id"=>"8"}
  [4;35;1mPost Load (0.2ms)[0m   [0mSELECT * FROM "posts" WHERE ("posts"."id" = 8) [0m
Rendering template within layouts/application
Rendering posts/show
  [4;36;1mComment Load (0.5ms)[0m   [0;1mSELECT * FROM "comments" WHERE ("comments".post_id = 8) [0m
Rendered comments/_show (0.9ms)
  [4;35;1mSQL (0.3ms)[0m   [0mSELECT count(*) AS count_all FROM "comments" WHERE ("comments".parent_comment_id = 10) [0m
Rendered comments/_show (0.1ms)
  [4;36;1mSQL (0.2ms)[0m   [0;1mSELECT count(*) AS count_all FROM "comments" WHERE ("comments".parent_comment_id = 11) [0m
Rendered comments/_show (0.1ms)
  [4;35;1mSQL (0.2ms)[0m   [0mSELECT count(*) AS count_all FROM "comments" WHERE ("comments".parent_comment_id = 12) [0m
Rendered shared/_header (0.1ms)
Rendered shared/_footer (0.1ms)
Completed in 39ms (View: 32, DB: 1) | 200 OK [http://localhost/posts/8]


Processing HomeController#index (for 127.0.0.1 at 2009-10-17 10:48:20) [GET]
  [4;36;1mPost Load (0.3ms)[0m   [0;1mSELECT * FROM "posts" WHERE ("posts"."status" = 'published') [0m
Rendering template within layouts/application
Rendering home/index
Rendered shared/_header (0.1ms)
Rendered shared/_footer (0.1ms)
Completed in 9ms (View: 4, DB: 0) | 200 OK [http://localhost/]


Processing PostsController#show (for 127.0.0.1 at 2009-10-17 10:48:22) [GET]
  Parameters: {"id"=>"8"}
  [4;35;1mPost Load (0.2ms)[0m   [0mSELECT * FROM "posts" WHERE ("posts"."id" = 8) [0m
Rendering template within layouts/application
Rendering posts/show
  [4;36;1mComment Load (0.5ms)[0m   [0;1mSELECT * FROM "comments" WHERE ("comments".post_id = 8) [0m
Rendered comments/_show (0.2ms)
  [4;35;1mSQL (0.2ms)[0m   [0mSELECT count(*) AS count_all FROM "comments" WHERE ("comments".parent_comment_id = 10) [0m
Rendered comments/_show (0.1ms)
  [4;36;1mSQL (0.2ms)[0m   [0;1mSELECT count(*) AS count_all FROM "comments" WHERE ("comments".parent_comment_id = 11) [0m
Rendered comments/_show (0.1ms)
  [4;35;1mSQL (0.1ms)[0m   [0mSELECT count(*) AS count_all FROM "comments" WHERE ("comments".parent_comment_id = 12) [0m
Rendered shared/_header (0.1ms)
Rendered shared/_footer (0.1ms)
Completed in 20ms (View: 14, DB: 1) | 200 OK [http://localhost/posts/8]


Processing PostsController#show (for 127.0.0.1 at 2009-10-17 10:48:24) [GET]
  Parameters: {"id"=>"8"}
  [4;36;1mPost Load (0.2ms)[0m   [0;1mSELECT * FROM "posts" WHERE ("posts"."id" = 8) [0m
Rendering template within layouts/application
Rendering posts/show
  [4;35;1mComment Load (0.5ms)[0m   [0mSELECT * FROM "comments" WHERE ("comments".post_id = 8) [0m
Rendered comments/_show (0.1ms)
  [4;36;1mSQL (0.2ms)[0m   [0;1mSELECT count(*) AS count_all FROM "comments" WHERE ("comments".parent_comment_id = 10) [0m
Rendered comments/_show (0.1ms)
  [4;35;1mSQL (0.2ms)[0m   [0mSELECT count(*) AS count_all FROM "comments" WHERE ("comments".parent_comment_id = 11) [0m
Rendered comments/_show (0.1ms)
  [4;36;1mSQL (0.2ms)[0m   [0;1mSELECT count(*) AS count_all FROM "comments" WHERE ("comments".parent_comment_id = 12) [0m
Rendered shared/_header (0.1ms)
Rendered shared/_footer (0.1ms)
Completed in 75ms (View: 68, DB: 1) | 200 OK [http://localhost/posts/8]
